# JRE version: Java(TM) SE Runtime Environment (17.0.11+7) (build 17.0.11+7-LTS-207)
# Java VM: Java HotSpot(TM) 64-Bit Server VM (17.0.11+7-LTS-207, mixed mode, sharing, tiered, compressed oops, compressed class ptrs, g1 gc, windows-amd64)
GC Precious Log:
 CPUs: 16 total, 16 available
 Memory: 15752M
 Large Page Support: Disabled
 NUMA Support: Disabled
 Compressed Oops: Enabled (Zero based)
 Heap Region Size: 2M
 Heap Min Capacity: 8M
 Heap Initial Capacity: 248M
 Heap Max Capacity: 3940M
 Pre-touch: Disabled
 Parallel Workers: 13
 Concurrent Workers: 3
 Concurrent Refinement Workers: 13
 Periodic GC: Disabled
Heap:
 garbage-first heap   total 141312K, used 58409K [0x0000000709c00000, 0x0000000800000000)
  region size 2048K, 11 young (22528K), 1 survivors (2048K)
 Metaspace       used 91258K, committed 91968K, reserved 1179648K
  class space    used 11614K, committed 11968K, reserved 1048576K
GC Heap History (20 events):
Event: 7.129 GC heap before
{Heap before GC invocations=27 (full 0):
 garbage-first heap   total 65536K, used 49863K [0x0000000709c00000, 0x0000000800000000)
  region size 2048K, 10 young (20480K), 2 survivors (4096K)
 Metaspace       used 71691K, committed 72256K, reserved 1114112K
  class space    used 9508K, committed 9792K, reserved 1048576K
}
Event: 7.132 GC heap after
{Heap after GC invocations=28 (full 0):
 garbage-first heap   total 65536K, used 34568K [0x0000000709c00000, 0x0000000800000000)
  region size 2048K, 2 young (4096K), 2 survivors (4096K)
 Metaspace       used 71691K, committed 72256K, reserved 1114112K
  class space    used 9508K, committed 9792K, reserved 1048576K
}
Event: 7.315 GC heap before
{Heap before GC invocations=29 (full 0):
 garbage-first heap   total 65536K, used 50952K [0x0000000709c00000, 0x0000000800000000)
  region size 2048K, 10 young (20480K), 2 survivors (4096K)
 Metaspace       used 72274K, committed 72832K, reserved 1114112K
  class space    used 9597K, committed 9856K, reserved 1048576K
}
Event: 7.318 GC heap after
{Heap after GC invocations=30 (full 0):
 garbage-first heap   total 65536K, used 35858K [0x0000000709c00000, 0x0000000800000000)
  region size 2048K, 2 young (4096K), 2 survivors (4096K)
 Metaspace       used 72274K, committed 72832K, reserved 1114112K
  class space    used 9597K, committed 9856K, reserved 1048576K
}
Event: 7.571 GC heap before
{Heap before GC invocations=30 (full 0):
 garbage-first heap   total 65536K, used 52242K [0x0000000709c00000, 0x0000000800000000)
  region size 2048K, 10 young (20480K), 2 survivors (4096K)
 Metaspace       used 73079K, committed 73728K, reserved 1114112K
  class space    used 9719K, committed 10048K, reserved 1048576K
}
Event: 7.574 GC heap after
{Heap after GC invocations=31 (full 0):
 garbage-first heap   total 65536K, used 36985K [0x0000000709c00000, 0x0000000800000000)
  region size 2048K, 2 young (4096K), 2 survivors (4096K)
 Metaspace       used 73079K, committed 73728K, reserved 1114112K
  class space    used 9719K, committed 10048K, reserved 1048576K
}
Event: 7.786 GC heap before
{Heap before GC invocations=32 (full 0):
 garbage-first heap   total 69632K, used 51321K [0x0000000709c00000, 0x0000000800000000)
  region size 2048K, 9 young (18432K), 2 survivors (4096K)
 Metaspace       used 73666K, committed 74304K, reserved 1114112K
  class space    used 9808K, committed 10112K, reserved 1048576K
}
Event: 7.789 GC heap after
{Heap after GC invocations=33 (full 0):
 garbage-first heap   total 69632K, used 38096K [0x0000000709c00000, 0x0000000800000000)
  region size 2048K, 2 young (4096K), 2 survivors (4096K)
 Metaspace       used 73666K, committed 74304K, reserved 1114112K
  class space    used 9808K, committed 10112K, reserved 1048576K
}
Event: 8.453 GC heap before
{Heap before GC invocations=33 (full 0):
 garbage-first heap   total 69632K, used 54480K [0x0000000709c00000, 0x0000000800000000)
  region size 2048K, 10 young (20480K), 2 survivors (4096K)
 Metaspace       used 75129K, committed 75776K, reserved 1114112K
  class space    used 10020K, committed 10304K, reserved 1048576K
}
Event: 8.455 GC heap after
{Heap after GC invocations=34 (full 0):
 garbage-first heap   total 69632K, used 39252K [0x0000000709c00000, 0x0000000800000000)
  region size 2048K, 2 young (4096K), 2 survivors (4096K)
 Metaspace       used 75129K, committed 75776K, reserved 1114112K
  class space    used 10020K, committed 10304K, reserved 1048576K
}
Event: 18.377 GC heap before
{Heap before GC invocations=35 (full 0):
 garbage-first heap   total 71680K, used 53588K [0x0000000709c00000, 0x0000000800000000)
  region size 2048K, 10 young (20480K), 2 survivors (4096K)
 Metaspace       used 78031K, committed 78720K, reserved 1179648K
  class space    used 10393K, committed 10688K, reserved 1048576K
}
Event: 18.379 GC heap after
{Heap after GC invocations=36 (full 0):
 garbage-first heap   total 71680K, used 40300K [0x0000000709c00000, 0x0000000800000000)
  region size 2048K, 2 young (4096K), 2 survivors (4096K)
 Metaspace       used 78031K, committed 78720K, reserved 1179648K
  class space    used 10393K, committed 10688K, reserved 1048576K
}
Event: 18.386 GC heap before
{Heap before GC invocations=36 (full 0):
 garbage-first heap   total 71680K, used 42348K [0x0000000709c00000, 0x0000000800000000)
  region size 2048K, 3 young (6144K), 2 survivors (4096K)
 Metaspace       used 78121K, committed 78784K, reserved 1179648K
  class space    used 10400K, committed 10688K, reserved 1048576K
}
Event: 18.390 GC heap after
{Heap after GC invocations=37 (full 0):
 garbage-first heap   total 71680K, used 40080K [0x0000000709c00000, 0x0000000800000000)
  region size 2048K, 1 young (2048K), 1 survivors (2048K)
 Metaspace       used 78121K, committed 78784K, reserved 1179648K
  class space    used 10400K, committed 10688K, reserved 1048576K
}
Event: 18.578 GC heap before
{Heap before GC invocations=37 (full 0):
 garbage-first heap   total 71680K, used 54416K [0x0000000709c00000, 0x0000000800000000)
  region size 2048K, 9 young (18432K), 1 survivors (2048K)
 Metaspace       used 81138K, committed 81792K, reserved 1179648K
  class space    used 10625K, committed 10944K, reserved 1048576K
}
Event: 18.579 GC heap after
{Heap after GC invocations=38 (full 0):
 garbage-first heap   total 141312K, used 40631K [0x0000000709c00000, 0x0000000800000000)
  region size 2048K, 1 young (2048K), 1 survivors (2048K)
 Metaspace       used 81138K, committed 81792K, reserved 1179648K
  class space    used 10625K, committed 10944K, reserved 1048576K
}
Event: 21.384 GC heap before
{Heap before GC invocations=39 (full 0):
 garbage-first heap   total 141312K, used 108215K [0x0000000709c00000, 0x0000000800000000)
  region size 2048K, 35 young (71680K), 1 survivors (2048K)
 Metaspace       used 90803K, committed 91520K, reserved 1179648K
  class space    used 11597K, committed 11968K, reserved 1048576K
}
Event: 21.386 GC heap after
{Heap after GC invocations=40 (full 0):
 garbage-first heap   total 141312K, used 42414K [0x0000000709c00000, 0x0000000800000000)
  region size 2048K, 2 young (4096K), 2 survivors (4096K)
 Metaspace       used 90803K, committed 91520K, reserved 1179648K
  class space    used 11597K, committed 11968K, reserved 1048576K
}
Event: 21.399 GC heap before
{Heap before GC invocations=40 (full 0):
 garbage-first heap   total 141312K, used 42414K [0x0000000709c00000, 0x0000000800000000)
  region size 2048K, 3 young (6144K), 2 survivors (4096K)
 Metaspace       used 90804K, committed 91520K, reserved 1179648K
  class space    used 11597K, committed 11968K, reserved 1048576K
}
Event: 21.403 GC heap after
{Heap after GC invocations=41 (full 0):
 garbage-first heap   total 141312K, used 42025K [0x0000000709c00000, 0x0000000800000000)
  region size 2048K, 1 young (2048K), 1 survivors (2048K)
 Metaspace       used 90804K, committed 91520K, reserved 1179648K
  class space    used 11597K, committed 11968K, reserved 1048576K
}

