# JRE version: OpenJDK Runtime Environment Temurin-21.0.6+7 (21.0.6+7) (build 21.0.6+7-LTS)
# Java VM: OpenJDK 64-Bit Server VM Temurin-21.0.6+7 (21.0.6+7-LTS, mixed mode, sharing, tiered, compressed oops, compressed class ptrs, parallel gc, windows-amd64)
GC Precious Log:
 CardTable entry size: 512
 CPUs: 16 total, 16 available
 Memory: 15752M
 Large Page Support: Disabled
 NUMA Support: Disabled
 Compressed Oops: Enabled (32-bit)
 Alignments: Space 512K, Generation 512K, Heap 2M
 Heap Min Capacity: 100M
 Heap Initial Capacity: 100M
 Heap Max Capacity: 1G
 Pre-touch: Disabled
 Parallel Workers: 13
Heap:
 PSYoungGen      total 3584K, used 999K [0x00000000eab00000, 0x00000000eb000000, 0x0000000100000000)
  eden space 2560K, 0% used [0x00000000eab00000,0x00000000eab00000,0x00000000ead80000)
  from space 1024K, 97% used [0x00000000eae00000,0x00000000eaef9ee0,0x00000000eaf00000)
  to   space 1024K, 0% used [0x00000000eaf00000,0x00000000eaf00000,0x00000000eb000000)
 ParOldGen       total 527872K, used 527462K [0x00000000c0000000, 0x00000000e0380000, 0x00000000eab00000)
  object space 527872K, 99% used [0x00000000c0000000,0x00000000e0319ad0,0x00000000e0380000)
 Metaspace       used 63590K, committed 64960K, reserved 1114112K
  class space    used 6523K, committed 7104K, reserved 1048576K
GC Heap History (20 events):
Event: 16.906 GC heap after
{Heap after GC invocations=1124 (full 3):
 PSYoungGen      total 5632K, used 640K [0x00000000eab00000, 0x00000000eb180000, 0x0000000100000000)
  eden space 4608K, 0% used [0x00000000eab00000,0x00000000eab00000,0x00000000eaf80000)
  from space 1024K, 62% used [0x00000000eaf80000,0x00000000eb020000,0x00000000eb080000)
  to   space 1024K, 0% used [0x00000000eb080000,0x00000000eb080000,0x00000000eb180000)
 ParOldGen       total 520192K, used 519691K [0x00000000c0000000, 0x00000000dfc00000, 0x00000000eab00000)
  object space 520192K, 99% used [0x00000000c0000000,0x00000000dfb82c60,0x00000000dfc00000)
 Metaspace       used 63576K, committed 64960K, reserved 1114112K
  class space    used 6521K, committed 7104K, reserved 1048576K
}
Event: 16.913 GC heap before
{Heap before GC invocations=1125 (full 3):
 PSYoungGen      total 5632K, used 5248K [0x00000000eab00000, 0x00000000eb180000, 0x0000000100000000)
  eden space 4608K, 100% used [0x00000000eab00000,0x00000000eaf80000,0x00000000eaf80000)
  from space 1024K, 62% used [0x00000000eaf80000,0x00000000eb020000,0x00000000eb080000)
  to   space 1024K, 0% used [0x00000000eb080000,0x00000000eb080000,0x00000000eb180000)
 ParOldGen       total 520192K, used 519691K [0x00000000c0000000, 0x00000000dfc00000, 0x00000000eab00000)
  object space 520192K, 99% used [0x00000000c0000000,0x00000000dfb82c60,0x00000000dfc00000)
 Metaspace       used 63576K, committed 64960K, reserved 1114112K
  class space    used 6521K, committed 7104K, reserved 1048576K
}
Event: 16.913 GC heap after
{Heap after GC invocations=1125 (full 3):
 PSYoungGen      total 5632K, used 608K [0x00000000eab00000, 0x00000000eb180000, 0x0000000100000000)
  eden space 4608K, 0% used [0x00000000eab00000,0x00000000eab00000,0x00000000eaf80000)
  from space 1024K, 59% used [0x00000000eb080000,0x00000000eb118000,0x00000000eb180000)
  to   space 1024K, 0% used [0x00000000eaf80000,0x00000000eaf80000,0x00000000eb080000)
 ParOldGen       total 520704K, used 520267K [0x00000000c0000000, 0x00000000dfc80000, 0x00000000eab00000)
  object space 520704K, 99% used [0x00000000c0000000,0x00000000dfc12c60,0x00000000dfc80000)
 Metaspace       used 63576K, committed 64960K, reserved 1114112K
  class space    used 6521K, committed 7104K, reserved 1048576K
}
Event: 16.920 GC heap before
{Heap before GC invocations=1126 (full 3):
 PSYoungGen      total 5632K, used 5216K [0x00000000eab00000, 0x00000000eb180000, 0x0000000100000000)
  eden space 4608K, 100% used [0x00000000eab00000,0x00000000eaf80000,0x00000000eaf80000)
  from space 1024K, 59% used [0x00000000eb080000,0x00000000eb118000,0x00000000eb180000)
  to   space 1024K, 0% used [0x00000000eaf80000,0x00000000eaf80000,0x00000000eb080000)
 ParOldGen       total 520704K, used 520267K [0x00000000c0000000, 0x00000000dfc80000, 0x00000000eab00000)
  object space 520704K, 99% used [0x00000000c0000000,0x00000000dfc12c60,0x00000000dfc80000)
 Metaspace       used 63576K, committed 64960K, reserved 1114112K
  class space    used 6521K, committed 7104K, reserved 1048576K
}
Event: 16.921 GC heap after
{Heap after GC invocations=1126 (full 3):
 PSYoungGen      total 5632K, used 736K [0x00000000eab00000, 0x00000000eb180000, 0x0000000100000000)
  eden space 4608K, 0% used [0x00000000eab00000,0x00000000eab00000,0x00000000eaf80000)
  from space 1024K, 71% used [0x00000000eaf80000,0x00000000eb038000,0x00000000eb080000)
  to   space 1024K, 0% used [0x00000000eb080000,0x00000000eb080000,0x00000000eb180000)
 ParOldGen       total 520704K, used 520683K [0x00000000c0000000, 0x00000000dfc80000, 0x00000000eab00000)
  object space 520704K, 99% used [0x00000000c0000000,0x00000000dfc7ac60,0x00000000dfc80000)
 Metaspace       used 63576K, committed 64960K, reserved 1114112K
  class space    used 6521K, committed 7104K, reserved 1048576K
}
Event: 16.926 GC heap before
{Heap before GC invocations=1127 (full 3):
 PSYoungGen      total 5632K, used 5344K [0x00000000eab00000, 0x00000000eb180000, 0x0000000100000000)
  eden space 4608K, 100% used [0x00000000eab00000,0x00000000eaf80000,0x00000000eaf80000)
  from space 1024K, 71% used [0x00000000eaf80000,0x00000000eb038000,0x00000000eb080000)
  to   space 1024K, 0% used [0x00000000eb080000,0x00000000eb080000,0x00000000eb180000)
 ParOldGen       total 520704K, used 520683K [0x00000000c0000000, 0x00000000dfc80000, 0x00000000eab00000)
  object space 520704K, 99% used [0x00000000c0000000,0x00000000dfc7ac60,0x00000000dfc80000)
 Metaspace       used 63576K, committed 64960K, reserved 1114112K
  class space    used 6521K, committed 7104K, reserved 1048576K
}
Event: 16.927 GC heap after
{Heap after GC invocations=1127 (full 3):
 PSYoungGen      total 5632K, used 672K [0x00000000eab00000, 0x00000000eb180000, 0x0000000100000000)
  eden space 4608K, 0% used [0x00000000eab00000,0x00000000eab00000,0x00000000eaf80000)
  from space 1024K, 65% used [0x00000000eb080000,0x00000000eb128000,0x00000000eb180000)
  to   space 1024K, 0% used [0x00000000eaf80000,0x00000000eaf80000,0x00000000eb080000)
 ParOldGen       total 521728K, used 521251K [0x00000000c0000000, 0x00000000dfd80000, 0x00000000eab00000)
  object space 521728K, 99% used [0x00000000c0000000,0x00000000dfd08c60,0x00000000dfd80000)
 Metaspace       used 63576K, committed 64960K, reserved 1114112K
  class space    used 6521K, committed 7104K, reserved 1048576K
}
Event: 16.933 GC heap before
{Heap before GC invocations=1128 (full 3):
 PSYoungGen      total 5632K, used 5280K [0x00000000eab00000, 0x00000000eb180000, 0x0000000100000000)
  eden space 4608K, 100% used [0x00000000eab00000,0x00000000eaf80000,0x00000000eaf80000)
  from space 1024K, 65% used [0x00000000eb080000,0x00000000eb128000,0x00000000eb180000)
  to   space 1024K, 0% used [0x00000000eaf80000,0x00000000eaf80000,0x00000000eb080000)
 ParOldGen       total 521728K, used 521251K [0x00000000c0000000, 0x00000000dfd80000, 0x00000000eab00000)
  object space 521728K, 99% used [0x00000000c0000000,0x00000000dfd08c60,0x00000000dfd80000)
 Metaspace       used 63576K, committed 64960K, reserved 1114112K
  class space    used 6521K, committed 7104K, reserved 1048576K
}
Event: 16.934 GC heap after
{Heap after GC invocations=1128 (full 3):
 PSYoungGen      total 5632K, used 544K [0x00000000eab00000, 0x00000000eb180000, 0x0000000100000000)
  eden space 4608K, 0% used [0x00000000eab00000,0x00000000eab00000,0x00000000eaf80000)
  from space 1024K, 53% used [0x00000000eaf80000,0x00000000eb008000,0x00000000eb080000)
  to   space 1024K, 0% used [0x00000000eb080000,0x00000000eb080000,0x00000000eb180000)
 ParOldGen       total 522240K, used 521787K [0x00000000c0000000, 0x00000000dfe00000, 0x00000000eab00000)
  object space 522240K, 99% used [0x00000000c0000000,0x00000000dfd8ec60,0x00000000dfe00000)
 Metaspace       used 63576K, committed 64960K, reserved 1114112K
  class space    used 6521K, committed 7104K, reserved 1048576K
}
Event: 16.948 GC heap before
{Heap before GC invocations=1129 (full 3):
 PSYoungGen      total 5632K, used 5078K [0x00000000eab00000, 0x00000000eb180000, 0x0000000100000000)
  eden space 4608K, 98% used [0x00000000eab00000,0x00000000eaf6d9b0,0x00000000eaf80000)
  from space 1024K, 53% used [0x00000000eaf80000,0x00000000eb008000,0x00000000eb080000)
  to   space 1024K, 0% used [0x00000000eb080000,0x00000000eb080000,0x00000000eb180000)
 ParOldGen       total 522240K, used 521787K [0x00000000c0000000, 0x00000000dfe00000, 0x00000000eab00000)
  object space 522240K, 99% used [0x00000000c0000000,0x00000000dfd8ec60,0x00000000dfe00000)
 Metaspace       used 63576K, committed 64960K, reserved 1114112K
  class space    used 6521K, committed 7104K, reserved 1048576K
}
Event: 16.949 GC heap after
{Heap after GC invocations=1129 (full 3):
 PSYoungGen      total 3584K, used 1006K [0x00000000eab00000, 0x00000000eb580000, 0x0000000100000000)
  eden space 2560K, 0% used [0x00000000eab00000,0x00000000eab00000,0x00000000ead80000)
  from space 1024K, 98% used [0x00000000eb080000,0x00000000eb17ba00,0x00000000eb180000)
  to   space 3072K, 0% used [0x00000000ead80000,0x00000000ead80000,0x00000000eb080000)
 ParOldGen       total 523264K, used 523078K [0x00000000c0000000, 0x00000000dff00000, 0x00000000eab00000)
  object space 523264K, 99% used [0x00000000c0000000,0x00000000dfed19a8,0x00000000dff00000)
 Metaspace       used 63576K, committed 64960K, reserved 1114112K
  class space    used 6521K, committed 7104K, reserved 1048576K
}
Event: 16.990 GC heap before
{Heap before GC invocations=1130 (full 3):
 PSYoungGen      total 3584K, used 3565K [0x00000000eab00000, 0x00000000eb580000, 0x0000000100000000)
  eden space 2560K, 99% used [0x00000000eab00000,0x00000000ead7fa10,0x00000000ead80000)
  from space 1024K, 98% used [0x00000000eb080000,0x00000000eb17ba00,0x00000000eb180000)
  to   space 3072K, 0% used [0x00000000ead80000,0x00000000ead80000,0x00000000eb080000)
 ParOldGen       total 523264K, used 523078K [0x00000000c0000000, 0x00000000dff00000, 0x00000000eab00000)
  object space 523264K, 99% used [0x00000000c0000000,0x00000000dfed19a8,0x00000000dff00000)
 Metaspace       used 63577K, committed 64960K, reserved 1114112K
  class space    used 6521K, committed 7104K, reserved 1048576K
}
Event: 16.991 GC heap after
{Heap after GC invocations=1130 (full 3):
 PSYoungGen      total 3584K, used 674K [0x00000000eab00000, 0x00000000eb100000, 0x0000000100000000)
  eden space 2560K, 0% used [0x00000000eab00000,0x00000000eab00000,0x00000000ead80000)
  from space 1024K, 65% used [0x00000000ead80000,0x00000000eae28998,0x00000000eae80000)
  to   space 1536K, 0% used [0x00000000eaf80000,0x00000000eaf80000,0x00000000eb100000)
 ParOldGen       total 523776K, used 523286K [0x00000000c0000000, 0x00000000dff80000, 0x00000000eab00000)
  object space 523776K, 99% used [0x00000000c0000000,0x00000000dff059a8,0x00000000dff80000)
 Metaspace       used 63577K, committed 64960K, reserved 1114112K
  class space    used 6521K, committed 7104K, reserved 1048576K
}
Event: 16.998 GC heap before
{Heap before GC invocations=1131 (full 3):
 PSYoungGen      total 3584K, used 3234K [0x00000000eab00000, 0x00000000eb100000, 0x0000000100000000)
  eden space 2560K, 100% used [0x00000000eab00000,0x00000000ead80000,0x00000000ead80000)
  from space 1024K, 65% used [0x00000000ead80000,0x00000000eae28998,0x00000000eae80000)
  to   space 1536K, 0% used [0x00000000eaf80000,0x00000000eaf80000,0x00000000eb100000)
 ParOldGen       total 523776K, used 523286K [0x00000000c0000000, 0x00000000dff80000, 0x00000000eab00000)
  object space 523776K, 99% used [0x00000000c0000000,0x00000000dff059a8,0x00000000dff80000)
 Metaspace       used 63584K, committed 64960K, reserved 1114112K
  class space    used 6522K, committed 7104K, reserved 1048576K
}
Event: 16.999 GC heap after
{Heap after GC invocations=1131 (full 3):
 PSYoungGen      total 4096K, used 1183K [0x00000000eab00000, 0x00000000eb100000, 0x0000000100000000)
  eden space 2560K, 0% used [0x00000000eab00000,0x00000000eab00000,0x00000000ead80000)
  from space 1536K, 77% used [0x00000000eaf80000,0x00000000eb0a7f50,0x00000000eb100000)
  to   space 1536K, 0% used [0x00000000eae00000,0x00000000eae00000,0x00000000eaf80000)
 ParOldGen       total 524288K, used 523901K [0x00000000c0000000, 0x00000000e0000000, 0x00000000eab00000)
  object space 524288K, 99% used [0x00000000c0000000,0x00000000dff9f778,0x00000000e0000000)
 Metaspace       used 63584K, committed 64960K, reserved 1114112K
  class space    used 6522K, committed 7104K, reserved 1048576K
}
Event: 17.003 GC heap before
{Heap before GC invocations=1132 (full 3):
 PSYoungGen      total 4096K, used 3743K [0x00000000eab00000, 0x00000000eb100000, 0x0000000100000000)
  eden space 2560K, 100% used [0x00000000eab00000,0x00000000ead80000,0x00000000ead80000)
  from space 1536K, 77% used [0x00000000eaf80000,0x00000000eb0a7f50,0x00000000eb100000)
  to   space 1536K, 0% used [0x00000000eae00000,0x00000000eae00000,0x00000000eaf80000)
 ParOldGen       total 524288K, used 523901K [0x00000000c0000000, 0x00000000e0000000, 0x00000000eab00000)
  object space 524288K, 99% used [0x00000000c0000000,0x00000000dff9f778,0x00000000e0000000)
 Metaspace       used 63586K, committed 64960K, reserved 1114112K
  class space    used 6522K, committed 7104K, reserved 1048576K
}
Event: 17.004 GC heap after
{Heap after GC invocations=1132 (full 3):
 PSYoungGen      total 3584K, used 1024K [0x00000000eab00000, 0x00000000eb080000, 0x0000000100000000)
  eden space 2560K, 0% used [0x00000000eab00000,0x00000000eab00000,0x00000000ead80000)
  from space 1024K, 100% used [0x00000000eae00000,0x00000000eaf00000,0x00000000eaf00000)
  to   space 1536K, 0% used [0x00000000eaf00000,0x00000000eaf00000,0x00000000eb080000)
 ParOldGen       total 525312K, used 524945K [0x00000000c0000000, 0x00000000e0100000, 0x00000000eab00000)
  object space 525312K, 99% used [0x00000000c0000000,0x00000000e00a4730,0x00000000e0100000)
 Metaspace       used 63586K, committed 64960K, reserved 1114112K
  class space    used 6522K, committed 7104K, reserved 1048576K
}
Event: 17.006 GC heap before
{Heap before GC invocations=1133 (full 3):
 PSYoungGen      total 3584K, used 3584K [0x00000000eab00000, 0x00000000eb080000, 0x0000000100000000)
  eden space 2560K, 100% used [0x00000000eab00000,0x00000000ead80000,0x00000000ead80000)
  from space 1024K, 100% used [0x00000000eae00000,0x00000000eaf00000,0x00000000eaf00000)
  to   space 1536K, 0% used [0x00000000eaf00000,0x00000000eaf00000,0x00000000eb080000)
 ParOldGen       total 525312K, used 524945K [0x00000000c0000000, 0x00000000e0100000, 0x00000000eab00000)
  object space 525312K, 99% used [0x00000000c0000000,0x00000000e00a4730,0x00000000e0100000)
 Metaspace       used 63586K, committed 64960K, reserved 1114112K
  class space    used 6522K, committed 7104K, reserved 1048576K
}
Event: 17.007 GC heap after
{Heap after GC invocations=1133 (full 3):
 PSYoungGen      total 3584K, used 992K [0x00000000eab00000, 0x00000000eb000000, 0x0000000100000000)
  eden space 2560K, 0% used [0x00000000eab00000,0x00000000eab00000,0x00000000ead80000)
  from space 1024K, 96% used [0x00000000eaf00000,0x00000000eaff8000,0x00000000eb000000)
  to   space 1024K, 0% used [0x00000000eae00000,0x00000000eae00000,0x00000000eaf00000)
 ParOldGen       total 526336K, used 525825K [0x00000000c0000000, 0x00000000e0200000, 0x00000000eab00000)
  object space 526336K, 99% used [0x00000000c0000000,0x00000000e0180730,0x00000000e0200000)
 Metaspace       used 63586K, committed 64960K, reserved 1114112K
  class space    used 6522K, committed 7104K, reserved 1048576K
}
Event: 17.015 GC heap before
{Heap before GC invocations=1134 (full 3):
 PSYoungGen      total 3584K, used 3552K [0x00000000eab00000, 0x00000000eb000000, 0x0000000100000000)
  eden space 2560K, 100% used [0x00000000eab00000,0x00000000ead80000,0x00000000ead80000)
  from space 1024K, 96% used [0x00000000eaf00000,0x00000000eaff8000,0x00000000eb000000)
  to   space 1024K, 0% used [0x00000000eae00000,0x00000000eae00000,0x00000000eaf00000)
 ParOldGen       total 526336K, used 525825K [0x00000000c0000000, 0x00000000e0200000, 0x00000000eab00000)
  object space 526336K, 99% used [0x00000000c0000000,0x00000000e0180730,0x00000000e0200000)
 Metaspace       used 63590K, committed 64960K, reserved 1114112K
  class space    used 6523K, committed 7104K, reserved 1048576K
}

