# JRE version: Java(TM) SE Runtime Environment (17.0.11+7) (build 17.0.11+7-LTS-207)
# Java VM: Java HotSpot(TM) 64-Bit Server VM (17.0.11+7-LTS-207, mixed mode, sharing, tiered, compressed oops, compressed class ptrs, g1 gc, windows-amd64)
GC Precious Log:
 CPUs: 16 total, 16 available
 Memory: 15752M
 Large Page Support: Disabled
 NUMA Support: Disabled
 Compressed Oops: Enabled (Zero based)
 Heap Region Size: 2M
 Heap Min Capacity: 8M
 Heap Initial Capacity: 248M
 Heap Max Capacity: 3940M
 Pre-touch: Disabled
 Parallel Workers: 13
 Concurrent Workers: 3
 Concurrent Refinement Workers: 13
 Periodic GC: Disabled
Heap:
 garbage-first heap   total 90112K, used 55517K [0x0000000709c00000, 0x0000000800000000)
  region size 2048K, 9 young (18432K), 1 survivors (2048K)
 Metaspace       used 88445K, committed 89152K, reserved 1179648K
  class space    used 11309K, committed 11648K, reserved 1048576K
GC Heap History (20 events):
Event: 5.171 GC heap before
{Heap before GC invocations=13 (full 0):
 garbage-first heap   total 90112K, used 65138K [0x0000000709c00000, 0x0000000800000000)
  region size 2048K, 23 young (47104K), 3 survivors (6144K)
 Metaspace       used 53742K, committed 54336K, reserved 1114112K
  class space    used 6869K, committed 7168K, reserved 1048576K
}
Event: 5.174 GC heap after
{Heap after GC invocations=14 (full 0):
 garbage-first heap   total 90112K, used 27346K [0x0000000709c00000, 0x0000000800000000)
  region size 2048K, 3 young (6144K), 3 survivors (6144K)
 Metaspace       used 53742K, committed 54336K, reserved 1114112K
  class space    used 6869K, committed 7168K, reserved 1048576K
}
Event: 5.533 GC heap before
{Heap before GC invocations=14 (full 0):
 garbage-first heap   total 90112K, used 47826K [0x0000000709c00000, 0x0000000800000000)
  region size 2048K, 14 young (28672K), 3 survivors (6144K)
 Metaspace       used 59567K, committed 60096K, reserved 1114112K
  class space    used 7669K, committed 7936K, reserved 1048576K
}
Event: 5.536 GC heap after
{Heap after GC invocations=15 (full 0):
 garbage-first heap   total 90112K, used 28699K [0x0000000709c00000, 0x0000000800000000)
  region size 2048K, 1 young (2048K), 1 survivors (2048K)
 Metaspace       used 59567K, committed 60096K, reserved 1114112K
  class space    used 7669K, committed 7936K, reserved 1048576K
}
Event: 6.132 GC heap before
{Heap before GC invocations=16 (full 0):
 garbage-first heap   total 90112K, used 67611K [0x0000000709c00000, 0x0000000800000000)
  region size 2048K, 20 young (40960K), 1 survivors (2048K)
 Metaspace       used 66398K, committed 66944K, reserved 1114112K
  class space    used 8739K, committed 9024K, reserved 1048576K
}
Event: 6.134 GC heap after
{Heap after GC invocations=17 (full 0):
 garbage-first heap   total 90112K, used 30579K [0x0000000709c00000, 0x0000000800000000)
  region size 2048K, 2 young (4096K), 2 survivors (4096K)
 Metaspace       used 66398K, committed 66944K, reserved 1114112K
  class space    used 8739K, committed 9024K, reserved 1048576K
}
Event: 6.827 GC heap before
{Heap before GC invocations=17 (full 0):
 garbage-first heap   total 90112K, used 69491K [0x0000000709c00000, 0x0000000800000000)
  region size 2048K, 21 young (43008K), 2 survivors (4096K)
 Metaspace       used 70137K, committed 70720K, reserved 1114112K
  class space    used 9280K, committed 9536K, reserved 1048576K
}
Event: 6.831 GC heap after
{Heap after GC invocations=18 (full 0):
 garbage-first heap   total 90112K, used 33047K [0x0000000709c00000, 0x0000000800000000)
  region size 2048K, 3 young (6144K), 3 survivors (6144K)
 Metaspace       used 70137K, committed 70720K, reserved 1114112K
  class space    used 9280K, committed 9536K, reserved 1048576K
}
Event: 7.402 GC heap before
{Heap before GC invocations=18 (full 0):
 garbage-first heap   total 90112K, used 67863K [0x0000000709c00000, 0x0000000800000000)
  region size 2048K, 20 young (40960K), 3 survivors (6144K)
 Metaspace       used 71683K, committed 72192K, reserved 1114112K
  class space    used 9503K, committed 9728K, reserved 1048576K
}
Event: 7.406 GC heap after
{Heap after GC invocations=19 (full 0):
 garbage-first heap   total 90112K, used 35520K [0x0000000709c00000, 0x0000000800000000)
  region size 2048K, 3 young (6144K), 3 survivors (6144K)
 Metaspace       used 71683K, committed 72192K, reserved 1114112K
  class space    used 9503K, committed 9728K, reserved 1048576K
}
Event: 9.687 GC heap before
{Heap before GC invocations=19 (full 0):
 garbage-first heap   total 90112K, used 66240K [0x0000000709c00000, 0x0000000800000000)
  region size 2048K, 19 young (38912K), 3 survivors (6144K)
 Metaspace       used 73589K, committed 74176K, reserved 1114112K
  class space    used 9795K, committed 10048K, reserved 1048576K
}
Event: 9.692 GC heap after
{Heap after GC invocations=20 (full 0):
 garbage-first heap   total 90112K, used 37419K [0x0000000709c00000, 0x0000000800000000)
  region size 2048K, 3 young (6144K), 3 survivors (6144K)
 Metaspace       used 73589K, committed 74176K, reserved 1114112K
  class space    used 9795K, committed 10048K, reserved 1048576K
}
Event: 28.895 GC heap before
{Heap before GC invocations=20 (full 0):
 garbage-first heap   total 90112K, used 66091K [0x0000000709c00000, 0x0000000800000000)
  region size 2048K, 18 young (36864K), 3 survivors (6144K)
 Metaspace       used 78359K, committed 79040K, reserved 1179648K
  class space    used 10425K, committed 10752K, reserved 1048576K
}
Event: 28.898 GC heap after
{Heap after GC invocations=21 (full 0):
 garbage-first heap   total 90112K, used 38662K [0x0000000709c00000, 0x0000000800000000)
  region size 2048K, 2 young (4096K), 2 survivors (4096K)
 Metaspace       used 78359K, committed 79040K, reserved 1179648K
  class space    used 10425K, committed 10752K, reserved 1048576K
}
Event: 29.586 GC heap before
{Heap before GC invocations=21 (full 0):
 garbage-first heap   total 90112K, used 69382K [0x0000000709c00000, 0x0000000800000000)
  region size 2048K, 18 young (36864K), 2 survivors (4096K)
 Metaspace       used 85835K, committed 86592K, reserved 1179648K
  class space    used 11109K, committed 11456K, reserved 1048576K
}
Event: 29.589 GC heap after
{Heap after GC invocations=22 (full 0):
 garbage-first heap   total 90112K, used 40787K [0x0000000709c00000, 0x0000000800000000)
  region size 2048K, 2 young (4096K), 2 survivors (4096K)
 Metaspace       used 85835K, committed 86592K, reserved 1179648K
  class space    used 11109K, committed 11456K, reserved 1048576K
}
Event: 60.155 GC heap before
{Heap before GC invocations=22 (full 0):
 garbage-first heap   total 90112K, used 69459K [0x0000000709c00000, 0x0000000800000000)
  region size 2048K, 17 young (34816K), 2 survivors (4096K)
 Metaspace       used 88281K, committed 89024K, reserved 1179648K
  class space    used 11308K, committed 11648K, reserved 1048576K
}
Event: 60.157 GC heap after
{Heap after GC invocations=23 (full 0):
 garbage-first heap   total 90112K, used 41014K [0x0000000709c00000, 0x0000000800000000)
  region size 2048K, 2 young (4096K), 2 survivors (4096K)
 Metaspace       used 88281K, committed 89024K, reserved 1179648K
  class space    used 11308K, committed 11648K, reserved 1048576K
}
Event: 115.162 GC heap before
{Heap before GC invocations=23 (full 0):
 garbage-first heap   total 90112K, used 69686K [0x0000000709c00000, 0x0000000800000000)
  region size 2048K, 16 young (32768K), 2 survivors (4096K)
 Metaspace       used 88426K, committed 89152K, reserved 1179648K
  class space    used 11309K, committed 11648K, reserved 1048576K
}
Event: 115.164 GC heap after
{Heap after GC invocations=24 (full 0):
 garbage-first heap   total 90112K, used 41181K [0x0000000709c00000, 0x0000000800000000)
  region size 2048K, 1 young (2048K), 1 survivors (2048K)
 Metaspace       used 88426K, committed 89152K, reserved 1179648K
  class space    used 11309K, committed 11648K, reserved 1048576K
}

