# JRE version: Java(TM) SE Runtime Environment (17.0.11+7) (build 17.0.11+7-LTS-207)
# Java VM: Java HotSpot(TM) 64-Bit Server VM (17.0.11+7-LTS-207, mixed mode, sharing, tiered, compressed oops, compressed class ptrs, g1 gc, windows-amd64)
GC Precious Log:
 CPUs: 16 total, 16 available
 Memory: 15752M
 Large Page Support: Disabled
 NUMA Support: Disabled
 Compressed Oops: Enabled (Zero based)
 Heap Region Size: 2M
 Heap Min Capacity: 8M
 Heap Initial Capacity: 248M
 Heap Max Capacity: 3940M
 Pre-touch: Disabled
 Parallel Workers: 13
 Concurrent Workers: 3
 Concurrent Refinement Workers: 13
 Periodic GC: Disabled
Heap:
 garbage-first heap   total 116736K, used 59885K [0x0000000709c00000, 0x0000000800000000)
  region size 2048K, 21 young (43008K), 5 survivors (10240K)
 Metaspace       used 68667K, committed 69184K, reserved 1114112K
  class space    used 9114K, committed 9344K, reserved 1048576K
GC Heap History (20 events):
Event: 2.802 GC heap before
{Heap before GC invocations=6 (full 0):
 garbage-first heap   total 55296K, used 33539K [0x0000000709c00000, 0x0000000800000000)
  region size 2048K, 10 young (20480K), 1 survivors (2048K)
 Metaspace       used 25263K, committed 25600K, reserved 1114112K
  class space    used 3144K, committed 3328K, reserved 1048576K
}
Event: 2.803 GC heap after
{Heap after GC invocations=7 (full 0):
 garbage-first heap   total 55296K, used 16126K [0x0000000709c00000, 0x0000000800000000)
  region size 2048K, 1 young (2048K), 1 survivors (2048K)
 Metaspace       used 25263K, committed 25600K, reserved 1114112K
  class space    used 3144K, committed 3328K, reserved 1048576K
}
Event: 3.233 GC heap before
{Heap before GC invocations=7 (full 0):
 garbage-first heap   total 55296K, used 36606K [0x0000000709c00000, 0x0000000800000000)
  region size 2048K, 11 young (22528K), 1 survivors (2048K)
 Metaspace       used 28771K, committed 29120K, reserved 1114112K
  class space    used 3606K, committed 3776K, reserved 1048576K
}
Event: 3.235 GC heap after
{Heap after GC invocations=8 (full 0):
 garbage-first heap   total 55296K, used 17779K [0x0000000709c00000, 0x0000000800000000)
  region size 2048K, 2 young (4096K), 2 survivors (4096K)
 Metaspace       used 28771K, committed 29120K, reserved 1114112K
  class space    used 3606K, committed 3776K, reserved 1048576K
}
Event: 3.649 GC heap before
{Heap before GC invocations=8 (full 0):
 garbage-first heap   total 55296K, used 36211K [0x0000000709c00000, 0x0000000800000000)
  region size 2048K, 11 young (22528K), 2 survivors (4096K)
 Metaspace       used 31447K, committed 31808K, reserved 1114112K
  class space    used 3990K, committed 4160K, reserved 1048576K
}
Event: 3.652 GC heap after
{Heap after GC invocations=9 (full 0):
 garbage-first heap   total 55296K, used 19274K [0x0000000709c00000, 0x0000000800000000)
  region size 2048K, 2 young (4096K), 2 survivors (4096K)
 Metaspace       used 31447K, committed 31808K, reserved 1114112K
  class space    used 3990K, committed 4160K, reserved 1048576K
}
Event: 4.083 GC heap before
{Heap before GC invocations=9 (full 0):
 garbage-first heap   total 55296K, used 37706K [0x0000000709c00000, 0x0000000800000000)
  region size 2048K, 12 young (24576K), 2 survivors (4096K)
 Metaspace       used 34758K, committed 35136K, reserved 1114112K
  class space    used 4313K, committed 4480K, reserved 1048576K
}
Event: 4.087 GC heap after
{Heap after GC invocations=10 (full 0):
 garbage-first heap   total 55296K, used 21082K [0x0000000709c00000, 0x0000000800000000)
  region size 2048K, 2 young (4096K), 2 survivors (4096K)
 Metaspace       used 34758K, committed 35136K, reserved 1114112K
  class space    used 4313K, committed 4480K, reserved 1048576K
}
Event: 4.183 GC heap before
{Heap before GC invocations=10 (full 0):
 garbage-first heap   total 55296K, used 23130K [0x0000000709c00000, 0x0000000800000000)
  region size 2048K, 4 young (8192K), 2 survivors (4096K)
 Metaspace       used 35583K, committed 35968K, reserved 1114112K
  class space    used 4404K, committed 4608K, reserved 1048576K
}
Event: 4.186 GC heap after
{Heap after GC invocations=11 (full 0):
 garbage-first heap   total 55296K, used 21364K [0x0000000709c00000, 0x0000000800000000)
  region size 2048K, 2 young (4096K), 2 survivors (4096K)
 Metaspace       used 35583K, committed 35968K, reserved 1114112K
  class space    used 4404K, committed 4608K, reserved 1048576K
}
Event: 4.491 GC heap before
{Heap before GC invocations=12 (full 0):
 garbage-first heap   total 55296K, used 39796K [0x0000000709c00000, 0x0000000800000000)
  region size 2048K, 11 young (22528K), 2 survivors (4096K)
 Metaspace       used 36882K, committed 37312K, reserved 1114112K
  class space    used 4556K, committed 4736K, reserved 1048576K
}
Event: 4.493 GC heap after
{Heap after GC invocations=13 (full 0):
 garbage-first heap   total 55296K, used 22090K [0x0000000709c00000, 0x0000000800000000)
  region size 2048K, 2 young (4096K), 2 survivors (4096K)
 Metaspace       used 36882K, committed 37312K, reserved 1114112K
  class space    used 4556K, committed 4736K, reserved 1048576K
}
Event: 4.569 GC heap before
{Heap before GC invocations=13 (full 0):
 garbage-first heap   total 55296K, used 22090K [0x0000000709c00000, 0x0000000800000000)
  region size 2048K, 3 young (6144K), 2 survivors (4096K)
 Metaspace       used 37017K, committed 37504K, reserved 1114112K
  class space    used 4586K, committed 4800K, reserved 1048576K
}
Event: 4.574 GC heap after
{Heap after GC invocations=14 (full 0):
 garbage-first heap   total 55296K, used 21757K [0x0000000709c00000, 0x0000000800000000)
  region size 2048K, 1 young (2048K), 1 survivors (2048K)
 Metaspace       used 37017K, committed 37504K, reserved 1114112K
  class space    used 4586K, committed 4800K, reserved 1048576K
}
Event: 5.046 GC heap before
{Heap before GC invocations=14 (full 0):
 garbage-first heap   total 55296K, used 40189K [0x0000000709c00000, 0x0000000800000000)
  region size 2048K, 10 young (20480K), 1 survivors (2048K)
 Metaspace       used 39091K, committed 39616K, reserved 1114112K
  class space    used 4862K, committed 5120K, reserved 1048576K
}
Event: 5.048 GC heap after
{Heap after GC invocations=15 (full 0):
 garbage-first heap   total 55296K, used 22588K [0x0000000709c00000, 0x0000000800000000)
  region size 2048K, 1 young (2048K), 1 survivors (2048K)
 Metaspace       used 39091K, committed 39616K, reserved 1114112K
  class space    used 4862K, committed 5120K, reserved 1048576K
}
Event: 5.608 GC heap before
{Heap before GC invocations=16 (full 0):
 garbage-first heap   total 55296K, used 41020K [0x0000000709c00000, 0x0000000800000000)
  region size 2048K, 10 young (20480K), 1 survivors (2048K)
 Metaspace       used 43159K, committed 43648K, reserved 1114112K
  class space    used 5530K, committed 5760K, reserved 1048576K
}
Event: 5.610 GC heap after
{Heap after GC invocations=17 (full 0):
 garbage-first heap   total 155648K, used 23511K [0x0000000709c00000, 0x0000000800000000)
  region size 2048K, 2 young (4096K), 2 survivors (4096K)
 Metaspace       used 43159K, committed 43648K, reserved 1114112K
  class space    used 5530K, committed 5760K, reserved 1048576K
}
Event: 7.309 GC heap before
{Heap before GC invocations=17 (full 0):
 garbage-first heap   total 155648K, used 107479K [0x0000000709c00000, 0x0000000800000000)
  region size 2048K, 44 young (90112K), 2 survivors (4096K)
 Metaspace       used 65568K, committed 66048K, reserved 1114112K
  class space    used 8621K, committed 8832K, reserved 1048576K
}
Event: 7.315 GC heap after
{Heap after GC invocations=18 (full 0):
 garbage-first heap   total 155648K, used 29165K [0x0000000709c00000, 0x0000000800000000)
  region size 2048K, 5 young (10240K), 5 survivors (10240K)
 Metaspace       used 65568K, committed 66048K, reserved 1114112K
  class space    used 8621K, committed 8832K, reserved 1048576K
}

