# JRE version: Java(TM) SE Runtime Environment (17.0.11+7) (build 17.0.11+7-LTS-207)
# Java VM: Java HotSpot(TM) 64-Bit Server VM (17.0.11+7-LTS-207, mixed mode, sharing, tiered, compressed oops, compressed class ptrs, g1 gc, windows-amd64)
GC Precious Log:
 CPUs: 16 total, 16 available
 Memory: 15752M
 Large Page Support: Disabled
 NUMA Support: Disabled
 Compressed Oops: Enabled (Zero based)
 Heap Region Size: 2M
 Heap Min Capacity: 8M
 Heap Initial Capacity: 248M
 Heap Max Capacity: 3940M
 Pre-touch: Disabled
 Parallel Workers: 13
 Concurrent Workers: 3
 Concurrent Refinement Workers: 13
 Periodic GC: Disabled
Heap:
 garbage-first heap   total 225280K, used 82675K [0x0000000709c00000, 0x0000000800000000)
  region size 2048K, 7 young (14336K), 5 survivors (10240K)
 Metaspace       used 88847K, committed 89792K, reserved 1179648K
  class space    used 10853K, committed 11264K, reserved 1048576K
GC Heap History (20 events):
Event: 630.238 GC heap before
{Heap before GC invocations=62 (full 6):
 garbage-first heap   total 135168K, used 108051K [0x0000000709c00000, 0x0000000800000000)
  region size 2048K, 27 young (55296K), 2 survivors (4096K)
 Metaspace       used 75720K, committed 76480K, reserved 1179648K
  class space    used 9722K, committed 10112K, reserved 1048576K
}
Event: 630.240 GC heap after
{Heap after GC invocations=63 (full 6):
 garbage-first heap   total 135168K, used 58505K [0x0000000709c00000, 0x0000000800000000)
  region size 2048K, 3 young (6144K), 3 survivors (6144K)
 Metaspace       used 75720K, committed 76480K, reserved 1179648K
  class space    used 9722K, committed 10112K, reserved 1048576K
}
Event: 630.379 GC heap before
{Heap before GC invocations=64 (full 6):
 garbage-first heap   total 135168K, used 107657K [0x0000000709c00000, 0x0000000800000000)
  region size 2048K, 27 young (55296K), 3 survivors (6144K)
 Metaspace       used 75834K, committed 76608K, reserved 1179648K
  class space    used 9725K, committed 10112K, reserved 1048576K
}
Event: 630.382 GC heap after
{Heap after GC invocations=65 (full 6):
 garbage-first heap   total 135168K, used 60864K [0x0000000709c00000, 0x0000000800000000)
  region size 2048K, 3 young (6144K), 3 survivors (6144K)
 Metaspace       used 75834K, committed 76608K, reserved 1179648K
  class space    used 9725K, committed 10112K, reserved 1048576K
}
Event: 659.738 GC heap before
{Heap before GC invocations=65 (full 6):
 garbage-first heap   total 135168K, used 103872K [0x0000000709c00000, 0x0000000800000000)
  region size 2048K, 25 young (51200K), 3 survivors (6144K)
 Metaspace       used 85343K, committed 86144K, reserved 1179648K
  class space    used 10562K, committed 10944K, reserved 1048576K
}
Event: 659.742 GC heap after
{Heap after GC invocations=66 (full 6):
 garbage-first heap   total 391168K, used 63287K [0x0000000709c00000, 0x0000000800000000)
  region size 2048K, 3 young (6144K), 3 survivors (6144K)
 Metaspace       used 85343K, committed 86144K, reserved 1179648K
  class space    used 10562K, committed 10944K, reserved 1048576K
}
Event: 2127.098 GC heap before
{Heap before GC invocations=67 (full 6):
 garbage-first heap   total 245760K, used 139063K [0x0000000709c00000, 0x0000000800000000)
  region size 2048K, 41 young (83968K), 3 survivors (6144K)
 Metaspace       used 87888K, committed 88704K, reserved 1179648K
  class space    used 10799K, committed 11200K, reserved 1048576K
}
Event: 2127.167 GC heap after
{Heap after GC invocations=68 (full 7):
 garbage-first heap   total 225280K, used 59534K [0x0000000709c00000, 0x0000000800000000)
  region size 2048K, 0 young (0K), 0 survivors (0K)
 Metaspace       used 87863K, committed 88704K, reserved 1179648K
  class space    used 10797K, committed 11200K, reserved 1048576K
}
Event: 2129.751 GC heap before
{Heap before GC invocations=68 (full 7):
 garbage-first heap   total 225280K, used 172174K [0x0000000709c00000, 0x0000000800000000)
  region size 2048K, 56 young (114688K), 0 survivors (0K)
 Metaspace       used 87985K, committed 88832K, reserved 1179648K
  class space    used 10807K, committed 11200K, reserved 1048576K
}
Event: 2129.754 GC heap after
{Heap after GC invocations=69 (full 7):
 garbage-first heap   total 225280K, used 66282K [0x0000000709c00000, 0x0000000800000000)
  region size 2048K, 4 young (8192K), 4 survivors (8192K)
 Metaspace       used 87985K, committed 88832K, reserved 1179648K
  class space    used 10807K, committed 11200K, reserved 1048576K
}
Event: 2130.319 GC heap before
{Heap before GC invocations=70 (full 7):
 garbage-first heap   total 225280K, used 168682K [0x0000000709c00000, 0x0000000800000000)
  region size 2048K, 55 young (112640K), 4 survivors (8192K)
 Metaspace       used 88137K, committed 88960K, reserved 1179648K
  class space    used 10814K, committed 11200K, reserved 1048576K
}
Event: 2130.324 GC heap after
{Heap after GC invocations=71 (full 7):
 garbage-first heap   total 225280K, used 69965K [0x0000000709c00000, 0x0000000800000000)
  region size 2048K, 6 young (12288K), 6 survivors (12288K)
 Metaspace       used 88137K, committed 88960K, reserved 1179648K
  class space    used 10814K, committed 11200K, reserved 1048576K
}
Event: 2135.902 GC heap before
{Heap before GC invocations=71 (full 7):
 garbage-first heap   total 225280K, used 90445K [0x0000000709c00000, 0x0000000800000000)
  region size 2048K, 17 young (34816K), 6 survivors (12288K)
 Metaspace       used 88240K, committed 89152K, reserved 1179648K
  class space    used 10819K, committed 11264K, reserved 1048576K
}
Event: 2135.956 GC heap after
{Heap after GC invocations=72 (full 8):
 garbage-first heap   total 225280K, used 66573K [0x0000000709c00000, 0x0000000800000000)
  region size 2048K, 0 young (0K), 0 survivors (0K)
 Metaspace       used 88240K, committed 89152K, reserved 1179648K
  class space    used 10819K, committed 11264K, reserved 1048576K
}
Event: 2138.367 GC heap before
{Heap before GC invocations=72 (full 8):
 garbage-first heap   total 225280K, used 175117K [0x0000000709c00000, 0x0000000800000000)
  region size 2048K, 53 young (108544K), 0 survivors (0K)
 Metaspace       used 88416K, committed 89344K, reserved 1179648K
  class space    used 10838K, committed 11264K, reserved 1048576K
}
Event: 2138.372 GC heap after
{Heap after GC invocations=73 (full 8):
 garbage-first heap   total 225280K, used 73224K [0x0000000709c00000, 0x0000000800000000)
  region size 2048K, 4 young (8192K), 4 survivors (8192K)
 Metaspace       used 88416K, committed 89344K, reserved 1179648K
  class space    used 10838K, committed 11264K, reserved 1048576K
}
Event: 2140.494 GC heap before
{Heap before GC invocations=74 (full 8):
 garbage-first heap   total 225280K, used 173576K [0x0000000709c00000, 0x0000000800000000)
  region size 2048K, 54 young (110592K), 4 survivors (8192K)
 Metaspace       used 88578K, committed 89472K, reserved 1179648K
  class space    used 10846K, committed 11264K, reserved 1048576K
}
Event: 2140.497 GC heap after
{Heap after GC invocations=75 (full 8):
 garbage-first heap   total 225280K, used 77032K [0x0000000709c00000, 0x0000000800000000)
  region size 2048K, 6 young (12288K), 6 survivors (12288K)
 Metaspace       used 88578K, committed 89472K, reserved 1179648K
  class space    used 10846K, committed 11264K, reserved 1048576K
}
Event: 2140.875 GC heap before
{Heap before GC invocations=75 (full 8):
 garbage-first heap   total 225280K, used 177384K [0x0000000709c00000, 0x0000000800000000)
  region size 2048K, 55 young (112640K), 6 survivors (12288K)
 Metaspace       used 88846K, committed 89792K, reserved 1179648K
  class space    used 10853K, committed 11264K, reserved 1048576K
}
Event: 2140.880 GC heap after
{Heap after GC invocations=76 (full 8):
 garbage-first heap   total 225280K, used 80627K [0x0000000709c00000, 0x0000000800000000)
  region size 2048K, 5 young (10240K), 5 survivors (10240K)
 Metaspace       used 88846K, committed 89792K, reserved 1179648K
  class space    used 10853K, committed 11264K, reserved 1048576K
}

