# JRE version: OpenJDK Runtime Environment Temurin-21.0.6+7 (21.0.6+7) (build 21.0.6+7-LTS)
# Java VM: OpenJDK 64-Bit Server VM Temurin-21.0.6+7 (21.0.6+7-LTS, mixed mode, sharing, tiered, compressed oops, compressed class ptrs, parallel gc, windows-amd64)
GC Precious Log:
 CardTable entry size: 512
 CPUs: 16 total, 16 available
 Memory: 15752M
 Large Page Support: Disabled
 NUMA Support: Disabled
 Compressed Oops: Enabled (32-bit)
 Alignments: Space 512K, Generation 512K, Heap 2M
 Heap Min Capacity: 100M
 Heap Initial Capacity: 100M
 Heap Max Capacity: 1G
 Pre-touch: Disabled
 Parallel Workers: 13
Heap:
 PSYoungGen      total 4096K, used 2127K [0x00000000eab00000, 0x00000000eb080000, 0x0000000100000000)
  eden space 3584K, 47% used [0x00000000eab00000,0x00000000eacabc58,0x00000000eae80000)
  from space 512K, 81% used [0x00000000eb000000,0x00000000eb068000,0x00000000eb080000)
  to   space 1024K, 0% used [0x00000000eae80000,0x00000000eae80000,0x00000000eaf80000)
 ParOldGen       total 535040K, used 182285K [0x00000000c0000000, 0x00000000e0a80000, 0x00000000eab00000)
  object space 535040K, 34% used [0x00000000c0000000,0x00000000cb203688,0x00000000e0a80000)
 Metaspace       used 60789K, committed 62208K, reserved 1114112K
  class space    used 6380K, committed 7040K, reserved 1048576K
GC Heap History (20 events):
Event: 23.028 GC heap after
{Heap after GC invocations=751 (full 3):
 PSYoungGen      total 3584K, used 1295K [0x00000000eab00000, 0x00000000eb080000, 0x0000000100000000)
  eden space 2048K, 0% used [0x00000000eab00000,0x00000000eab00000,0x00000000ead00000)
  from space 1536K, 84% used [0x00000000eae80000,0x00000000eafc3e98,0x00000000eb000000)
  to   space 1536K, 0% used [0x00000000ead00000,0x00000000ead00000,0x00000000eae80000)
 ParOldGen       total 535040K, used 177215K [0x00000000c0000000, 0x00000000e0a80000, 0x00000000eab00000)
  object space 535040K, 33% used [0x00000000c0000000,0x00000000cad0ff60,0x00000000e0a80000)
 Metaspace       used 60250K, committed 61632K, reserved 1114112K
  class space    used 6334K, committed 6976K, reserved 1048576K
}
Event: 23.029 GC heap before
{Heap before GC invocations=752 (full 3):
 PSYoungGen      total 3584K, used 3343K [0x00000000eab00000, 0x00000000eb080000, 0x0000000100000000)
  eden space 2048K, 100% used [0x00000000eab00000,0x00000000ead00000,0x00000000ead00000)
  from space 1536K, 84% used [0x00000000eae80000,0x00000000eafc3e98,0x00000000eb000000)
  to   space 1536K, 0% used [0x00000000ead00000,0x00000000ead00000,0x00000000eae80000)
 ParOldGen       total 535040K, used 177215K [0x00000000c0000000, 0x00000000e0a80000, 0x00000000eab00000)
  object space 535040K, 33% used [0x00000000c0000000,0x00000000cad0ff60,0x00000000e0a80000)
 Metaspace       used 60250K, committed 61632K, reserved 1114112K
  class space    used 6334K, committed 6976K, reserved 1048576K
}
Event: 23.030 GC heap after
{Heap after GC invocations=752 (full 3):
 PSYoungGen      total 3584K, used 1278K [0x00000000eab00000, 0x00000000eb080000, 0x0000000100000000)
  eden space 2048K, 0% used [0x00000000eab00000,0x00000000eab00000,0x00000000ead00000)
  from space 1536K, 83% used [0x00000000ead00000,0x00000000eae3fab0,0x00000000eae80000)
  to   space 1536K, 0% used [0x00000000eaf00000,0x00000000eaf00000,0x00000000eb080000)
 ParOldGen       total 535040K, used 177389K [0x00000000c0000000, 0x00000000e0a80000, 0x00000000eab00000)
  object space 535040K, 33% used [0x00000000c0000000,0x00000000cad3b568,0x00000000e0a80000)
 Metaspace       used 60250K, committed 61632K, reserved 1114112K
  class space    used 6334K, committed 6976K, reserved 1048576K
}
Event: 23.034 GC heap before
{Heap before GC invocations=753 (full 3):
 PSYoungGen      total 3584K, used 3326K [0x00000000eab00000, 0x00000000eb080000, 0x0000000100000000)
  eden space 2048K, 99% used [0x00000000eab00000,0x00000000eacffff8,0x00000000ead00000)
  from space 1536K, 83% used [0x00000000ead00000,0x00000000eae3fab0,0x00000000eae80000)
  to   space 1536K, 0% used [0x00000000eaf00000,0x00000000eaf00000,0x00000000eb080000)
 ParOldGen       total 535040K, used 177389K [0x00000000c0000000, 0x00000000e0a80000, 0x00000000eab00000)
  object space 535040K, 33% used [0x00000000c0000000,0x00000000cad3b568,0x00000000e0a80000)
 Metaspace       used 60250K, committed 61632K, reserved 1114112K
  class space    used 6334K, committed 6976K, reserved 1048576K
}
Event: 23.035 GC heap after
{Heap after GC invocations=753 (full 3):
 PSYoungGen      total 4096K, used 960K [0x00000000eab00000, 0x00000000eb080000, 0x0000000100000000)
  eden space 2560K, 0% used [0x00000000eab00000,0x00000000eab00000,0x00000000ead80000)
  from space 1536K, 62% used [0x00000000eaf00000,0x00000000eaff0140,0x00000000eb080000)
  to   space 1536K, 0% used [0x00000000ead80000,0x00000000ead80000,0x00000000eaf00000)
 ParOldGen       total 535040K, used 178001K [0x00000000c0000000, 0x00000000e0a80000, 0x00000000eab00000)
  object space 535040K, 33% used [0x00000000c0000000,0x00000000cadd44f8,0x00000000e0a80000)
 Metaspace       used 60250K, committed 61632K, reserved 1114112K
  class space    used 6334K, committed 6976K, reserved 1048576K
}
Event: 23.036 GC heap before
{Heap before GC invocations=754 (full 3):
 PSYoungGen      total 4096K, used 3515K [0x00000000eab00000, 0x00000000eb080000, 0x0000000100000000)
  eden space 2560K, 99% used [0x00000000eab00000,0x00000000ead7ecf0,0x00000000ead80000)
  from space 1536K, 62% used [0x00000000eaf00000,0x00000000eaff0140,0x00000000eb080000)
  to   space 1536K, 0% used [0x00000000ead80000,0x00000000ead80000,0x00000000eaf00000)
 ParOldGen       total 535040K, used 178001K [0x00000000c0000000, 0x00000000e0a80000, 0x00000000eab00000)
  object space 535040K, 33% used [0x00000000c0000000,0x00000000cadd44f8,0x00000000e0a80000)
 Metaspace       used 60254K, committed 61632K, reserved 1114112K
  class space    used 6334K, committed 6976K, reserved 1048576K
}
Event: 23.037 GC heap after
{Heap after GC invocations=754 (full 3):
 PSYoungGen      total 4096K, used 617K [0x00000000eab00000, 0x00000000eb000000, 0x0000000100000000)
  eden space 2560K, 0% used [0x00000000eab00000,0x00000000eab00000,0x00000000ead80000)
  from space 1536K, 40% used [0x00000000ead80000,0x00000000eae1a720,0x00000000eaf00000)
  to   space 1024K, 0% used [0x00000000eaf00000,0x00000000eaf00000,0x00000000eb000000)
 ParOldGen       total 535040K, used 178681K [0x00000000c0000000, 0x00000000e0a80000, 0x00000000eab00000)
  object space 535040K, 33% used [0x00000000c0000000,0x00000000cae7e628,0x00000000e0a80000)
 Metaspace       used 60254K, committed 61632K, reserved 1114112K
  class space    used 6334K, committed 6976K, reserved 1048576K
}
Event: 23.039 GC heap before
{Heap before GC invocations=755 (full 3):
 PSYoungGen      total 4096K, used 3177K [0x00000000eab00000, 0x00000000eb000000, 0x0000000100000000)
  eden space 2560K, 100% used [0x00000000eab00000,0x00000000ead80000,0x00000000ead80000)
  from space 1536K, 40% used [0x00000000ead80000,0x00000000eae1a720,0x00000000eaf00000)
  to   space 1024K, 0% used [0x00000000eaf00000,0x00000000eaf00000,0x00000000eb000000)
 ParOldGen       total 535040K, used 178681K [0x00000000c0000000, 0x00000000e0a80000, 0x00000000eab00000)
  object space 535040K, 33% used [0x00000000c0000000,0x00000000cae7e628,0x00000000e0a80000)
 Metaspace       used 60254K, committed 61632K, reserved 1114112K
  class space    used 6334K, committed 6976K, reserved 1048576K
}
Event: 23.040 GC heap after
{Heap after GC invocations=755 (full 3):
 PSYoungGen      total 4096K, used 787K [0x00000000eab00000, 0x00000000eb000000, 0x0000000100000000)
  eden space 3072K, 0% used [0x00000000eab00000,0x00000000eab00000,0x00000000eae00000)
  from space 1024K, 76% used [0x00000000eaf00000,0x00000000eafc4e20,0x00000000eb000000)
  to   space 1024K, 0% used [0x00000000eae00000,0x00000000eae00000,0x00000000eaf00000)
 ParOldGen       total 535040K, used 178884K [0x00000000c0000000, 0x00000000e0a80000, 0x00000000eab00000)
  object space 535040K, 33% used [0x00000000c0000000,0x00000000caeb1230,0x00000000e0a80000)
 Metaspace       used 60254K, committed 61632K, reserved 1114112K
  class space    used 6334K, committed 6976K, reserved 1048576K
}
Event: 23.042 GC heap before
{Heap before GC invocations=756 (full 3):
 PSYoungGen      total 4096K, used 3859K [0x00000000eab00000, 0x00000000eb000000, 0x0000000100000000)
  eden space 3072K, 100% used [0x00000000eab00000,0x00000000eae00000,0x00000000eae00000)
  from space 1024K, 76% used [0x00000000eaf00000,0x00000000eafc4e20,0x00000000eb000000)
  to   space 1024K, 0% used [0x00000000eae00000,0x00000000eae00000,0x00000000eaf00000)
 ParOldGen       total 535040K, used 178884K [0x00000000c0000000, 0x00000000e0a80000, 0x00000000eab00000)
  object space 535040K, 33% used [0x00000000c0000000,0x00000000caeb1230,0x00000000e0a80000)
 Metaspace       used 60255K, committed 61632K, reserved 1114112K
  class space    used 6334K, committed 6976K, reserved 1048576K
}
Event: 23.043 GC heap after
{Heap after GC invocations=756 (full 3):
 PSYoungGen      total 4096K, used 837K [0x00000000eab00000, 0x00000000eb100000, 0x0000000100000000)
  eden space 3072K, 0% used [0x00000000eab00000,0x00000000eab00000,0x00000000eae00000)
  from space 1024K, 81% used [0x00000000eae00000,0x00000000eaed1478,0x00000000eaf00000)
  to   space 1024K, 0% used [0x00000000eb000000,0x00000000eb000000,0x00000000eb100000)
 ParOldGen       total 535040K, used 179076K [0x00000000c0000000, 0x00000000e0a80000, 0x00000000eab00000)
  object space 535040K, 33% used [0x00000000c0000000,0x00000000caee1230,0x00000000e0a80000)
 Metaspace       used 60255K, committed 61632K, reserved 1114112K
  class space    used 6334K, committed 6976K, reserved 1048576K
}
Event: 23.061 GC heap before
{Heap before GC invocations=757 (full 3):
 PSYoungGen      total 4096K, used 3909K [0x00000000eab00000, 0x00000000eb100000, 0x0000000100000000)
  eden space 3072K, 100% used [0x00000000eab00000,0x00000000eae00000,0x00000000eae00000)
  from space 1024K, 81% used [0x00000000eae00000,0x00000000eaed1478,0x00000000eaf00000)
  to   space 1024K, 0% used [0x00000000eb000000,0x00000000eb000000,0x00000000eb100000)
 ParOldGen       total 535040K, used 179076K [0x00000000c0000000, 0x00000000e0a80000, 0x00000000eab00000)
  object space 535040K, 33% used [0x00000000c0000000,0x00000000caee1230,0x00000000e0a80000)
 Metaspace       used 60261K, committed 61632K, reserved 1114112K
  class space    used 6334K, committed 6976K, reserved 1048576K
}
Event: 23.062 GC heap after
{Heap after GC invocations=757 (full 3):
 PSYoungGen      total 4608K, used 1013K [0x00000000eab00000, 0x00000000eb200000, 0x0000000100000000)
  eden space 3584K, 0% used [0x00000000eab00000,0x00000000eab00000,0x00000000eae80000)
  from space 1024K, 98% used [0x00000000eb000000,0x00000000eb0fd430,0x00000000eb100000)
  to   space 1536K, 0% used [0x00000000eae80000,0x00000000eae80000,0x00000000eb000000)
 ParOldGen       total 535040K, used 179477K [0x00000000c0000000, 0x00000000e0a80000, 0x00000000eab00000)
  object space 535040K, 33% used [0x00000000c0000000,0x00000000caf454e0,0x00000000e0a80000)
 Metaspace       used 60261K, committed 61632K, reserved 1114112K
  class space    used 6334K, committed 6976K, reserved 1048576K
}
Event: 23.073 GC heap before
{Heap before GC invocations=758 (full 3):
 PSYoungGen      total 4608K, used 4597K [0x00000000eab00000, 0x00000000eb200000, 0x0000000100000000)
  eden space 3584K, 100% used [0x00000000eab00000,0x00000000eae80000,0x00000000eae80000)
  from space 1024K, 98% used [0x00000000eb000000,0x00000000eb0fd430,0x00000000eb100000)
  to   space 1536K, 0% used [0x00000000eae80000,0x00000000eae80000,0x00000000eb000000)
 ParOldGen       total 535040K, used 179477K [0x00000000c0000000, 0x00000000e0a80000, 0x00000000eab00000)
  object space 535040K, 33% used [0x00000000c0000000,0x00000000caf454e0,0x00000000e0a80000)
 Metaspace       used 60266K, committed 61632K, reserved 1114112K
  class space    used 6334K, committed 6976K, reserved 1048576K
}
Event: 23.074 GC heap after
{Heap after GC invocations=758 (full 3):
 PSYoungGen      total 5120K, used 1462K [0x00000000eab00000, 0x00000000eb180000, 0x0000000100000000)
  eden space 3584K, 0% used [0x00000000eab00000,0x00000000eab00000,0x00000000eae80000)
  from space 1536K, 95% used [0x00000000eae80000,0x00000000eafeda98,0x00000000eb000000)
  to   space 1536K, 0% used [0x00000000eb000000,0x00000000eb000000,0x00000000eb180000)
 ParOldGen       total 535040K, used 179605K [0x00000000c0000000, 0x00000000e0a80000, 0x00000000eab00000)
  object space 535040K, 33% used [0x00000000c0000000,0x00000000caf654e0,0x00000000e0a80000)
 Metaspace       used 60266K, committed 61632K, reserved 1114112K
  class space    used 6334K, committed 6976K, reserved 1048576K
}
Event: 23.083 GC heap before
{Heap before GC invocations=759 (full 3):
 PSYoungGen      total 5120K, used 5046K [0x00000000eab00000, 0x00000000eb180000, 0x0000000100000000)
  eden space 3584K, 100% used [0x00000000eab00000,0x00000000eae80000,0x00000000eae80000)
  from space 1536K, 95% used [0x00000000eae80000,0x00000000eafeda98,0x00000000eb000000)
  to   space 1536K, 0% used [0x00000000eb000000,0x00000000eb000000,0x00000000eb180000)
 ParOldGen       total 535040K, used 179605K [0x00000000c0000000, 0x00000000e0a80000, 0x00000000eab00000)
  object space 535040K, 33% used [0x00000000c0000000,0x00000000caf654e0,0x00000000e0a80000)
 Metaspace       used 60272K, committed 61632K, reserved 1114112K
  class space    used 6334K, committed 6976K, reserved 1048576K
}
Event: 23.084 GC heap after
{Heap after GC invocations=759 (full 3):
 PSYoungGen      total 5120K, used 1209K [0x00000000eab00000, 0x00000000eb180000, 0x0000000100000000)
  eden space 3584K, 0% used [0x00000000eab00000,0x00000000eab00000,0x00000000eae80000)
  from space 1536K, 78% used [0x00000000eb000000,0x00000000eb12e438,0x00000000eb180000)
  to   space 1536K, 0% used [0x00000000eae80000,0x00000000eae80000,0x00000000eb000000)
 ParOldGen       total 535040K, used 179637K [0x00000000c0000000, 0x00000000e0a80000, 0x00000000eab00000)
  object space 535040K, 33% used [0x00000000c0000000,0x00000000caf6d4e0,0x00000000e0a80000)
 Metaspace       used 60272K, committed 61632K, reserved 1114112K
  class space    used 6334K, committed 6976K, reserved 1048576K
}
Event: 24.111 GC heap before
{Heap before GC invocations=760 (full 3):
 PSYoungGen      total 5120K, used 4793K [0x00000000eab00000, 0x00000000eb180000, 0x0000000100000000)
  eden space 3584K, 100% used [0x00000000eab00000,0x00000000eae80000,0x00000000eae80000)
  from space 1536K, 78% used [0x00000000eb000000,0x00000000eb12e438,0x00000000eb180000)
  to   space 1536K, 0% used [0x00000000eae80000,0x00000000eae80000,0x00000000eb000000)
 ParOldGen       total 535040K, used 179925K [0x00000000c0000000, 0x00000000e0a80000, 0x00000000eab00000)
  object space 535040K, 33% used [0x00000000c0000000,0x00000000cafb57c8,0x00000000e0a80000)
 Metaspace       used 60273K, committed 61632K, reserved 1114112K
  class space    used 6334K, committed 6976K, reserved 1048576K
}
Event: 24.112 GC heap after
{Heap after GC invocations=760 (full 3):
 PSYoungGen      total 4096K, used 468K [0x00000000eab00000, 0x00000000eb080000, 0x0000000100000000)
  eden space 3584K, 0% used [0x00000000eab00000,0x00000000eab00000,0x00000000eae80000)
  from space 512K, 91% used [0x00000000eae80000,0x00000000eaef5230,0x00000000eaf00000)
  to   space 1024K, 0% used [0x00000000eaf80000,0x00000000eaf80000,0x00000000eb080000)
 ParOldGen       total 535040K, used 179989K [0x00000000c0000000, 0x00000000e0a80000, 0x00000000eab00000)
  object space 535040K, 33% used [0x00000000c0000000,0x00000000cafc57c8,0x00000000e0a80000)
 Metaspace       used 60273K, committed 61632K, reserved 1114112K
  class space    used 6334K, committed 6976K, reserved 1048576K
}
Event: 24.116 GC heap before
{Heap before GC invocations=761 (full 3):
 PSYoungGen      total 4096K, used 4052K [0x00000000eab00000, 0x00000000eb080000, 0x0000000100000000)
  eden space 3584K, 100% used [0x00000000eab00000,0x00000000eae80000,0x00000000eae80000)
  from space 512K, 91% used [0x00000000eae80000,0x00000000eaef5230,0x00000000eaf00000)
  to   space 1024K, 0% used [0x00000000eaf80000,0x00000000eaf80000,0x00000000eb080000)
 ParOldGen       total 535040K, used 179992K [0x00000000c0000000, 0x00000000e0a80000, 0x00000000eab00000)
  object space 535040K, 33% used [0x00000000c0000000,0x00000000cafc62f8,0x00000000e0a80000)
 Metaspace       used 60274K, committed 61632K, reserved 1114112K
  class space    used 6334K, committed 6976K, reserved 1048576K
}

