# JRE version: Java(TM) SE Runtime Environment (17.0.11+7) (build 17.0.11+7-LTS-207)
# Java VM: Java HotSpot(TM) 64-Bit Server VM (17.0.11+7-LTS-207, mixed mode, sharing, tiered, compressed oops, compressed class ptrs, g1 gc, windows-amd64)
GC Precious Log:
 CPUs: 16 total, 16 available
 Memory: 15752M
 Large Page Support: Disabled
 NUMA Support: Disabled
 Compressed Oops: Enabled (Zero based)
 Heap Region Size: 2M
 Heap Min Capacity: 8M
 Heap Initial Capacity: 248M
 Heap Max Capacity: 3940M
 Pre-touch: Disabled
 Parallel Workers: 13
 Concurrent Workers: 3
 Concurrent Refinement Workers: 13
 Periodic GC: Disabled
Heap:
 garbage-first heap   total 137216K, used 73614K [0x0000000709c00000, 0x0000000800000000)
  region size 2048K, 18 young (36864K), 1 survivors (2048K)
 Metaspace       used 87308K, committed 87936K, reserved 1179648K
  class space    used 11112K, committed 11392K, reserved 1048576K
GC Heap History (20 events):
Event: 5.822 GC heap before
{Heap before GC invocations=20 (full 0):
 garbage-first heap   total 55296K, used 44629K [0x0000000709c00000, 0x0000000800000000)
  region size 2048K, 9 young (18432K), 1 survivors (2048K)
 Metaspace       used 65428K, committed 66048K, reserved 1114112K
  class space    used 8654K, committed 8960K, reserved 1048576K
}
Event: 5.824 GC heap after
{Heap after GC invocations=21 (full 0):
 garbage-first heap   total 55296K, used 28690K [0x0000000709c00000, 0x0000000800000000)
  region size 2048K, 2 young (4096K), 2 survivors (4096K)
 Metaspace       used 65428K, committed 66048K, reserved 1114112K
  class space    used 8654K, committed 8960K, reserved 1048576K
}
Event: 6.035 GC heap before
{Heap before GC invocations=22 (full 0):
 garbage-first heap   total 55296K, used 43026K [0x0000000709c00000, 0x0000000800000000)
  region size 2048K, 9 young (18432K), 2 survivors (4096K)
 Metaspace       used 66897K, committed 67520K, reserved 1114112K
  class space    used 8850K, committed 9152K, reserved 1048576K
}
Event: 6.037 GC heap after
{Heap after GC invocations=23 (full 0):
 garbage-first heap   total 55296K, used 29984K [0x0000000709c00000, 0x0000000800000000)
  region size 2048K, 2 young (4096K), 2 survivors (4096K)
 Metaspace       used 66897K, committed 67520K, reserved 1114112K
  class space    used 8850K, committed 9152K, reserved 1048576K
}
Event: 6.303 GC heap before
{Heap before GC invocations=23 (full 0):
 garbage-first heap   total 55296K, used 42272K [0x0000000709c00000, 0x0000000800000000)
  region size 2048K, 9 young (18432K), 2 survivors (4096K)
 Metaspace       used 68945K, committed 69568K, reserved 1114112K
  class space    used 9121K, committed 9408K, reserved 1048576K
}
Event: 6.306 GC heap after
{Heap after GC invocations=24 (full 0):
 garbage-first heap   total 55296K, used 31071K [0x0000000709c00000, 0x0000000800000000)
  region size 2048K, 2 young (4096K), 2 survivors (4096K)
 Metaspace       used 68945K, committed 69568K, reserved 1114112K
  class space    used 9121K, committed 9408K, reserved 1048576K
}
Event: 6.533 GC heap before
{Heap before GC invocations=25 (full 0):
 garbage-first heap   total 61440K, used 43359K [0x0000000709c00000, 0x0000000800000000)
  region size 2048K, 8 young (16384K), 2 survivors (4096K)
 Metaspace       used 70078K, committed 70656K, reserved 1114112K
  class space    used 9311K, committed 9600K, reserved 1048576K
}
Event: 6.536 GC heap after
{Heap after GC invocations=26 (full 0):
 garbage-first heap   total 61440K, used 31746K [0x0000000709c00000, 0x0000000800000000)
  region size 2048K, 1 young (2048K), 1 survivors (2048K)
 Metaspace       used 70078K, committed 70656K, reserved 1114112K
  class space    used 9311K, committed 9600K, reserved 1048576K
}
Event: 6.581 GC heap before
{Heap before GC invocations=26 (full 0):
 garbage-first heap   total 61440K, used 33794K [0x0000000709c00000, 0x0000000800000000)
  region size 2048K, 2 young (4096K), 1 survivors (2048K)
 Metaspace       used 70260K, committed 70784K, reserved 1114112K
  class space    used 9338K, committed 9600K, reserved 1048576K
}
Event: 6.584 GC heap after
{Heap after GC invocations=27 (full 0):
 garbage-first heap   total 61440K, used 31676K [0x0000000709c00000, 0x0000000800000000)
  region size 2048K, 1 young (2048K), 1 survivors (2048K)
 Metaspace       used 70260K, committed 70784K, reserved 1114112K
  class space    used 9338K, committed 9600K, reserved 1048576K
}
Event: 6.896 GC heap before
{Heap before GC invocations=27 (full 0):
 garbage-first heap   total 61440K, used 50108K [0x0000000709c00000, 0x0000000800000000)
  region size 2048K, 10 young (20480K), 1 survivors (2048K)
 Metaspace       used 71761K, committed 72320K, reserved 1114112K
  class space    used 9516K, committed 9792K, reserved 1048576K
}
Event: 6.898 GC heap after
{Heap after GC invocations=28 (full 0):
 garbage-first heap   total 61440K, used 32946K [0x0000000709c00000, 0x0000000800000000)
  region size 2048K, 2 young (4096K), 2 survivors (4096K)
 Metaspace       used 71761K, committed 72320K, reserved 1114112K
  class space    used 9516K, committed 9792K, reserved 1048576K
}
Event: 7.119 GC heap before
{Heap before GC invocations=29 (full 0):
 garbage-first heap   total 61440K, used 49330K [0x0000000709c00000, 0x0000000800000000)
  region size 2048K, 10 young (20480K), 2 survivors (4096K)
 Metaspace       used 72385K, committed 73024K, reserved 1114112K
  class space    used 9617K, committed 9920K, reserved 1048576K
}
Event: 7.121 GC heap after
{Heap after GC invocations=30 (full 0):
 garbage-first heap   total 61440K, used 34231K [0x0000000709c00000, 0x0000000800000000)
  region size 2048K, 2 young (4096K), 2 survivors (4096K)
 Metaspace       used 72385K, committed 73024K, reserved 1114112K
  class space    used 9617K, committed 9920K, reserved 1048576K
}
Event: 7.342 GC heap before
{Heap before GC invocations=30 (full 0):
 garbage-first heap   total 61440K, used 48567K [0x0000000709c00000, 0x0000000800000000)
  region size 2048K, 9 young (18432K), 2 survivors (4096K)
 Metaspace       used 73092K, committed 73728K, reserved 1114112K
  class space    used 9719K, committed 9984K, reserved 1048576K
}
Event: 7.345 GC heap after
{Heap after GC invocations=31 (full 0):
 garbage-first heap   total 157696K, used 35286K [0x0000000709c00000, 0x0000000800000000)
  region size 2048K, 2 young (4096K), 2 survivors (4096K)
 Metaspace       used 73092K, committed 73728K, reserved 1114112K
  class space    used 9719K, committed 9984K, reserved 1048576K
}
Event: 12.573 GC heap before
{Heap before GC invocations=32 (full 0):
 garbage-first heap   total 137216K, used 111062K [0x0000000709c00000, 0x0000000800000000)
  region size 2048K, 40 young (81920K), 2 survivors (4096K)
 Metaspace       used 83170K, committed 83904K, reserved 1179648K
  class space    used 10794K, committed 11136K, reserved 1048576K
}
Event: 12.578 GC heap after
{Heap after GC invocations=33 (full 0):
 garbage-first heap   total 137216K, used 39952K [0x0000000709c00000, 0x0000000800000000)
  region size 2048K, 4 young (8192K), 4 survivors (8192K)
 Metaspace       used 83170K, committed 83904K, reserved 1179648K
  class space    used 10794K, committed 11136K, reserved 1048576K
}
Event: 12.620 GC heap before
{Heap before GC invocations=33 (full 0):
 garbage-first heap   total 137216K, used 42000K [0x0000000709c00000, 0x0000000800000000)
  region size 2048K, 5 young (10240K), 4 survivors (8192K)
 Metaspace       used 84219K, committed 84864K, reserved 1179648K
  class space    used 10878K, committed 11200K, reserved 1048576K
}
Event: 12.622 GC heap after
{Heap after GC invocations=34 (full 0):
 garbage-first heap   total 137216K, used 40846K [0x0000000709c00000, 0x0000000800000000)
  region size 2048K, 1 young (2048K), 1 survivors (2048K)
 Metaspace       used 84219K, committed 84864K, reserved 1179648K
  class space    used 10878K, committed 11200K, reserved 1048576K
}

