# JRE version: OpenJDK Runtime Environment Temurin-21.0.6+7 (21.0.6+7) (build 21.0.6+7-LTS)
# Java VM: OpenJDK 64-Bit Server VM Temurin-21.0.6+7 (21.0.6+7-LTS, mixed mode, sharing, tiered, compressed oops, compressed class ptrs, parallel gc, windows-amd64)
GC Precious Log:
 CardTable entry size: 512
 CPUs: 16 total, 16 available
 Memory: 15752M
 Large Page Support: Disabled
 NUMA Support: Disabled
 Compressed Oops: Enabled (32-bit)
 Alignments: Space 512K, Generation 512K, Heap 2M
 Heap Min Capacity: 100M
 Heap Initial Capacity: 100M
 Heap Max Capacity: 1G
 Pre-touch: Disabled
 Parallel Workers: 13
Heap:
 PSYoungGen      total 6144K, used 1316K [0x00000000eab00000, 0x00000000eb200000, 0x0000000100000000)
  eden space 5120K, 8% used [0x00000000eab00000,0x00000000eab73320,0x00000000eb000000)
  from space 1024K, 83% used [0x00000000eb100000,0x00000000eb1d6028,0x00000000eb200000)
  to   space 1024K, 0% used [0x00000000eb000000,0x00000000eb000000,0x00000000eb100000)
 ParOldGen       total 359424K, used 359158K [0x00000000c0000000, 0x00000000d5f00000, 0x00000000eab00000)
  object space 359424K, 99% used [0x00000000c0000000,0x00000000d5ebdaf0,0x00000000d5f00000)
 Metaspace       used 61483K, committed 63040K, reserved 1114112K
  class space    used 6320K, committed 6976K, reserved 1048576K
GC Heap History (20 events):
Event: 9.806 GC heap after
{Heap after GC invocations=283 (full 3):
 PSYoungGen      total 5120K, used 760K [0x00000000eab00000, 0x00000000eb100000, 0x0000000100000000)
  eden space 4096K, 0% used [0x00000000eab00000,0x00000000eab00000,0x00000000eaf00000)
  from space 1024K, 74% used [0x00000000eb000000,0x00000000eb0be0a0,0x00000000eb100000)
  to   space 1024K, 0% used [0x00000000eaf00000,0x00000000eaf00000,0x00000000eb000000)
 ParOldGen       total 352256K, used 352175K [0x00000000c0000000, 0x00000000d5800000, 0x00000000eab00000)
  object space 352256K, 99% used [0x00000000c0000000,0x00000000d57ebcd0,0x00000000d5800000)
 Metaspace       used 61421K, committed 62976K, reserved 1114112K
  class space    used 6319K, committed 6976K, reserved 1048576K
}
Event: 9.814 GC heap before
{Heap before GC invocations=284 (full 3):
 PSYoungGen      total 5120K, used 4856K [0x00000000eab00000, 0x00000000eb100000, 0x0000000100000000)
  eden space 4096K, 100% used [0x00000000eab00000,0x00000000eaf00000,0x00000000eaf00000)
  from space 1024K, 74% used [0x00000000eb000000,0x00000000eb0be0a0,0x00000000eb100000)
  to   space 1024K, 0% used [0x00000000eaf00000,0x00000000eaf00000,0x00000000eb000000)
 ParOldGen       total 352256K, used 352175K [0x00000000c0000000, 0x00000000d5800000, 0x00000000eab00000)
  object space 352256K, 99% used [0x00000000c0000000,0x00000000d57ebcd0,0x00000000d5800000)
 Metaspace       used 61421K, committed 62976K, reserved 1114112K
  class space    used 6319K, committed 6976K, reserved 1048576K
}
Event: 9.815 GC heap after
{Heap after GC invocations=284 (full 3):
 PSYoungGen      total 5120K, used 800K [0x00000000eab00000, 0x00000000eb100000, 0x0000000100000000)
  eden space 4096K, 0% used [0x00000000eab00000,0x00000000eab00000,0x00000000eaf00000)
  from space 1024K, 78% used [0x00000000eaf00000,0x00000000eafc8000,0x00000000eb000000)
  to   space 1024K, 0% used [0x00000000eb000000,0x00000000eb000000,0x00000000eb100000)
 ParOldGen       total 353280K, used 352813K [0x00000000c0000000, 0x00000000d5900000, 0x00000000eab00000)
  object space 353280K, 99% used [0x00000000c0000000,0x00000000d588b4d8,0x00000000d5900000)
 Metaspace       used 61421K, committed 62976K, reserved 1114112K
  class space    used 6319K, committed 6976K, reserved 1048576K
}
Event: 9.824 GC heap before
{Heap before GC invocations=285 (full 3):
 PSYoungGen      total 5120K, used 4896K [0x00000000eab00000, 0x00000000eb100000, 0x0000000100000000)
  eden space 4096K, 100% used [0x00000000eab00000,0x00000000eaf00000,0x00000000eaf00000)
  from space 1024K, 78% used [0x00000000eaf00000,0x00000000eafc8000,0x00000000eb000000)
  to   space 1024K, 0% used [0x00000000eb000000,0x00000000eb000000,0x00000000eb100000)
 ParOldGen       total 353280K, used 352813K [0x00000000c0000000, 0x00000000d5900000, 0x00000000eab00000)
  object space 353280K, 99% used [0x00000000c0000000,0x00000000d588b4d8,0x00000000d5900000)
 Metaspace       used 61421K, committed 62976K, reserved 1114112K
  class space    used 6319K, committed 6976K, reserved 1048576K
}
Event: 9.825 GC heap after
{Heap after GC invocations=285 (full 3):
 PSYoungGen      total 5120K, used 704K [0x00000000eab00000, 0x00000000eb100000, 0x0000000100000000)
  eden space 4096K, 0% used [0x00000000eab00000,0x00000000eab00000,0x00000000eaf00000)
  from space 1024K, 68% used [0x00000000eb000000,0x00000000eb0b0000,0x00000000eb100000)
  to   space 1024K, 0% used [0x00000000eaf00000,0x00000000eaf00000,0x00000000eb000000)
 ParOldGen       total 353792K, used 353445K [0x00000000c0000000, 0x00000000d5980000, 0x00000000eab00000)
  object space 353792K, 99% used [0x00000000c0000000,0x00000000d59294d8,0x00000000d5980000)
 Metaspace       used 61421K, committed 62976K, reserved 1114112K
  class space    used 6319K, committed 6976K, reserved 1048576K
}
Event: 9.838 GC heap before
{Heap before GC invocations=286 (full 3):
 PSYoungGen      total 5120K, used 4800K [0x00000000eab00000, 0x00000000eb100000, 0x0000000100000000)
  eden space 4096K, 100% used [0x00000000eab00000,0x00000000eaf00000,0x00000000eaf00000)
  from space 1024K, 68% used [0x00000000eb000000,0x00000000eb0b0000,0x00000000eb100000)
  to   space 1024K, 0% used [0x00000000eaf00000,0x00000000eaf00000,0x00000000eb000000)
 ParOldGen       total 353792K, used 353445K [0x00000000c0000000, 0x00000000d5980000, 0x00000000eab00000)
  object space 353792K, 99% used [0x00000000c0000000,0x00000000d59294d8,0x00000000d5980000)
 Metaspace       used 61421K, committed 62976K, reserved 1114112K
  class space    used 6319K, committed 6976K, reserved 1048576K
}
Event: 9.839 GC heap after
{Heap after GC invocations=286 (full 3):
 PSYoungGen      total 5120K, used 672K [0x00000000eab00000, 0x00000000eb100000, 0x0000000100000000)
  eden space 4096K, 0% used [0x00000000eab00000,0x00000000eab00000,0x00000000eaf00000)
  from space 1024K, 65% used [0x00000000eaf00000,0x00000000eafa8000,0x00000000eb000000)
  to   space 1024K, 0% used [0x00000000eb000000,0x00000000eb000000,0x00000000eb100000)
 ParOldGen       total 354304K, used 354005K [0x00000000c0000000, 0x00000000d5a00000, 0x00000000eab00000)
  object space 354304K, 99% used [0x00000000c0000000,0x00000000d59b54d8,0x00000000d5a00000)
 Metaspace       used 61421K, committed 62976K, reserved 1114112K
  class space    used 6319K, committed 6976K, reserved 1048576K
}
Event: 9.850 GC heap before
{Heap before GC invocations=287 (full 3):
 PSYoungGen      total 5120K, used 4768K [0x00000000eab00000, 0x00000000eb100000, 0x0000000100000000)
  eden space 4096K, 100% used [0x00000000eab00000,0x00000000eaf00000,0x00000000eaf00000)
  from space 1024K, 65% used [0x00000000eaf00000,0x00000000eafa8000,0x00000000eb000000)
  to   space 1024K, 0% used [0x00000000eb000000,0x00000000eb000000,0x00000000eb100000)
 ParOldGen       total 354304K, used 354005K [0x00000000c0000000, 0x00000000d5a00000, 0x00000000eab00000)
  object space 354304K, 99% used [0x00000000c0000000,0x00000000d59b54d8,0x00000000d5a00000)
 Metaspace       used 61421K, committed 62976K, reserved 1114112K
  class space    used 6319K, committed 6976K, reserved 1048576K
}
Event: 9.851 GC heap after
{Heap after GC invocations=287 (full 3):
 PSYoungGen      total 5120K, used 780K [0x00000000eab00000, 0x00000000eb100000, 0x0000000100000000)
  eden space 4096K, 0% used [0x00000000eab00000,0x00000000eab00000,0x00000000eaf00000)
  from space 1024K, 76% used [0x00000000eb000000,0x00000000eb0c3008,0x00000000eb100000)
  to   space 1024K, 0% used [0x00000000eaf00000,0x00000000eaf00000,0x00000000eb000000)
 ParOldGen       total 354816K, used 354533K [0x00000000c0000000, 0x00000000d5a80000, 0x00000000eab00000)
  object space 354816K, 99% used [0x00000000c0000000,0x00000000d5a394d8,0x00000000d5a80000)
 Metaspace       used 61421K, committed 62976K, reserved 1114112K
  class space    used 6319K, committed 6976K, reserved 1048576K
}
Event: 9.859 GC heap before
{Heap before GC invocations=288 (full 3):
 PSYoungGen      total 5120K, used 4876K [0x00000000eab00000, 0x00000000eb100000, 0x0000000100000000)
  eden space 4096K, 100% used [0x00000000eab00000,0x00000000eaf00000,0x00000000eaf00000)
  from space 1024K, 76% used [0x00000000eb000000,0x00000000eb0c3008,0x00000000eb100000)
  to   space 1024K, 0% used [0x00000000eaf00000,0x00000000eaf00000,0x00000000eb000000)
 ParOldGen       total 354816K, used 354533K [0x00000000c0000000, 0x00000000d5a80000, 0x00000000eab00000)
  object space 354816K, 99% used [0x00000000c0000000,0x00000000d5a394d8,0x00000000d5a80000)
 Metaspace       used 61421K, committed 62976K, reserved 1114112K
  class space    used 6319K, committed 6976K, reserved 1048576K
}
Event: 9.860 GC heap after
{Heap after GC invocations=288 (full 3):
 PSYoungGen      total 5120K, used 736K [0x00000000eab00000, 0x00000000eb100000, 0x0000000100000000)
  eden space 4096K, 0% used [0x00000000eab00000,0x00000000eab00000,0x00000000eaf00000)
  from space 1024K, 71% used [0x00000000eaf00000,0x00000000eafb8000,0x00000000eb000000)
  to   space 1024K, 0% used [0x00000000eb000000,0x00000000eb000000,0x00000000eb100000)
 ParOldGen       total 355328K, used 355169K [0x00000000c0000000, 0x00000000d5b00000, 0x00000000eab00000)
  object space 355328K, 99% used [0x00000000c0000000,0x00000000d5ad84e0,0x00000000d5b00000)
 Metaspace       used 61421K, committed 62976K, reserved 1114112K
  class space    used 6319K, committed 6976K, reserved 1048576K
}
Event: 9.869 GC heap before
{Heap before GC invocations=289 (full 3):
 PSYoungGen      total 5120K, used 4832K [0x00000000eab00000, 0x00000000eb100000, 0x0000000100000000)
  eden space 4096K, 100% used [0x00000000eab00000,0x00000000eaf00000,0x00000000eaf00000)
  from space 1024K, 71% used [0x00000000eaf00000,0x00000000eafb8000,0x00000000eb000000)
  to   space 1024K, 0% used [0x00000000eb000000,0x00000000eb000000,0x00000000eb100000)
 ParOldGen       total 355328K, used 355169K [0x00000000c0000000, 0x00000000d5b00000, 0x00000000eab00000)
  object space 355328K, 99% used [0x00000000c0000000,0x00000000d5ad84e0,0x00000000d5b00000)
 Metaspace       used 61421K, committed 62976K, reserved 1114112K
  class space    used 6319K, committed 6976K, reserved 1048576K
}
Event: 9.870 GC heap after
{Heap after GC invocations=289 (full 3):
 PSYoungGen      total 5120K, used 736K [0x00000000eab00000, 0x00000000eb100000, 0x0000000100000000)
  eden space 4096K, 0% used [0x00000000eab00000,0x00000000eab00000,0x00000000eaf00000)
  from space 1024K, 71% used [0x00000000eb000000,0x00000000eb0b8000,0x00000000eb100000)
  to   space 1024K, 0% used [0x00000000eaf00000,0x00000000eaf00000,0x00000000eb000000)
 ParOldGen       total 355840K, used 355793K [0x00000000c0000000, 0x00000000d5b80000, 0x00000000eab00000)
  object space 355840K, 99% used [0x00000000c0000000,0x00000000d5b744e0,0x00000000d5b80000)
 Metaspace       used 61421K, committed 62976K, reserved 1114112K
  class space    used 6319K, committed 6976K, reserved 1048576K
}
Event: 9.879 GC heap before
{Heap before GC invocations=290 (full 3):
 PSYoungGen      total 5120K, used 4832K [0x00000000eab00000, 0x00000000eb100000, 0x0000000100000000)
  eden space 4096K, 100% used [0x00000000eab00000,0x00000000eaf00000,0x00000000eaf00000)
  from space 1024K, 71% used [0x00000000eb000000,0x00000000eb0b8000,0x00000000eb100000)
  to   space 1024K, 0% used [0x00000000eaf00000,0x00000000eaf00000,0x00000000eb000000)
 ParOldGen       total 355840K, used 355793K [0x00000000c0000000, 0x00000000d5b80000, 0x00000000eab00000)
  object space 355840K, 99% used [0x00000000c0000000,0x00000000d5b744e0,0x00000000d5b80000)
 Metaspace       used 61421K, committed 62976K, reserved 1114112K
  class space    used 6319K, committed 6976K, reserved 1048576K
}
Event: 9.880 GC heap after
{Heap after GC invocations=290 (full 3):
 PSYoungGen      total 5120K, used 768K [0x00000000eab00000, 0x00000000eb100000, 0x0000000100000000)
  eden space 4096K, 0% used [0x00000000eab00000,0x00000000eab00000,0x00000000eaf00000)
  from space 1024K, 75% used [0x00000000eaf00000,0x00000000eafc0000,0x00000000eb000000)
  to   space 1024K, 0% used [0x00000000eb000000,0x00000000eb000000,0x00000000eb100000)
 ParOldGen       total 356352K, used 356345K [0x00000000c0000000, 0x00000000d5c00000, 0x00000000eab00000)
  object space 356352K, 99% used [0x00000000c0000000,0x00000000d5bfe4e0,0x00000000d5c00000)
 Metaspace       used 61421K, committed 62976K, reserved 1114112K
  class space    used 6319K, committed 6976K, reserved 1048576K
}
Event: 9.888 GC heap before
{Heap before GC invocations=291 (full 3):
 PSYoungGen      total 5120K, used 4864K [0x00000000eab00000, 0x00000000eb100000, 0x0000000100000000)
  eden space 4096K, 100% used [0x00000000eab00000,0x00000000eaf00000,0x00000000eaf00000)
  from space 1024K, 75% used [0x00000000eaf00000,0x00000000eafc0000,0x00000000eb000000)
  to   space 1024K, 0% used [0x00000000eb000000,0x00000000eb000000,0x00000000eb100000)
 ParOldGen       total 356352K, used 356345K [0x00000000c0000000, 0x00000000d5c00000, 0x00000000eab00000)
  object space 356352K, 99% used [0x00000000c0000000,0x00000000d5bfe4e0,0x00000000d5c00000)
 Metaspace       used 61421K, committed 62976K, reserved 1114112K
  class space    used 6319K, committed 6976K, reserved 1048576K
}
Event: 9.889 GC heap after
{Heap after GC invocations=291 (full 3):
 PSYoungGen      total 5120K, used 736K [0x00000000eab00000, 0x00000000eb100000, 0x0000000100000000)
  eden space 4096K, 0% used [0x00000000eab00000,0x00000000eab00000,0x00000000eaf00000)
  from space 1024K, 71% used [0x00000000eb000000,0x00000000eb0b8000,0x00000000eb100000)
  to   space 1024K, 0% used [0x00000000eaf00000,0x00000000eaf00000,0x00000000eb000000)
 ParOldGen       total 357376K, used 356945K [0x00000000c0000000, 0x00000000d5d00000, 0x00000000eab00000)
  object space 357376K, 99% used [0x00000000c0000000,0x00000000d5c944e0,0x00000000d5d00000)
 Metaspace       used 61421K, committed 62976K, reserved 1114112K
  class space    used 6319K, committed 6976K, reserved 1048576K
}
Event: 9.898 GC heap before
{Heap before GC invocations=292 (full 3):
 PSYoungGen      total 5120K, used 4832K [0x00000000eab00000, 0x00000000eb100000, 0x0000000100000000)
  eden space 4096K, 100% used [0x00000000eab00000,0x00000000eaf00000,0x00000000eaf00000)
  from space 1024K, 71% used [0x00000000eb000000,0x00000000eb0b8000,0x00000000eb100000)
  to   space 1024K, 0% used [0x00000000eaf00000,0x00000000eaf00000,0x00000000eb000000)
 ParOldGen       total 357376K, used 356945K [0x00000000c0000000, 0x00000000d5d00000, 0x00000000eab00000)
  object space 357376K, 99% used [0x00000000c0000000,0x00000000d5c944e0,0x00000000d5d00000)
 Metaspace       used 61421K, committed 62976K, reserved 1114112K
  class space    used 6319K, committed 6976K, reserved 1048576K
}
Event: 9.898 GC heap after
{Heap after GC invocations=292 (full 3):
 PSYoungGen      total 5120K, used 704K [0x00000000eab00000, 0x00000000eb100000, 0x0000000100000000)
  eden space 4096K, 0% used [0x00000000eab00000,0x00000000eab00000,0x00000000eaf00000)
  from space 1024K, 68% used [0x00000000eaf00000,0x00000000eafb0000,0x00000000eb000000)
  to   space 1024K, 0% used [0x00000000eb000000,0x00000000eb000000,0x00000000eb100000)
 ParOldGen       total 357888K, used 357529K [0x00000000c0000000, 0x00000000d5d80000, 0x00000000eab00000)
  object space 357888K, 99% used [0x00000000c0000000,0x00000000d5d264e0,0x00000000d5d80000)
 Metaspace       used 61421K, committed 62976K, reserved 1114112K
  class space    used 6319K, committed 6976K, reserved 1048576K
}
Event: 9.906 GC heap before
{Heap before GC invocations=293 (full 3):
 PSYoungGen      total 5120K, used 4800K [0x00000000eab00000, 0x00000000eb100000, 0x0000000100000000)
  eden space 4096K, 100% used [0x00000000eab00000,0x00000000eaf00000,0x00000000eaf00000)
  from space 1024K, 68% used [0x00000000eaf00000,0x00000000eafb0000,0x00000000eb000000)
  to   space 1024K, 0% used [0x00000000eb000000,0x00000000eb000000,0x00000000eb100000)
 ParOldGen       total 357888K, used 357529K [0x00000000c0000000, 0x00000000d5d80000, 0x00000000eab00000)
  object space 357888K, 99% used [0x00000000c0000000,0x00000000d5d264e0,0x00000000d5d80000)
 Metaspace       used 61421K, committed 62976K, reserved 1114112K
  class space    used 6319K, committed 6976K, reserved 1048576K
}

