# JRE version: OpenJDK Runtime Environment Temurin-21.0.6+7 (21.0.6+7) (build 21.0.6+7-LTS)
# Java VM: OpenJDK 64-Bit Server VM Temurin-21.0.6+7 (21.0.6+7-LTS, mixed mode, sharing, tiered, compressed oops, compressed class ptrs, parallel gc, windows-amd64)
GC Precious Log:
 CardTable entry size: 512
 CPUs: 16 total, 16 available
 Memory: 15752M
 Large Page Support: Disabled
 NUMA Support: Disabled
 Compressed Oops: Enabled (32-bit)
 Alignments: Space 512K, Generation 512K, Heap 2M
 Heap Min Capacity: 100M
 Heap Initial Capacity: 100M
 Heap Max Capacity: 1G
 Pre-touch: Disabled
 Parallel Workers: 13
Heap:
 PSYoungGen      total 11264K, used 2646K [0x00000000eab00000, 0x00000000eb980000, 0x0000000100000000)
  eden space 9216K, 11% used [0x00000000eab00000,0x00000000eac0e448,0x00000000eb400000)
  from space 2048K, 76% used [0x00000000eb400000,0x00000000eb587700,0x00000000eb600000)
  to   space 2560K, 0% used [0x00000000eb700000,0x00000000eb700000,0x00000000eb980000)
 ParOldGen       total 314880K, used 281253K [0x00000000c0000000, 0x00000000d3380000, 0x00000000eab00000)
  object space 314880K, 89% used [0x00000000c0000000,0x00000000d12a9748,0x00000000d3380000)
 Metaspace       used 58515K, committed 59904K, reserved 1114112K
  class space    used 6023K, committed 6656K, reserved 1048576K
GC Heap History (20 events):
Event: 11.449 GC heap before
{Heap before GC invocations=314 (full 3):
 PSYoungGen      total 6144K, used 6144K [0x00000000eab00000, 0x00000000eb400000, 0x0000000100000000)
  eden space 4608K, 100% used [0x00000000eab00000,0x00000000eaf80000,0x00000000eaf80000)
  from space 1536K, 100% used [0x00000000eb180000,0x00000000eb300000,0x00000000eb300000)
  to   space 2048K, 0% used [0x00000000eaf80000,0x00000000eaf80000,0x00000000eb180000)
 ParOldGen       total 314880K, used 254608K [0x00000000c0000000, 0x00000000d3380000, 0x00000000eab00000)
  object space 314880K, 80% used [0x00000000c0000000,0x00000000cf8a4378,0x00000000d3380000)
 Metaspace       used 58436K, committed 59840K, reserved 1114112K
  class space    used 6022K, committed 6656K, reserved 1048576K
}
Event: 11.451 GC heap after
{Heap after GC invocations=314 (full 3):
 PSYoungGen      total 6656K, used 1744K [0x00000000eab00000, 0x00000000eb480000, 0x0000000100000000)
  eden space 4608K, 0% used [0x00000000eab00000,0x00000000eab00000,0x00000000eaf80000)
  from space 2048K, 85% used [0x00000000eaf80000,0x00000000eb134260,0x00000000eb180000)
  to   space 2048K, 0% used [0x00000000eb280000,0x00000000eb280000,0x00000000eb480000)
 ParOldGen       total 314880K, used 255848K [0x00000000c0000000, 0x00000000d3380000, 0x00000000eab00000)
  object space 314880K, 81% used [0x00000000c0000000,0x00000000cf9da3d8,0x00000000d3380000)
 Metaspace       used 58436K, committed 59840K, reserved 1114112K
  class space    used 6022K, committed 6656K, reserved 1048576K
}
Event: 11.457 GC heap before
{Heap before GC invocations=315 (full 3):
 PSYoungGen      total 6656K, used 6345K [0x00000000eab00000, 0x00000000eb480000, 0x0000000100000000)
  eden space 4608K, 99% used [0x00000000eab00000,0x00000000eaf7e388,0x00000000eaf80000)
  from space 2048K, 85% used [0x00000000eaf80000,0x00000000eb134260,0x00000000eb180000)
  to   space 2048K, 0% used [0x00000000eb280000,0x00000000eb280000,0x00000000eb480000)
 ParOldGen       total 314880K, used 255848K [0x00000000c0000000, 0x00000000d3380000, 0x00000000eab00000)
  object space 314880K, 81% used [0x00000000c0000000,0x00000000cf9da3d8,0x00000000d3380000)
 Metaspace       used 58436K, committed 59840K, reserved 1114112K
  class space    used 6022K, committed 6656K, reserved 1048576K
}
Event: 11.458 GC heap after
{Heap after GC invocations=315 (full 3):
 PSYoungGen      total 7680K, used 1470K [0x00000000eab00000, 0x00000000eb480000, 0x0000000100000000)
  eden space 5632K, 0% used [0x00000000eab00000,0x00000000eab00000,0x00000000eb080000)
  from space 2048K, 71% used [0x00000000eb280000,0x00000000eb3ef958,0x00000000eb480000)
  to   space 2048K, 0% used [0x00000000eb080000,0x00000000eb080000,0x00000000eb280000)
 ParOldGen       total 314880K, used 257205K [0x00000000c0000000, 0x00000000d3380000, 0x00000000eab00000)
  object space 314880K, 81% used [0x00000000c0000000,0x00000000cfb2d6b8,0x00000000d3380000)
 Metaspace       used 58436K, committed 59840K, reserved 1114112K
  class space    used 6022K, committed 6656K, reserved 1048576K
}
Event: 11.462 GC heap before
{Heap before GC invocations=316 (full 3):
 PSYoungGen      total 7680K, used 7102K [0x00000000eab00000, 0x00000000eb480000, 0x0000000100000000)
  eden space 5632K, 100% used [0x00000000eab00000,0x00000000eb080000,0x00000000eb080000)
  from space 2048K, 71% used [0x00000000eb280000,0x00000000eb3ef958,0x00000000eb480000)
  to   space 2048K, 0% used [0x00000000eb080000,0x00000000eb080000,0x00000000eb280000)
 ParOldGen       total 314880K, used 257205K [0x00000000c0000000, 0x00000000d3380000, 0x00000000eab00000)
  object space 314880K, 81% used [0x00000000c0000000,0x00000000cfb2d6b8,0x00000000d3380000)
 Metaspace       used 58437K, committed 59840K, reserved 1114112K
  class space    used 6022K, committed 6656K, reserved 1048576K
}
Event: 11.463 GC heap after
{Heap after GC invocations=316 (full 3):
 PSYoungGen      total 7680K, used 1951K [0x00000000eab00000, 0x00000000eb600000, 0x0000000100000000)
  eden space 5632K, 0% used [0x00000000eab00000,0x00000000eab00000,0x00000000eb080000)
  from space 2048K, 95% used [0x00000000eb080000,0x00000000eb267d88,0x00000000eb280000)
  to   space 2048K, 0% used [0x00000000eb400000,0x00000000eb400000,0x00000000eb600000)
 ParOldGen       total 314880K, used 258460K [0x00000000c0000000, 0x00000000d3380000, 0x00000000eab00000)
  object space 314880K, 82% used [0x00000000c0000000,0x00000000cfc67280,0x00000000d3380000)
 Metaspace       used 58437K, committed 59840K, reserved 1114112K
  class space    used 6022K, committed 6656K, reserved 1048576K
}
Event: 11.467 GC heap before
{Heap before GC invocations=317 (full 3):
 PSYoungGen      total 7680K, used 7583K [0x00000000eab00000, 0x00000000eb600000, 0x0000000100000000)
  eden space 5632K, 100% used [0x00000000eab00000,0x00000000eb080000,0x00000000eb080000)
  from space 2048K, 95% used [0x00000000eb080000,0x00000000eb267d88,0x00000000eb280000)
  to   space 2048K, 0% used [0x00000000eb400000,0x00000000eb400000,0x00000000eb600000)
 ParOldGen       total 314880K, used 258460K [0x00000000c0000000, 0x00000000d3380000, 0x00000000eab00000)
  object space 314880K, 82% used [0x00000000c0000000,0x00000000cfc67280,0x00000000d3380000)
 Metaspace       used 58437K, committed 59840K, reserved 1114112K
  class space    used 6022K, committed 6656K, reserved 1048576K
}
Event: 11.468 GC heap after
{Heap after GC invocations=317 (full 3):
 PSYoungGen      total 9216K, used 1900K [0x00000000eab00000, 0x00000000eb600000, 0x0000000100000000)
  eden space 7168K, 0% used [0x00000000eab00000,0x00000000eab00000,0x00000000eb200000)
  from space 2048K, 92% used [0x00000000eb400000,0x00000000eb5db350,0x00000000eb600000)
  to   space 2048K, 0% used [0x00000000eb200000,0x00000000eb200000,0x00000000eb400000)
 ParOldGen       total 314880K, used 260194K [0x00000000c0000000, 0x00000000d3380000, 0x00000000eab00000)
  object space 314880K, 82% used [0x00000000c0000000,0x00000000cfe18878,0x00000000d3380000)
 Metaspace       used 58437K, committed 59840K, reserved 1114112K
  class space    used 6022K, committed 6656K, reserved 1048576K
}
Event: 11.472 GC heap before
{Heap before GC invocations=318 (full 3):
 PSYoungGen      total 9216K, used 9065K [0x00000000eab00000, 0x00000000eb600000, 0x0000000100000000)
  eden space 7168K, 99% used [0x00000000eab00000,0x00000000eb1ff460,0x00000000eb200000)
  from space 2048K, 92% used [0x00000000eb400000,0x00000000eb5db350,0x00000000eb600000)
  to   space 2048K, 0% used [0x00000000eb200000,0x00000000eb200000,0x00000000eb400000)
 ParOldGen       total 314880K, used 260194K [0x00000000c0000000, 0x00000000d3380000, 0x00000000eab00000)
  object space 314880K, 82% used [0x00000000c0000000,0x00000000cfe18878,0x00000000d3380000)
 Metaspace       used 58439K, committed 59840K, reserved 1114112K
  class space    used 6022K, committed 6656K, reserved 1048576K
}
Event: 11.473 GC heap after
{Heap after GC invocations=318 (full 3):
 PSYoungGen      total 9216K, used 2036K [0x00000000eab00000, 0x00000000ebd80000, 0x0000000100000000)
  eden space 7168K, 0% used [0x00000000eab00000,0x00000000eab00000,0x00000000eb200000)
  from space 2048K, 99% used [0x00000000eb200000,0x00000000eb3fd030,0x00000000eb400000)
  to   space 5120K, 0% used [0x00000000eb880000,0x00000000eb880000,0x00000000ebd80000)
 ParOldGen       total 314880K, used 262779K [0x00000000c0000000, 0x00000000d3380000, 0x00000000eab00000)
  object space 314880K, 83% used [0x00000000c0000000,0x00000000d009ed80,0x00000000d3380000)
 Metaspace       used 58439K, committed 59840K, reserved 1114112K
  class space    used 6022K, committed 6656K, reserved 1048576K
}
Event: 11.476 GC heap before
{Heap before GC invocations=319 (full 3):
 PSYoungGen      total 9216K, used 9204K [0x00000000eab00000, 0x00000000ebd80000, 0x0000000100000000)
  eden space 7168K, 100% used [0x00000000eab00000,0x00000000eb200000,0x00000000eb200000)
  from space 2048K, 99% used [0x00000000eb200000,0x00000000eb3fd030,0x00000000eb400000)
  to   space 5120K, 0% used [0x00000000eb880000,0x00000000eb880000,0x00000000ebd80000)
 ParOldGen       total 314880K, used 262779K [0x00000000c0000000, 0x00000000d3380000, 0x00000000eab00000)
  object space 314880K, 83% used [0x00000000c0000000,0x00000000d009ed80,0x00000000d3380000)
 Metaspace       used 58441K, committed 59840K, reserved 1114112K
  class space    used 6022K, committed 6656K, reserved 1048576K
}
Event: 11.477 GC heap after
{Heap after GC invocations=319 (full 3):
 PSYoungGen      total 11776K, used 2774K [0x00000000eab00000, 0x00000000ebb80000, 0x0000000100000000)
  eden space 8704K, 0% used [0x00000000eab00000,0x00000000eab00000,0x00000000eb380000)
  from space 3072K, 90% used [0x00000000eb880000,0x00000000ebb35a28,0x00000000ebb80000)
  to   space 3584K, 0% used [0x00000000eb480000,0x00000000eb480000,0x00000000eb800000)
 ParOldGen       total 314880K, used 264577K [0x00000000c0000000, 0x00000000d3380000, 0x00000000eab00000)
  object space 314880K, 84% used [0x00000000c0000000,0x00000000d02606a0,0x00000000d3380000)
 Metaspace       used 58441K, committed 59840K, reserved 1114112K
  class space    used 6022K, committed 6656K, reserved 1048576K
}
Event: 11.482 GC heap before
{Heap before GC invocations=320 (full 3):
 PSYoungGen      total 11776K, used 11478K [0x00000000eab00000, 0x00000000ebb80000, 0x0000000100000000)
  eden space 8704K, 100% used [0x00000000eab00000,0x00000000eb380000,0x00000000eb380000)
  from space 3072K, 90% used [0x00000000eb880000,0x00000000ebb35a28,0x00000000ebb80000)
  to   space 3584K, 0% used [0x00000000eb480000,0x00000000eb480000,0x00000000eb800000)
 ParOldGen       total 314880K, used 264577K [0x00000000c0000000, 0x00000000d3380000, 0x00000000eab00000)
  object space 314880K, 84% used [0x00000000c0000000,0x00000000d02606a0,0x00000000d3380000)
 Metaspace       used 58448K, committed 59840K, reserved 1114112K
  class space    used 6022K, committed 6656K, reserved 1048576K
}
Event: 11.483 GC heap after
{Heap after GC invocations=320 (full 3):
 PSYoungGen      total 13312K, used 3328K [0x00000000eab00000, 0x00000000ebc80000, 0x0000000100000000)
  eden space 9728K, 0% used [0x00000000eab00000,0x00000000eab00000,0x00000000eb480000)
  from space 3584K, 92% used [0x00000000eb480000,0x00000000eb7c03d8,0x00000000eb800000)
  to   space 3584K, 0% used [0x00000000eb900000,0x00000000eb900000,0x00000000ebc80000)
 ParOldGen       total 314880K, used 267186K [0x00000000c0000000, 0x00000000d3380000, 0x00000000eab00000)
  object space 314880K, 84% used [0x00000000c0000000,0x00000000d04ec958,0x00000000d3380000)
 Metaspace       used 58448K, committed 59840K, reserved 1114112K
  class space    used 6022K, committed 6656K, reserved 1048576K
}
Event: 11.489 GC heap before
{Heap before GC invocations=321 (full 3):
 PSYoungGen      total 13312K, used 13051K [0x00000000eab00000, 0x00000000ebc80000, 0x0000000100000000)
  eden space 9728K, 99% used [0x00000000eab00000,0x00000000eb47e8e0,0x00000000eb480000)
  from space 3584K, 92% used [0x00000000eb480000,0x00000000eb7c03d8,0x00000000eb800000)
  to   space 3584K, 0% used [0x00000000eb900000,0x00000000eb900000,0x00000000ebc80000)
 ParOldGen       total 314880K, used 267186K [0x00000000c0000000, 0x00000000d3380000, 0x00000000eab00000)
  object space 314880K, 84% used [0x00000000c0000000,0x00000000d04ec958,0x00000000d3380000)
 Metaspace       used 58451K, committed 59840K, reserved 1114112K
  class space    used 6022K, committed 6656K, reserved 1048576K
}
Event: 13.506 GC heap after
{Heap after GC invocations=321 (full 3):
 PSYoungGen      total 13312K, used 3552K [0x00000000eab00000, 0x00000000ebc80000, 0x0000000100000000)
  eden space 9728K, 0% used [0x00000000eab00000,0x00000000eab00000,0x00000000eb480000)
  from space 3584K, 99% used [0x00000000eb900000,0x00000000ebc782d0,0x00000000ebc80000)
  to   space 3584K, 0% used [0x00000000eb480000,0x00000000eb480000,0x00000000eb800000)
 ParOldGen       total 314880K, used 270687K [0x00000000c0000000, 0x00000000d3380000, 0x00000000eab00000)
  object space 314880K, 85% used [0x00000000c0000000,0x00000000d0857ed0,0x00000000d3380000)
 Metaspace       used 58451K, committed 59840K, reserved 1114112K
  class space    used 6022K, committed 6656K, reserved 1048576K
}
Event: 13.510 GC heap before
{Heap before GC invocations=322 (full 3):
 PSYoungGen      total 13312K, used 13274K [0x00000000eab00000, 0x00000000ebc80000, 0x0000000100000000)
  eden space 9728K, 99% used [0x00000000eab00000,0x00000000eb47e918,0x00000000eb480000)
  from space 3584K, 99% used [0x00000000eb900000,0x00000000ebc782d0,0x00000000ebc80000)
  to   space 3584K, 0% used [0x00000000eb480000,0x00000000eb480000,0x00000000eb800000)
 ParOldGen       total 314880K, used 270687K [0x00000000c0000000, 0x00000000d3380000, 0x00000000eab00000)
  object space 314880K, 85% used [0x00000000c0000000,0x00000000d0857ed0,0x00000000d3380000)
 Metaspace       used 58451K, committed 59840K, reserved 1114112K
  class space    used 6022K, committed 6656K, reserved 1048576K
}
Event: 15.523 GC heap after
{Heap after GC invocations=322 (full 3):
 PSYoungGen      total 13312K, used 3558K [0x00000000eab00000, 0x00000000ebc80000, 0x0000000100000000)
  eden space 9728K, 0% used [0x00000000eab00000,0x00000000eab00000,0x00000000eb480000)
  from space 3584K, 99% used [0x00000000eb480000,0x00000000eb7f9938,0x00000000eb800000)
  to   space 3584K, 0% used [0x00000000eb900000,0x00000000eb900000,0x00000000ebc80000)
 ParOldGen       total 314880K, used 274644K [0x00000000c0000000, 0x00000000d3380000, 0x00000000eab00000)
  object space 314880K, 87% used [0x00000000c0000000,0x00000000d0c350c8,0x00000000d3380000)
 Metaspace       used 58451K, committed 59840K, reserved 1114112K
  class space    used 6022K, committed 6656K, reserved 1048576K
}
Event: 15.529 GC heap before
{Heap before GC invocations=323 (full 3):
 PSYoungGen      total 13312K, used 13270K [0x00000000eab00000, 0x00000000ebc80000, 0x0000000100000000)
  eden space 9728K, 99% used [0x00000000eab00000,0x00000000eb47c190,0x00000000eb480000)
  from space 3584K, 99% used [0x00000000eb480000,0x00000000eb7f9938,0x00000000eb800000)
  to   space 3584K, 0% used [0x00000000eb900000,0x00000000eb900000,0x00000000ebc80000)
 ParOldGen       total 314880K, used 274644K [0x00000000c0000000, 0x00000000d3380000, 0x00000000eab00000)
  object space 314880K, 87% used [0x00000000c0000000,0x00000000d0c350c8,0x00000000d3380000)
 Metaspace       used 58452K, committed 59840K, reserved 1114112K
  class space    used 6022K, committed 6656K, reserved 1048576K
}
Event: 15.530 GC heap after
{Heap after GC invocations=323 (full 3):
 PSYoungGen      total 12800K, used 3500K [0x00000000eab00000, 0x00000000ebe80000, 0x0000000100000000)
  eden space 9216K, 0% used [0x00000000eab00000,0x00000000eab00000,0x00000000eb400000)
  from space 3584K, 97% used [0x00000000eb900000,0x00000000ebc6b2c8,0x00000000ebc80000)
  to   space 5120K, 0% used [0x00000000eb400000,0x00000000eb400000,0x00000000eb900000)
 ParOldGen       total 314880K, used 278010K [0x00000000c0000000, 0x00000000d3380000, 0x00000000eab00000)
  object space 314880K, 88% used [0x00000000c0000000,0x00000000d0f7ea10,0x00000000d3380000)
 Metaspace       used 58452K, committed 59840K, reserved 1114112K
  class space    used 6022K, committed 6656K, reserved 1048576K
}

