# JRE version: OpenJDK Runtime Environment Temurin-21.0.6+7 (21.0.6+7) (build 21.0.6+7-LTS)
# Java VM: OpenJDK 64-Bit Server VM Temurin-21.0.6+7 (21.0.6+7-LTS, mixed mode, sharing, tiered, compressed oops, compressed class ptrs, parallel gc, windows-amd64)
GC Precious Log:
 CardTable entry size: 512
 CPUs: 16 total, 16 available
 Memory: 15752M
 Large Page Support: Disabled
 NUMA Support: Disabled
 Compressed Oops: Enabled (32-bit)
 Alignments: Space 512K, Generation 512K, Heap 2M
 Heap Min Capacity: 100M
 Heap Initial Capacity: 100M
 Heap Max Capacity: 1G
 Pre-touch: Disabled
 Parallel Workers: 13
Heap:
 PSYoungGen      total 11264K, used 1135K [0x00000000eab00000, 0x00000000ebd80000, 0x0000000100000000)
  eden space 10752K, 6% used [0x00000000eab00000,0x00000000eabb3f98,0x00000000eb580000)
  from space 512K, 81% used [0x00000000ebd00000,0x00000000ebd68000,0x00000000ebd80000)
  to   space 512K, 0% used [0x00000000ebc80000,0x00000000ebc80000,0x00000000ebd00000)
 ParOldGen       total 369664K, used 369598K [0x00000000c0000000, 0x00000000d6900000, 0x00000000eab00000)
  object space 369664K, 99% used [0x00000000c0000000,0x00000000d68efa40,0x00000000d6900000)
 Metaspace       used 73225K, committed 74944K, reserved 1179648K
  class space    used 7512K, committed 8256K, reserved 1048576K
GC Heap History (20 events):
Event: 24.197 GC heap before
{Heap before GC invocations=1483 (full 4):
 PSYoungGen      total 11776K, used 11254K [0x00000000eab00000, 0x00000000ec000000, 0x0000000100000000)
  eden space 10752K, 98% used [0x00000000eab00000,0x00000000eb55dbf0,0x00000000eb580000)
  from space 1024K, 62% used [0x00000000ebf00000,0x00000000ebfa0000,0x00000000ec000000)
  to   space 1024K, 0% used [0x00000000ebe00000,0x00000000ebe00000,0x00000000ebf00000)
 ParOldGen       total 365568K, used 365534K [0x00000000c0000000, 0x00000000d6500000, 0x00000000eab00000)
  object space 365568K, 99% used [0x00000000c0000000,0x00000000d64f7ac0,0x00000000d6500000)
 Metaspace       used 69533K, committed 71168K, reserved 1114112K
  class space    used 7074K, committed 7744K, reserved 1048576K
}
Event: 24.198 GC heap after
{Heap after GC invocations=1483 (full 4):
 PSYoungGen      total 11776K, used 882K [0x00000000eab00000, 0x00000000ebf80000, 0x0000000100000000)
  eden space 10752K, 0% used [0x00000000eab00000,0x00000000eab00000,0x00000000eb580000)
  from space 1024K, 86% used [0x00000000ebe00000,0x00000000ebedc8d0,0x00000000ebf00000)
  to   space 512K, 0% used [0x00000000ebf00000,0x00000000ebf00000,0x00000000ebf80000)
 ParOldGen       total 366080K, used 365943K [0x00000000c0000000, 0x00000000d6580000, 0x00000000eab00000)
  object space 366080K, 99% used [0x00000000c0000000,0x00000000d655dc50,0x00000000d6580000)
 Metaspace       used 69533K, committed 71168K, reserved 1114112K
  class space    used 7074K, committed 7744K, reserved 1048576K
}
Event: 24.292 GC heap before
{Heap before GC invocations=1484 (full 4):
 PSYoungGen      total 11776K, used 11634K [0x00000000eab00000, 0x00000000ebf80000, 0x0000000100000000)
  eden space 10752K, 100% used [0x00000000eab00000,0x00000000eb580000,0x00000000eb580000)
  from space 1024K, 86% used [0x00000000ebe00000,0x00000000ebedc8d0,0x00000000ebf00000)
  to   space 512K, 0% used [0x00000000ebf00000,0x00000000ebf00000,0x00000000ebf80000)
 ParOldGen       total 366080K, used 365943K [0x00000000c0000000, 0x00000000d6580000, 0x00000000eab00000)
  object space 366080K, 99% used [0x00000000c0000000,0x00000000d655dc50,0x00000000d6580000)
 Metaspace       used 70795K, committed 72448K, reserved 1114112K
  class space    used 7250K, committed 7936K, reserved 1048576K
}
Event: 24.294 GC heap after
{Heap after GC invocations=1484 (full 4):
 PSYoungGen      total 11264K, used 448K [0x00000000eab00000, 0x00000000ebf80000, 0x0000000100000000)
  eden space 10752K, 0% used [0x00000000eab00000,0x00000000eab00000,0x00000000eb580000)
  from space 512K, 87% used [0x00000000ebf00000,0x00000000ebf70000,0x00000000ebf80000)
  to   space 1024K, 0% used [0x00000000ebd80000,0x00000000ebd80000,0x00000000ebe80000)
 ParOldGen       total 366592K, used 366230K [0x00000000c0000000, 0x00000000d6600000, 0x00000000eab00000)
  object space 366592K, 99% used [0x00000000c0000000,0x00000000d65a5838,0x00000000d6600000)
 Metaspace       used 70795K, committed 72448K, reserved 1114112K
  class space    used 7250K, committed 7936K, reserved 1048576K
}
Event: 30.943 GC heap before
{Heap before GC invocations=1485 (full 4):
 PSYoungGen      total 11264K, used 11200K [0x00000000eab00000, 0x00000000ebf80000, 0x0000000100000000)
  eden space 10752K, 100% used [0x00000000eab00000,0x00000000eb580000,0x00000000eb580000)
  from space 512K, 87% used [0x00000000ebf00000,0x00000000ebf70000,0x00000000ebf80000)
  to   space 1024K, 0% used [0x00000000ebd80000,0x00000000ebd80000,0x00000000ebe80000)
 ParOldGen       total 366592K, used 366230K [0x00000000c0000000, 0x00000000d6600000, 0x00000000eab00000)
  object space 366592K, 99% used [0x00000000c0000000,0x00000000d65a5838,0x00000000d6600000)
 Metaspace       used 71948K, committed 73664K, reserved 1179648K
  class space    used 7424K, committed 8192K, reserved 1048576K
}
Event: 30.944 GC heap after
{Heap after GC invocations=1485 (full 4):
 PSYoungGen      total 11776K, used 800K [0x00000000eab00000, 0x00000000ebf80000, 0x0000000100000000)
  eden space 10752K, 0% used [0x00000000eab00000,0x00000000eab00000,0x00000000eb580000)
  from space 1024K, 78% used [0x00000000ebd80000,0x00000000ebe48020,0x00000000ebe80000)
  to   space 1024K, 0% used [0x00000000ebe80000,0x00000000ebe80000,0x00000000ebf80000)
 ParOldGen       total 366592K, used 366422K [0x00000000c0000000, 0x00000000d6600000, 0x00000000eab00000)
  object space 366592K, 99% used [0x00000000c0000000,0x00000000d65d5868,0x00000000d6600000)
 Metaspace       used 71948K, committed 73664K, reserved 1179648K
  class space    used 7424K, committed 8192K, reserved 1048576K
}
Event: 75.254 GC heap before
{Heap before GC invocations=1486 (full 4):
 PSYoungGen      total 11776K, used 11552K [0x00000000eab00000, 0x00000000ebf80000, 0x0000000100000000)
  eden space 10752K, 100% used [0x00000000eab00000,0x00000000eb580000,0x00000000eb580000)
  from space 1024K, 78% used [0x00000000ebd80000,0x00000000ebe48020,0x00000000ebe80000)
  to   space 1024K, 0% used [0x00000000ebe80000,0x00000000ebe80000,0x00000000ebf80000)
 ParOldGen       total 366592K, used 366422K [0x00000000c0000000, 0x00000000d6600000, 0x00000000eab00000)
  object space 366592K, 99% used [0x00000000c0000000,0x00000000d65d5868,0x00000000d6600000)
 Metaspace       used 72277K, committed 73984K, reserved 1179648K
  class space    used 7445K, committed 8192K, reserved 1048576K
}
Event: 75.256 GC heap after
{Heap after GC invocations=1486 (full 4):
 PSYoungGen      total 11776K, used 1012K [0x00000000eab00000, 0x00000000ebf80000, 0x0000000100000000)
  eden space 10752K, 0% used [0x00000000eab00000,0x00000000eab00000,0x00000000eb580000)
  from space 1024K, 98% used [0x00000000ebe80000,0x00000000ebf7d240,0x00000000ebf80000)
  to   space 2048K, 0% used [0x00000000ebb80000,0x00000000ebb80000,0x00000000ebd80000)
 ParOldGen       total 367104K, used 366918K [0x00000000c0000000, 0x00000000d6680000, 0x00000000eab00000)
  object space 367104K, 99% used [0x00000000c0000000,0x00000000d6651868,0x00000000d6680000)
 Metaspace       used 72277K, committed 73984K, reserved 1179648K
  class space    used 7445K, committed 8192K, reserved 1048576K
}
Event: 75.615 GC heap before
{Heap before GC invocations=1487 (full 4):
 PSYoungGen      total 11776K, used 11764K [0x00000000eab00000, 0x00000000ebf80000, 0x0000000100000000)
  eden space 10752K, 99% used [0x00000000eab00000,0x00000000eb57ffb0,0x00000000eb580000)
  from space 1024K, 98% used [0x00000000ebe80000,0x00000000ebf7d240,0x00000000ebf80000)
  to   space 2048K, 0% used [0x00000000ebb80000,0x00000000ebb80000,0x00000000ebd80000)
 ParOldGen       total 367104K, used 366918K [0x00000000c0000000, 0x00000000d6680000, 0x00000000eab00000)
  object space 367104K, 99% used [0x00000000c0000000,0x00000000d6651868,0x00000000d6680000)
 Metaspace       used 72680K, committed 74368K, reserved 1179648K
  class space    used 7462K, committed 8192K, reserved 1048576K
}
Event: 75.616 GC heap after
{Heap after GC invocations=1487 (full 4):
 PSYoungGen      total 12800K, used 782K [0x00000000eab00000, 0x00000000ebf00000, 0x0000000100000000)
  eden space 10752K, 0% used [0x00000000eab00000,0x00000000eab00000,0x00000000eb580000)
  from space 2048K, 38% used [0x00000000ebb80000,0x00000000ebc43b40,0x00000000ebd80000)
  to   space 1536K, 0% used [0x00000000ebd80000,0x00000000ebd80000,0x00000000ebf00000)
 ParOldGen       total 368128K, used 367901K [0x00000000c0000000, 0x00000000d6780000, 0x00000000eab00000)
  object space 368128K, 99% used [0x00000000c0000000,0x00000000d67475f0,0x00000000d6780000)
 Metaspace       used 72680K, committed 74368K, reserved 1179648K
  class space    used 7462K, committed 8192K, reserved 1048576K
}
Event: 118.656 GC heap before
{Heap before GC invocations=1488 (full 4):
 PSYoungGen      total 12800K, used 11534K [0x00000000eab00000, 0x00000000ebf00000, 0x0000000100000000)
  eden space 10752K, 100% used [0x00000000eab00000,0x00000000eb580000,0x00000000eb580000)
  from space 2048K, 38% used [0x00000000ebb80000,0x00000000ebc43b40,0x00000000ebd80000)
  to   space 1536K, 0% used [0x00000000ebd80000,0x00000000ebd80000,0x00000000ebf00000)
 ParOldGen       total 368128K, used 367901K [0x00000000c0000000, 0x00000000d6780000, 0x00000000eab00000)
  object space 368128K, 99% used [0x00000000c0000000,0x00000000d67475f0,0x00000000d6780000)
 Metaspace       used 72923K, committed 74624K, reserved 1179648K
  class space    used 7464K, committed 8192K, reserved 1048576K
}
Event: 118.657 GC heap after
{Heap after GC invocations=1488 (full 4):
 PSYoungGen      total 11776K, used 596K [0x00000000eab00000, 0x00000000ebe80000, 0x0000000100000000)
  eden space 10752K, 0% used [0x00000000eab00000,0x00000000eab00000,0x00000000eb580000)
  from space 1024K, 58% used [0x00000000ebd80000,0x00000000ebe15220,0x00000000ebe80000)
  to   space 1024K, 0% used [0x00000000ebc80000,0x00000000ebc80000,0x00000000ebd80000)
 ParOldGen       total 368128K, used 368085K [0x00000000c0000000, 0x00000000d6780000, 0x00000000eab00000)
  object space 368128K, 99% used [0x00000000c0000000,0x00000000d6775610,0x00000000d6780000)
 Metaspace       used 72923K, committed 74624K, reserved 1179648K
  class space    used 7464K, committed 8192K, reserved 1048576K
}
Event: 118.687 GC heap before
{Heap before GC invocations=1489 (full 4):
 PSYoungGen      total 11776K, used 11348K [0x00000000eab00000, 0x00000000ebe80000, 0x0000000100000000)
  eden space 10752K, 100% used [0x00000000eab00000,0x00000000eb580000,0x00000000eb580000)
  from space 1024K, 58% used [0x00000000ebd80000,0x00000000ebe15220,0x00000000ebe80000)
  to   space 1024K, 0% used [0x00000000ebc80000,0x00000000ebc80000,0x00000000ebd80000)
 ParOldGen       total 368128K, used 368085K [0x00000000c0000000, 0x00000000d6780000, 0x00000000eab00000)
  object space 368128K, 99% used [0x00000000c0000000,0x00000000d6775610,0x00000000d6780000)
 Metaspace       used 72940K, committed 74624K, reserved 1179648K
  class space    used 7464K, committed 8192K, reserved 1048576K
}
Event: 118.688 GC heap after
{Heap after GC invocations=1489 (full 4):
 PSYoungGen      total 11776K, used 1018K [0x00000000eab00000, 0x00000000ebe00000, 0x0000000100000000)
  eden space 10752K, 0% used [0x00000000eab00000,0x00000000eab00000,0x00000000eb580000)
  from space 1024K, 99% used [0x00000000ebc80000,0x00000000ebd7e920,0x00000000ebd80000)
  to   space 512K, 0% used [0x00000000ebd80000,0x00000000ebd80000,0x00000000ebe00000)
 ParOldGen       total 368640K, used 368245K [0x00000000c0000000, 0x00000000d6800000, 0x00000000eab00000)
  object space 368640K, 99% used [0x00000000c0000000,0x00000000d679d610,0x00000000d6800000)
 Metaspace       used 72940K, committed 74624K, reserved 1179648K
  class space    used 7464K, committed 8192K, reserved 1048576K
}
Event: 120.806 GC heap before
{Heap before GC invocations=1490 (full 4):
 PSYoungGen      total 11776K, used 11770K [0x00000000eab00000, 0x00000000ebe00000, 0x0000000100000000)
  eden space 10752K, 100% used [0x00000000eab00000,0x00000000eb580000,0x00000000eb580000)
  from space 1024K, 99% used [0x00000000ebc80000,0x00000000ebd7e920,0x00000000ebd80000)
  to   space 512K, 0% used [0x00000000ebd80000,0x00000000ebd80000,0x00000000ebe00000)
 ParOldGen       total 368640K, used 368245K [0x00000000c0000000, 0x00000000d6800000, 0x00000000eab00000)
  object space 368640K, 99% used [0x00000000c0000000,0x00000000d679d610,0x00000000d6800000)
 Metaspace       used 73202K, committed 74880K, reserved 1179648K
  class space    used 7512K, committed 8256K, reserved 1048576K
}
Event: 120.807 GC heap after
{Heap after GC invocations=1490 (full 4):
 PSYoungGen      total 11264K, used 500K [0x00000000eab00000, 0x00000000ebe00000, 0x0000000100000000)
  eden space 10752K, 0% used [0x00000000eab00000,0x00000000eab00000,0x00000000eb580000)
  from space 512K, 97% used [0x00000000ebd80000,0x00000000ebdfd200,0x00000000ebe00000)
  to   space 2048K, 0% used [0x00000000eba00000,0x00000000eba00000,0x00000000ebc00000)
 ParOldGen       total 369664K, used 369294K [0x00000000c0000000, 0x00000000d6900000, 0x00000000eab00000)
  object space 369664K, 99% used [0x00000000c0000000,0x00000000d68a3a30,0x00000000d6900000)
 Metaspace       used 73202K, committed 74880K, reserved 1179648K
  class space    used 7512K, committed 8256K, reserved 1048576K
}
Event: 120.843 GC heap before
{Heap before GC invocations=1491 (full 4):
 PSYoungGen      total 11264K, used 11153K [0x00000000eab00000, 0x00000000ebe00000, 0x0000000100000000)
  eden space 10752K, 99% used [0x00000000eab00000,0x00000000eb5675c8,0x00000000eb580000)
  from space 512K, 97% used [0x00000000ebd80000,0x00000000ebdfd200,0x00000000ebe00000)
  to   space 2048K, 0% used [0x00000000eba00000,0x00000000eba00000,0x00000000ebc00000)
 ParOldGen       total 369664K, used 369294K [0x00000000c0000000, 0x00000000d6900000, 0x00000000eab00000)
  object space 369664K, 99% used [0x00000000c0000000,0x00000000d68a3a30,0x00000000d6900000)
 Metaspace       used 73214K, committed 74880K, reserved 1179648K
  class space    used 7512K, committed 8256K, reserved 1048576K
}
Event: 120.844 GC heap after
{Heap after GC invocations=1491 (full 4):
 PSYoungGen      total 12800K, used 448K [0x00000000eab00000, 0x00000000ebe00000, 0x0000000100000000)
  eden space 10752K, 0% used [0x00000000eab00000,0x00000000eab00000,0x00000000eb580000)
  from space 2048K, 21% used [0x00000000eba00000,0x00000000eba70000,0x00000000ebc00000)
  to   space 1024K, 0% used [0x00000000ebd00000,0x00000000ebd00000,0x00000000ebe00000)
 ParOldGen       total 369664K, used 369510K [0x00000000c0000000, 0x00000000d6900000, 0x00000000eab00000)
  object space 369664K, 99% used [0x00000000c0000000,0x00000000d68d9a30,0x00000000d6900000)
 Metaspace       used 73214K, committed 74880K, reserved 1179648K
  class space    used 7512K, committed 8256K, reserved 1048576K
}
Event: 121.067 GC heap before
{Heap before GC invocations=1492 (full 4):
 PSYoungGen      total 12800K, used 11200K [0x00000000eab00000, 0x00000000ebe00000, 0x0000000100000000)
  eden space 10752K, 100% used [0x00000000eab00000,0x00000000eb580000,0x00000000eb580000)
  from space 2048K, 21% used [0x00000000eba00000,0x00000000eba70000,0x00000000ebc00000)
  to   space 1024K, 0% used [0x00000000ebd00000,0x00000000ebd00000,0x00000000ebe00000)
 ParOldGen       total 369664K, used 369510K [0x00000000c0000000, 0x00000000d6900000, 0x00000000eab00000)
  object space 369664K, 99% used [0x00000000c0000000,0x00000000d68d9a30,0x00000000d6900000)
 Metaspace       used 73219K, committed 74944K, reserved 1179648K
  class space    used 7512K, committed 8256K, reserved 1048576K
}
Event: 121.067 GC heap after
{Heap after GC invocations=1492 (full 4):
 PSYoungGen      total 11264K, used 416K [0x00000000eab00000, 0x00000000ebd80000, 0x0000000100000000)
  eden space 10752K, 0% used [0x00000000eab00000,0x00000000eab00000,0x00000000eb580000)
  from space 512K, 81% used [0x00000000ebd00000,0x00000000ebd68000,0x00000000ebd80000)
  to   space 512K, 0% used [0x00000000ebc80000,0x00000000ebc80000,0x00000000ebd00000)
 ParOldGen       total 369664K, used 369598K [0x00000000c0000000, 0x00000000d6900000, 0x00000000eab00000)
  object space 369664K, 99% used [0x00000000c0000000,0x00000000d68efa40,0x00000000d6900000)
 Metaspace       used 73219K, committed 74944K, reserved 1179648K
  class space    used 7512K, committed 8256K, reserved 1048576K
}

