# JRE version: OpenJDK Runtime Environment Temurin-21.0.6+7 (21.0.6+7) (build 21.0.6+7-LTS)
# Java VM: OpenJDK 64-Bit Server VM Temurin-21.0.6+7 (21.0.6+7-LTS, mixed mode, sharing, tiered, compressed oops, compressed class ptrs, parallel gc, windows-amd64)
GC Precious Log:
 CardTable entry size: 512
 CPUs: 16 total, 16 available
 Memory: 15752M
 Large Page Support: Disabled
 NUMA Support: Disabled
 Compressed Oops: Enabled (32-bit)
 Alignments: Space 512K, Generation 512K, Heap 2M
 Heap Min Capacity: 100M
 Heap Initial Capacity: 100M
 Heap Max Capacity: 1G
 Pre-touch: Disabled
 Parallel Workers: 13
Heap:
 PSYoungGen      total 18432K, used 8920K [0x00000000eab00000, 0x00000000ec580000, 0x0000000100000000)
  eden space 10752K, 13% used [0x00000000eab00000,0x00000000eac6c930,0x00000000eb580000)
  from space 7680K, 97% used [0x00000000ebe00000,0x00000000ec5499b8,0x00000000ec580000)
  to   space 8192K, 0% used [0x00000000eb580000,0x00000000eb580000,0x00000000ebd80000)
 ParOldGen       total 353280K, used 320814K [0x00000000c0000000, 0x00000000d5900000, 0x00000000eab00000)
  object space 353280K, 90% used [0x00000000c0000000,0x00000000d394bb68,0x00000000d5900000)
 Metaspace       used 59769K, committed 61184K, reserved 1114112K
  class space    used 6122K, committed 6720K, reserved 1048576K
GC Heap History (20 events):
Event: 8.152 GC heap before
{Heap before GC invocations=269 (full 2):
 PSYoungGen      total 17920K, used 10630K [0x00000000eab00000, 0x00000000ec100000, 0x0000000100000000)
  eden space 14336K, 51% used [0x00000000eab00000,0x00000000eb244ab0,0x00000000eb900000)
  from space 3584K, 88% used [0x00000000ebd80000,0x00000000ec09ce50,0x00000000ec100000)
  to   space 4096K, 0% used [0x00000000eb900000,0x00000000eb900000,0x00000000ebd00000)
 ParOldGen       total 350720K, used 350317K [0x00000000c0000000, 0x00000000d5680000, 0x00000000eab00000)
  object space 350720K, 99% used [0x00000000c0000000,0x00000000d561b548,0x00000000d5680000)
 Metaspace       used 58396K, committed 59776K, reserved 1114112K
  class space    used 6013K, committed 6592K, reserved 1048576K
}
Event: 8.155 GC heap after
{Heap after GC invocations=269 (full 2):
 PSYoungGen      total 16384K, used 1794K [0x00000000eab00000, 0x00000000ebe00000, 0x0000000100000000)
  eden space 14336K, 0% used [0x00000000eab00000,0x00000000eab00000,0x00000000eb900000)
  from space 2048K, 87% used [0x00000000eb900000,0x00000000ebac0880,0x00000000ebb00000)
  to   space 2560K, 0% used [0x00000000ebb80000,0x00000000ebb80000,0x00000000ebe00000)
 ParOldGen       total 353280K, used 353175K [0x00000000c0000000, 0x00000000d5900000, 0x00000000eab00000)
  object space 353280K, 99% used [0x00000000c0000000,0x00000000d58e5d30,0x00000000d5900000)
 Metaspace       used 58396K, committed 59776K, reserved 1114112K
  class space    used 6013K, committed 6592K, reserved 1048576K
}
Event: 8.155 GC heap before
{Heap before GC invocations=270 (full 3):
 PSYoungGen      total 16384K, used 1794K [0x00000000eab00000, 0x00000000ebe00000, 0x0000000100000000)
  eden space 14336K, 0% used [0x00000000eab00000,0x00000000eab00000,0x00000000eb900000)
  from space 2048K, 87% used [0x00000000eb900000,0x00000000ebac0880,0x00000000ebb00000)
  to   space 2560K, 0% used [0x00000000ebb80000,0x00000000ebb80000,0x00000000ebe00000)
 ParOldGen       total 353280K, used 353175K [0x00000000c0000000, 0x00000000d5900000, 0x00000000eab00000)
  object space 353280K, 99% used [0x00000000c0000000,0x00000000d58e5d30,0x00000000d5900000)
 Metaspace       used 58396K, committed 59776K, reserved 1114112K
  class space    used 6013K, committed 6592K, reserved 1048576K
}
Event: 8.290 GC heap after
{Heap after GC invocations=270 (full 3):
 PSYoungGen      total 16384K, used 0K [0x00000000eab00000, 0x00000000ebe00000, 0x0000000100000000)
  eden space 14336K, 0% used [0x00000000eab00000,0x00000000eab00000,0x00000000eb900000)
  from space 2048K, 0% used [0x00000000eb900000,0x00000000eb900000,0x00000000ebb00000)
  to   space 2560K, 0% used [0x00000000ebb80000,0x00000000ebb80000,0x00000000ebe00000)
 ParOldGen       total 353280K, used 279376K [0x00000000c0000000, 0x00000000d5900000, 0x00000000eab00000)
  object space 353280K, 79% used [0x00000000c0000000,0x00000000d10d4220,0x00000000d5900000)
 Metaspace       used 58396K, committed 59776K, reserved 1114112K
  class space    used 6013K, committed 6592K, reserved 1048576K
}
Event: 8.369 GC heap before
{Heap before GC invocations=271 (full 3):
 PSYoungGen      total 16384K, used 14336K [0x00000000eab00000, 0x00000000ebe00000, 0x0000000100000000)
  eden space 14336K, 100% used [0x00000000eab00000,0x00000000eb900000,0x00000000eb900000)
  from space 2048K, 0% used [0x00000000eb900000,0x00000000eb900000,0x00000000ebb00000)
  to   space 2560K, 0% used [0x00000000ebb80000,0x00000000ebb80000,0x00000000ebe00000)
 ParOldGen       total 353280K, used 279376K [0x00000000c0000000, 0x00000000d5900000, 0x00000000eab00000)
  object space 353280K, 79% used [0x00000000c0000000,0x00000000d10d4220,0x00000000d5900000)
 Metaspace       used 58493K, committed 59904K, reserved 1114112K
  class space    used 6013K, committed 6592K, reserved 1048576K
}
Event: 10.378 GC heap after
{Heap after GC invocations=271 (full 3):
 PSYoungGen      total 16896K, used 2555K [0x00000000eab00000, 0x00000000ebe00000, 0x0000000100000000)
  eden space 14336K, 0% used [0x00000000eab00000,0x00000000eab00000,0x00000000eb900000)
  from space 2560K, 99% used [0x00000000ebb80000,0x00000000ebdfef40,0x00000000ebe00000)
  to   space 2048K, 0% used [0x00000000eb900000,0x00000000eb900000,0x00000000ebb00000)
 ParOldGen       total 353280K, used 283400K [0x00000000c0000000, 0x00000000d5900000, 0x00000000eab00000)
  object space 353280K, 80% used [0x00000000c0000000,0x00000000d14c2360,0x00000000d5900000)
 Metaspace       used 58493K, committed 59904K, reserved 1114112K
  class space    used 6013K, committed 6592K, reserved 1048576K
}
Event: 10.441 GC heap before
{Heap before GC invocations=272 (full 3):
 PSYoungGen      total 16896K, used 16891K [0x00000000eab00000, 0x00000000ebe00000, 0x0000000100000000)
  eden space 14336K, 100% used [0x00000000eab00000,0x00000000eb900000,0x00000000eb900000)
  from space 2560K, 99% used [0x00000000ebb80000,0x00000000ebdfef40,0x00000000ebe00000)
  to   space 2048K, 0% used [0x00000000eb900000,0x00000000eb900000,0x00000000ebb00000)
 ParOldGen       total 353280K, used 283400K [0x00000000c0000000, 0x00000000d5900000, 0x00000000eab00000)
  object space 353280K, 80% used [0x00000000c0000000,0x00000000d14c2360,0x00000000d5900000)
 Metaspace       used 58611K, committed 59968K, reserved 1114112K
  class space    used 6026K, committed 6592K, reserved 1048576K
}
Event: 10.444 GC heap after
{Heap after GC invocations=272 (full 3):
 PSYoungGen      total 16384K, used 2017K [0x00000000eab00000, 0x00000000ece00000, 0x0000000100000000)
  eden space 14336K, 0% used [0x00000000eab00000,0x00000000eab00000,0x00000000eb900000)
  from space 2048K, 98% used [0x00000000eb900000,0x00000000ebaf8600,0x00000000ebb00000)
  to   space 10752K, 0% used [0x00000000ec380000,0x00000000ec380000,0x00000000ece00000)
 ParOldGen       total 353280K, used 290977K [0x00000000c0000000, 0x00000000d5900000, 0x00000000eab00000)
  object space 353280K, 82% used [0x00000000c0000000,0x00000000d1c28558,0x00000000d5900000)
 Metaspace       used 58611K, committed 59968K, reserved 1114112K
  class space    used 6026K, committed 6592K, reserved 1048576K
}
Event: 10.502 GC heap before
{Heap before GC invocations=273 (full 3):
 PSYoungGen      total 16384K, used 16353K [0x00000000eab00000, 0x00000000ece00000, 0x0000000100000000)
  eden space 14336K, 100% used [0x00000000eab00000,0x00000000eb900000,0x00000000eb900000)
  from space 2048K, 98% used [0x00000000eb900000,0x00000000ebaf8600,0x00000000ebb00000)
  to   space 10752K, 0% used [0x00000000ec380000,0x00000000ec380000,0x00000000ece00000)
 ParOldGen       total 353280K, used 290977K [0x00000000c0000000, 0x00000000d5900000, 0x00000000eab00000)
  object space 353280K, 82% used [0x00000000c0000000,0x00000000d1c28558,0x00000000d5900000)
 Metaspace       used 58865K, committed 60224K, reserved 1114112K
  class space    used 6063K, committed 6656K, reserved 1048576K
}
Event: 10.505 GC heap after
{Heap after GC invocations=273 (full 3):
 PSYoungGen      total 19968K, used 5607K [0x00000000eab00000, 0x00000000ec900000, 0x0000000100000000)
  eden space 14336K, 0% used [0x00000000eab00000,0x00000000eab00000,0x00000000eb900000)
  from space 5632K, 99% used [0x00000000ec380000,0x00000000ec8f9e30,0x00000000ec900000)
  to   space 7168K, 0% used [0x00000000ebb00000,0x00000000ebb00000,0x00000000ec200000)
 ParOldGen       total 353280K, used 292996K [0x00000000c0000000, 0x00000000d5900000, 0x00000000eab00000)
  object space 353280K, 82% used [0x00000000c0000000,0x00000000d1e213e0,0x00000000d5900000)
 Metaspace       used 58865K, committed 60224K, reserved 1114112K
  class space    used 6063K, committed 6656K, reserved 1048576K
}
Event: 10.557 GC heap before
{Heap before GC invocations=274 (full 3):
 PSYoungGen      total 19968K, used 19799K [0x00000000eab00000, 0x00000000ec900000, 0x0000000100000000)
  eden space 14336K, 98% used [0x00000000eab00000,0x00000000eb8dc060,0x00000000eb900000)
  from space 5632K, 99% used [0x00000000ec380000,0x00000000ec8f9e30,0x00000000ec900000)
  to   space 7168K, 0% used [0x00000000ebb00000,0x00000000ebb00000,0x00000000ec200000)
 ParOldGen       total 353280K, used 292996K [0x00000000c0000000, 0x00000000d5900000, 0x00000000eab00000)
  object space 353280K, 82% used [0x00000000c0000000,0x00000000d1e213e0,0x00000000d5900000)
 Metaspace       used 58939K, committed 60352K, reserved 1114112K
  class space    used 6063K, committed 6656K, reserved 1048576K
}
Event: 10.561 GC heap after
{Heap after GC invocations=274 (full 3):
 PSYoungGen      total 18432K, used 3599K [0x00000000eab00000, 0x00000000ec400000, 0x0000000100000000)
  eden space 14336K, 0% used [0x00000000eab00000,0x00000000eab00000,0x00000000eb900000)
  from space 4096K, 87% used [0x00000000ebb00000,0x00000000ebe83fc8,0x00000000ebf00000)
  to   space 4608K, 0% used [0x00000000ebf80000,0x00000000ebf80000,0x00000000ec400000)
 ParOldGen       total 353280K, used 298430K [0x00000000c0000000, 0x00000000d5900000, 0x00000000eab00000)
  object space 353280K, 84% used [0x00000000c0000000,0x00000000d236f958,0x00000000d5900000)
 Metaspace       used 58939K, committed 60352K, reserved 1114112K
  class space    used 6063K, committed 6656K, reserved 1048576K
}
Event: 10.598 GC heap before
{Heap before GC invocations=275 (full 3):
 PSYoungGen      total 18432K, used 17935K [0x00000000eab00000, 0x00000000ec400000, 0x0000000100000000)
  eden space 14336K, 100% used [0x00000000eab00000,0x00000000eb900000,0x00000000eb900000)
  from space 4096K, 87% used [0x00000000ebb00000,0x00000000ebe83fc8,0x00000000ebf00000)
  to   space 4608K, 0% used [0x00000000ebf80000,0x00000000ebf80000,0x00000000ec400000)
 ParOldGen       total 353280K, used 298430K [0x00000000c0000000, 0x00000000d5900000, 0x00000000eab00000)
  object space 353280K, 84% used [0x00000000c0000000,0x00000000d236f958,0x00000000d5900000)
 Metaspace       used 59042K, committed 60480K, reserved 1114112K
  class space    used 6063K, committed 6656K, reserved 1048576K
}
Event: 10.603 GC heap after
{Heap after GC invocations=275 (full 3):
 PSYoungGen      total 17920K, used 3235K [0x00000000eab00000, 0x00000000ec300000, 0x0000000100000000)
  eden space 14336K, 0% used [0x00000000eab00000,0x00000000eab00000,0x00000000eb900000)
  from space 3584K, 90% used [0x00000000ebf80000,0x00000000ec2a8fd0,0x00000000ec300000)
  to   space 3584K, 0% used [0x00000000ebc00000,0x00000000ebc00000,0x00000000ebf80000)
 ParOldGen       total 353280K, used 301219K [0x00000000c0000000, 0x00000000d5900000, 0x00000000eab00000)
  object space 353280K, 85% used [0x00000000c0000000,0x00000000d2628de0,0x00000000d5900000)
 Metaspace       used 59042K, committed 60480K, reserved 1114112K
  class space    used 6063K, committed 6656K, reserved 1048576K
}
Event: 10.643 GC heap before
{Heap before GC invocations=276 (full 3):
 PSYoungGen      total 17920K, used 17571K [0x00000000eab00000, 0x00000000ec300000, 0x0000000100000000)
  eden space 14336K, 100% used [0x00000000eab00000,0x00000000eb900000,0x00000000eb900000)
  from space 3584K, 90% used [0x00000000ebf80000,0x00000000ec2a8fd0,0x00000000ec300000)
  to   space 3584K, 0% used [0x00000000ebc00000,0x00000000ebc00000,0x00000000ebf80000)
 ParOldGen       total 353280K, used 301219K [0x00000000c0000000, 0x00000000d5900000, 0x00000000eab00000)
  object space 353280K, 85% used [0x00000000c0000000,0x00000000d2628de0,0x00000000d5900000)
 Metaspace       used 59145K, committed 60544K, reserved 1114112K
  class space    used 6065K, committed 6656K, reserved 1048576K
}
Event: 10.646 GC heap after
{Heap after GC invocations=276 (full 3):
 PSYoungGen      total 17408K, used 2907K [0x00000000eab00000, 0x00000000ec000000, 0x0000000100000000)
  eden space 14336K, 0% used [0x00000000eab00000,0x00000000eab00000,0x00000000eb900000)
  from space 3072K, 94% used [0x00000000ebc00000,0x00000000ebed6e60,0x00000000ebf00000)
  to   space 1024K, 0% used [0x00000000ebf00000,0x00000000ebf00000,0x00000000ec000000)
 ParOldGen       total 353280K, used 303993K [0x00000000c0000000, 0x00000000d5900000, 0x00000000eab00000)
  object space 353280K, 86% used [0x00000000c0000000,0x00000000d28de7f0,0x00000000d5900000)
 Metaspace       used 59145K, committed 60544K, reserved 1114112K
  class space    used 6065K, committed 6656K, reserved 1048576K
}
Event: 10.757 GC heap before
{Heap before GC invocations=277 (full 3):
 PSYoungGen      total 17408K, used 17243K [0x00000000eab00000, 0x00000000ec000000, 0x0000000100000000)
  eden space 14336K, 100% used [0x00000000eab00000,0x00000000eb900000,0x00000000eb900000)
  from space 3072K, 94% used [0x00000000ebc00000,0x00000000ebed6e60,0x00000000ebf00000)
  to   space 1024K, 0% used [0x00000000ebf00000,0x00000000ebf00000,0x00000000ec000000)
 ParOldGen       total 353280K, used 303993K [0x00000000c0000000, 0x00000000d5900000, 0x00000000eab00000)
  object space 353280K, 86% used [0x00000000c0000000,0x00000000d28de7f0,0x00000000d5900000)
 Metaspace       used 59280K, committed 60672K, reserved 1114112K
  class space    used 6067K, committed 6656K, reserved 1048576K
}
Event: 10.761 GC heap after
{Heap after GC invocations=277 (full 3):
 PSYoungGen      total 11776K, used 1023K [0x00000000eab00000, 0x00000000ecc00000, 0x0000000100000000)
  eden space 10752K, 0% used [0x00000000eab00000,0x00000000eab00000,0x00000000eb580000)
  from space 1024K, 99% used [0x00000000ebf00000,0x00000000ebfffe30,0x00000000ec000000)
  to   space 9728K, 0% used [0x00000000eb580000,0x00000000eb580000,0x00000000ebf00000)
 ParOldGen       total 353280K, used 311599K [0x00000000c0000000, 0x00000000d5900000, 0x00000000eab00000)
  object space 353280K, 88% used [0x00000000c0000000,0x00000000d304bd08,0x00000000d5900000)
 Metaspace       used 59280K, committed 60672K, reserved 1114112K
  class space    used 6067K, committed 6656K, reserved 1048576K
}
Event: 10.917 GC heap before
{Heap before GC invocations=278 (full 3):
 PSYoungGen      total 11776K, used 11775K [0x00000000eab00000, 0x00000000ecc00000, 0x0000000100000000)
  eden space 10752K, 100% used [0x00000000eab00000,0x00000000eb580000,0x00000000eb580000)
  from space 1024K, 99% used [0x00000000ebf00000,0x00000000ebfffe30,0x00000000ec000000)
  to   space 9728K, 0% used [0x00000000eb580000,0x00000000eb580000,0x00000000ebf00000)
 ParOldGen       total 353280K, used 311599K [0x00000000c0000000, 0x00000000d5900000, 0x00000000eab00000)
  object space 353280K, 88% used [0x00000000c0000000,0x00000000d304bd08,0x00000000d5900000)
 Metaspace       used 59426K, committed 60864K, reserved 1114112K
  class space    used 6082K, committed 6720K, reserved 1048576K
}
Event: 10.922 GC heap after
{Heap after GC invocations=278 (full 3):
 PSYoungGen      total 19456K, used 8343K [0x00000000eab00000, 0x00000000ec680000, 0x0000000100000000)
  eden space 10752K, 0% used [0x00000000eab00000,0x00000000eab00000,0x00000000eb580000)
  from space 8704K, 95% used [0x00000000eb580000,0x00000000ebda5c00,0x00000000ebe00000)
  to   space 8704K, 0% used [0x00000000ebe00000,0x00000000ebe00000,0x00000000ec680000)
 ParOldGen       total 353280K, used 312669K [0x00000000c0000000, 0x00000000d5900000, 0x00000000eab00000)
  object space 353280K, 88% used [0x00000000c0000000,0x00000000d3157598,0x00000000d5900000)
 Metaspace       used 59426K, committed 60864K, reserved 1114112K
  class space    used 6082K, committed 6720K, reserved 1048576K
}

