# JRE version: OpenJDK Runtime Environment Temurin-21.0.6+7 (21.0.6+7) (build 21.0.6+7-LTS)
# Java VM: OpenJDK 64-Bit Server VM Temurin-21.0.6+7 (21.0.6+7-LTS, mixed mode, sharing, tiered, compressed oops, compressed class ptrs, parallel gc, windows-amd64)
GC Precious Log:
 CardTable entry size: 512
 CPUs: 16 total, 16 available
 Memory: 15752M
 Large Page Support: Disabled
 NUMA Support: Disabled
 Compressed Oops: Enabled (32-bit)
 Alignments: Space 512K, Generation 512K, Heap 2M
 Heap Min Capacity: 100M
 Heap Initial Capacity: 100M
 Heap Max Capacity: 1G
 Pre-touch: Disabled
 Parallel Workers: 13
Heap:
 PSYoungGen      total 13824K, used 7996K [0x00000000eab00000, 0x00000000ebc00000, 0x0000000100000000)
  eden space 12800K, 54% used [0x00000000eab00000,0x00000000eb1d3130,0x00000000eb780000)
  from space 1024K, 98% used [0x00000000eba80000,0x00000000ebb7c020,0x00000000ebb80000)
  to   space 512K, 0% used [0x00000000ebb80000,0x00000000ebb80000,0x00000000ebc00000)
 ParOldGen       total 361984K, used 361934K [0x00000000c0000000, 0x00000000d6180000, 0x00000000eab00000)
  object space 361984K, 99% used [0x00000000c0000000,0x00000000d6173888,0x00000000d6180000)
 Metaspace       used 72825K, committed 74624K, reserved 1179648K
  class space    used 7523K, committed 8320K, reserved 1048576K
GC Heap History (20 events):
Event: 21.376 GC heap before
{Heap before GC invocations=1395 (full 4):
 PSYoungGen      total 13312K, used 13184K [0x00000000eab00000, 0x00000000eb900000, 0x0000000100000000)
  eden space 12800K, 100% used [0x00000000eab00000,0x00000000eb780000,0x00000000eb780000)
  from space 512K, 75% used [0x00000000eb800000,0x00000000eb860000,0x00000000eb880000)
  to   space 512K, 0% used [0x00000000eb880000,0x00000000eb880000,0x00000000eb900000)
 ParOldGen       total 348160K, used 347847K [0x00000000c0000000, 0x00000000d5400000, 0x00000000eab00000)
  object space 348160K, 99% used [0x00000000c0000000,0x00000000d53b1fb8,0x00000000d5400000)
 Metaspace       used 66083K, committed 67584K, reserved 1114112K
  class space    used 6747K, committed 7424K, reserved 1048576K
}
Event: 21.376 GC heap after
{Heap after GC invocations=1395 (full 4):
 PSYoungGen      total 13312K, used 379K [0x00000000eab00000, 0x00000000eb900000, 0x0000000100000000)
  eden space 12800K, 0% used [0x00000000eab00000,0x00000000eab00000,0x00000000eb780000)
  from space 512K, 74% used [0x00000000eb880000,0x00000000eb8ded08,0x00000000eb900000)
  to   space 512K, 0% used [0x00000000eb800000,0x00000000eb800000,0x00000000eb880000)
 ParOldGen       total 348160K, used 348071K [0x00000000c0000000, 0x00000000d5400000, 0x00000000eab00000)
  object space 348160K, 99% used [0x00000000c0000000,0x00000000d53e9fb8,0x00000000d5400000)
 Metaspace       used 66083K, committed 67584K, reserved 1114112K
  class space    used 6747K, committed 7424K, reserved 1048576K
}
Event: 21.413 GC heap before
{Heap before GC invocations=1396 (full 4):
 PSYoungGen      total 13312K, used 13179K [0x00000000eab00000, 0x00000000eb900000, 0x0000000100000000)
  eden space 12800K, 100% used [0x00000000eab00000,0x00000000eb780000,0x00000000eb780000)
  from space 512K, 74% used [0x00000000eb880000,0x00000000eb8ded08,0x00000000eb900000)
  to   space 512K, 0% used [0x00000000eb800000,0x00000000eb800000,0x00000000eb880000)
 ParOldGen       total 348160K, used 348071K [0x00000000c0000000, 0x00000000d5400000, 0x00000000eab00000)
  object space 348160K, 99% used [0x00000000c0000000,0x00000000d53e9fb8,0x00000000d5400000)
 Metaspace       used 66327K, committed 67904K, reserved 1114112K
  class space    used 6796K, committed 7488K, reserved 1048576K
}
Event: 21.415 GC heap after
{Heap after GC invocations=1396 (full 4):
 PSYoungGen      total 13312K, used 512K [0x00000000eab00000, 0x00000000ebc80000, 0x0000000100000000)
  eden space 12800K, 0% used [0x00000000eab00000,0x00000000eab00000,0x00000000eb780000)
  from space 512K, 100% used [0x00000000eb800000,0x00000000eb880000,0x00000000eb880000)
  to   space 2560K, 0% used [0x00000000eba00000,0x00000000eba00000,0x00000000ebc80000)
 ParOldGen       total 350208K, used 349779K [0x00000000c0000000, 0x00000000d5600000, 0x00000000eab00000)
  object space 350208K, 99% used [0x00000000c0000000,0x00000000d5594cc0,0x00000000d5600000)
 Metaspace       used 66327K, committed 67904K, reserved 1114112K
  class space    used 6796K, committed 7488K, reserved 1048576K
}
Event: 21.463 GC heap before
{Heap before GC invocations=1397 (full 4):
 PSYoungGen      total 13312K, used 13312K [0x00000000eab00000, 0x00000000ebc80000, 0x0000000100000000)
  eden space 12800K, 100% used [0x00000000eab00000,0x00000000eb780000,0x00000000eb780000)
  from space 512K, 100% used [0x00000000eb800000,0x00000000eb880000,0x00000000eb880000)
  to   space 2560K, 0% used [0x00000000eba00000,0x00000000eba00000,0x00000000ebc80000)
 ParOldGen       total 350208K, used 349779K [0x00000000c0000000, 0x00000000d5600000, 0x00000000eab00000)
  object space 350208K, 99% used [0x00000000c0000000,0x00000000d5594cc0,0x00000000d5600000)
 Metaspace       used 66572K, committed 68096K, reserved 1114112K
  class space    used 6817K, committed 7488K, reserved 1048576K
}
Event: 21.465 GC heap after
{Heap after GC invocations=1397 (full 4):
 PSYoungGen      total 14336K, used 1460K [0x00000000eab00000, 0x00000000ebb80000, 0x0000000100000000)
  eden space 12800K, 0% used [0x00000000eab00000,0x00000000eab00000,0x00000000eb780000)
  from space 1536K, 95% used [0x00000000eba00000,0x00000000ebb6d200,0x00000000ebb80000)
  to   space 2048K, 0% used [0x00000000eb780000,0x00000000eb780000,0x00000000eb980000)
 ParOldGen       total 350720K, used 350267K [0x00000000c0000000, 0x00000000d5680000, 0x00000000eab00000)
  object space 350720K, 99% used [0x00000000c0000000,0x00000000d560ef00,0x00000000d5680000)
 Metaspace       used 66572K, committed 68096K, reserved 1114112K
  class space    used 6817K, committed 7488K, reserved 1048576K
}
Event: 21.558 GC heap before
{Heap before GC invocations=1398 (full 4):
 PSYoungGen      total 14336K, used 14260K [0x00000000eab00000, 0x00000000ebb80000, 0x0000000100000000)
  eden space 12800K, 100% used [0x00000000eab00000,0x00000000eb780000,0x00000000eb780000)
  from space 1536K, 95% used [0x00000000eba00000,0x00000000ebb6d200,0x00000000ebb80000)
  to   space 2048K, 0% used [0x00000000eb780000,0x00000000eb780000,0x00000000eb980000)
 ParOldGen       total 350720K, used 350267K [0x00000000c0000000, 0x00000000d5680000, 0x00000000eab00000)
  object space 350720K, 99% used [0x00000000c0000000,0x00000000d560ef00,0x00000000d5680000)
 Metaspace       used 66990K, committed 68608K, reserved 1114112K
  class space    used 6852K, committed 7552K, reserved 1048576K
}
Event: 21.561 GC heap after
{Heap after GC invocations=1398 (full 4):
 PSYoungGen      total 14848K, used 2042K [0x00000000eab00000, 0x00000000ec580000, 0x0000000100000000)
  eden space 12800K, 0% used [0x00000000eab00000,0x00000000eab00000,0x00000000eb780000)
  from space 2048K, 99% used [0x00000000eb780000,0x00000000eb97ea00,0x00000000eb980000)
  to   space 7168K, 0% used [0x00000000ebe80000,0x00000000ebe80000,0x00000000ec580000)
 ParOldGen       total 354816K, used 354482K [0x00000000c0000000, 0x00000000d5a80000, 0x00000000eab00000)
  object space 354816K, 99% used [0x00000000c0000000,0x00000000d5a2cb18,0x00000000d5a80000)
 Metaspace       used 66990K, committed 68608K, reserved 1114112K
  class space    used 6852K, committed 7552K, reserved 1048576K
}
Event: 21.642 GC heap before
{Heap before GC invocations=1399 (full 4):
 PSYoungGen      total 14848K, used 14842K [0x00000000eab00000, 0x00000000ec580000, 0x0000000100000000)
  eden space 12800K, 99% used [0x00000000eab00000,0x00000000eb77ffc0,0x00000000eb780000)
  from space 2048K, 99% used [0x00000000eb780000,0x00000000eb97ea00,0x00000000eb980000)
  to   space 7168K, 0% used [0x00000000ebe80000,0x00000000ebe80000,0x00000000ec580000)
 ParOldGen       total 354816K, used 354482K [0x00000000c0000000, 0x00000000d5a80000, 0x00000000eab00000)
  object space 354816K, 99% used [0x00000000c0000000,0x00000000d5a2cb18,0x00000000d5a80000)
 Metaspace       used 67683K, committed 69312K, reserved 1114112K
  class space    used 6926K, committed 7680K, reserved 1048576K
}
Event: 21.645 GC heap after
{Heap after GC invocations=1399 (full 4):
 PSYoungGen      total 16896K, used 3619K [0x00000000eab00000, 0x00000000ec280000, 0x0000000100000000)
  eden space 12800K, 0% used [0x00000000eab00000,0x00000000eab00000,0x00000000eb780000)
  from space 4096K, 88% used [0x00000000ebe80000,0x00000000ec208ca8,0x00000000ec280000)
  to   space 4608K, 0% used [0x00000000eb980000,0x00000000eb980000,0x00000000ebe00000)
 ParOldGen       total 356864K, used 356353K [0x00000000c0000000, 0x00000000d5c80000, 0x00000000eab00000)
  object space 356864K, 99% used [0x00000000c0000000,0x00000000d5c00428,0x00000000d5c80000)
 Metaspace       used 67683K, committed 69312K, reserved 1114112K
  class space    used 6926K, committed 7680K, reserved 1048576K
}
Event: 21.867 GC heap before
{Heap before GC invocations=1400 (full 4):
 PSYoungGen      total 16896K, used 16419K [0x00000000eab00000, 0x00000000ec280000, 0x0000000100000000)
  eden space 12800K, 100% used [0x00000000eab00000,0x00000000eb780000,0x00000000eb780000)
  from space 4096K, 88% used [0x00000000ebe80000,0x00000000ec208ca8,0x00000000ec280000)
  to   space 4608K, 0% used [0x00000000eb980000,0x00000000eb980000,0x00000000ebe00000)
 ParOldGen       total 356864K, used 356353K [0x00000000c0000000, 0x00000000d5c80000, 0x00000000eab00000)
  object space 356864K, 99% used [0x00000000c0000000,0x00000000d5c00428,0x00000000d5c80000)
 Metaspace       used 68402K, committed 70080K, reserved 1114112K
  class space    used 6963K, committed 7744K, reserved 1048576K
}
Event: 21.869 GC heap after
{Heap after GC invocations=1400 (full 4):
 PSYoungGen      total 14848K, used 1828K [0x00000000eab00000, 0x00000000ebf00000, 0x0000000100000000)
  eden space 12800K, 0% used [0x00000000eab00000,0x00000000eab00000,0x00000000eb780000)
  from space 2048K, 89% used [0x00000000eb980000,0x00000000ebb49230,0x00000000ebb80000)
  to   space 3072K, 0% used [0x00000000ebc00000,0x00000000ebc00000,0x00000000ebf00000)
 ParOldGen       total 359936K, used 359772K [0x00000000c0000000, 0x00000000d5f80000, 0x00000000eab00000)
  object space 359936K, 99% used [0x00000000c0000000,0x00000000d5f57258,0x00000000d5f80000)
 Metaspace       used 68402K, committed 70080K, reserved 1114112K
  class space    used 6963K, committed 7744K, reserved 1048576K
}
Event: 23.992 GC heap before
{Heap before GC invocations=1401 (full 4):
 PSYoungGen      total 14848K, used 14584K [0x00000000eab00000, 0x00000000ebf00000, 0x0000000100000000)
  eden space 12800K, 99% used [0x00000000eab00000,0x00000000eb774e90,0x00000000eb780000)
  from space 2048K, 89% used [0x00000000eb980000,0x00000000ebb49230,0x00000000ebb80000)
  to   space 3072K, 0% used [0x00000000ebc00000,0x00000000ebc00000,0x00000000ebf00000)
 ParOldGen       total 359936K, used 359772K [0x00000000c0000000, 0x00000000d5f80000, 0x00000000eab00000)
  object space 359936K, 99% used [0x00000000c0000000,0x00000000d5f57258,0x00000000d5f80000)
 Metaspace       used 69476K, committed 71168K, reserved 1114112K
  class space    used 7082K, committed 7872K, reserved 1048576K
}
Event: 23.993 GC heap after
{Heap after GC invocations=1401 (full 4):
 PSYoungGen      total 13824K, used 656K [0x00000000eab00000, 0x00000000ebd00000, 0x0000000100000000)
  eden space 12800K, 0% used [0x00000000eab00000,0x00000000eab00000,0x00000000eb780000)
  from space 1024K, 64% used [0x00000000ebc00000,0x00000000ebca4010,0x00000000ebd00000)
  to   space 1536K, 0% used [0x00000000eba00000,0x00000000eba00000,0x00000000ebb80000)
 ParOldGen       total 361472K, used 361012K [0x00000000c0000000, 0x00000000d6100000, 0x00000000eab00000)
  object space 361472K, 99% used [0x00000000c0000000,0x00000000d608d278,0x00000000d6100000)
 Metaspace       used 69476K, committed 71168K, reserved 1114112K
  class space    used 7082K, committed 7872K, reserved 1048576K
}
Event: 24.092 GC heap before
{Heap before GC invocations=1402 (full 4):
 PSYoungGen      total 13824K, used 13444K [0x00000000eab00000, 0x00000000ebd00000, 0x0000000100000000)
  eden space 12800K, 99% used [0x00000000eab00000,0x00000000eb77d038,0x00000000eb780000)
  from space 1024K, 64% used [0x00000000ebc00000,0x00000000ebca4010,0x00000000ebd00000)
  to   space 1536K, 0% used [0x00000000eba00000,0x00000000eba00000,0x00000000ebb80000)
 ParOldGen       total 361472K, used 361012K [0x00000000c0000000, 0x00000000d6100000, 0x00000000eab00000)
  object space 361472K, 99% used [0x00000000c0000000,0x00000000d608d278,0x00000000d6100000)
 Metaspace       used 69600K, committed 71232K, reserved 1114112K
  class space    used 7100K, committed 7872K, reserved 1048576K
}
Event: 24.093 GC heap after
{Heap after GC invocations=1402 (full 4):
 PSYoungGen      total 14336K, used 491K [0x00000000eab00000, 0x00000000ebc80000, 0x0000000100000000)
  eden space 12800K, 0% used [0x00000000eab00000,0x00000000eab00000,0x00000000eb780000)
  from space 1536K, 32% used [0x00000000eba00000,0x00000000eba7ae98,0x00000000ebb80000)
  to   space 1024K, 0% used [0x00000000ebb80000,0x00000000ebb80000,0x00000000ebc80000)
 ParOldGen       total 361472K, used 361404K [0x00000000c0000000, 0x00000000d6100000, 0x00000000eab00000)
  object space 361472K, 99% used [0x00000000c0000000,0x00000000d60ef288,0x00000000d6100000)
 Metaspace       used 69600K, committed 71232K, reserved 1114112K
  class space    used 7100K, committed 7872K, reserved 1048576K
}
Event: 24.225 GC heap before
{Heap before GC invocations=1403 (full 4):
 PSYoungGen      total 14336K, used 13291K [0x00000000eab00000, 0x00000000ebc80000, 0x0000000100000000)
  eden space 12800K, 100% used [0x00000000eab00000,0x00000000eb780000,0x00000000eb780000)
  from space 1536K, 32% used [0x00000000eba00000,0x00000000eba7ae98,0x00000000ebb80000)
  to   space 1024K, 0% used [0x00000000ebb80000,0x00000000ebb80000,0x00000000ebc80000)
 ParOldGen       total 361472K, used 361404K [0x00000000c0000000, 0x00000000d6100000, 0x00000000eab00000)
  object space 361472K, 99% used [0x00000000c0000000,0x00000000d60ef288,0x00000000d6100000)
 Metaspace       used 71384K, committed 73088K, reserved 1179648K
  class space    used 7309K, committed 8064K, reserved 1048576K
}
Event: 24.226 GC heap after
{Heap after GC invocations=1403 (full 4):
 PSYoungGen      total 13824K, used 561K [0x00000000eab00000, 0x00000000ebc80000, 0x0000000100000000)
  eden space 12800K, 0% used [0x00000000eab00000,0x00000000eab00000,0x00000000eb780000)
  from space 1024K, 54% used [0x00000000ebb80000,0x00000000ebc0c5d0,0x00000000ebc80000)
  to   space 1024K, 0% used [0x00000000eba80000,0x00000000eba80000,0x00000000ebb80000)
 ParOldGen       total 361984K, used 361532K [0x00000000c0000000, 0x00000000d6180000, 0x00000000eab00000)
  object space 361984K, 99% used [0x00000000c0000000,0x00000000d610f288,0x00000000d6180000)
 Metaspace       used 71384K, committed 73088K, reserved 1179648K
  class space    used 7309K, committed 8064K, reserved 1048576K
}
Event: 31.163 GC heap before
{Heap before GC invocations=1404 (full 4):
 PSYoungGen      total 13824K, used 13361K [0x00000000eab00000, 0x00000000ebc80000, 0x0000000100000000)
  eden space 12800K, 100% used [0x00000000eab00000,0x00000000eb780000,0x00000000eb780000)
  from space 1024K, 54% used [0x00000000ebb80000,0x00000000ebc0c5d0,0x00000000ebc80000)
  to   space 1024K, 0% used [0x00000000eba80000,0x00000000eba80000,0x00000000ebb80000)
 ParOldGen       total 361984K, used 361532K [0x00000000c0000000, 0x00000000d6180000, 0x00000000eab00000)
  object space 361984K, 99% used [0x00000000c0000000,0x00000000d610f288,0x00000000d6180000)
 Metaspace       used 72630K, committed 74368K, reserved 1179648K
  class space    used 7507K, committed 8320K, reserved 1048576K
}
Event: 31.167 GC heap after
{Heap after GC invocations=1404 (full 4):
 PSYoungGen      total 13824K, used 1008K [0x00000000eab00000, 0x00000000ebc00000, 0x0000000100000000)
  eden space 12800K, 0% used [0x00000000eab00000,0x00000000eab00000,0x00000000eb780000)
  from space 1024K, 98% used [0x00000000eba80000,0x00000000ebb7c020,0x00000000ebb80000)
  to   space 512K, 0% used [0x00000000ebb80000,0x00000000ebb80000,0x00000000ebc00000)
 ParOldGen       total 361984K, used 361934K [0x00000000c0000000, 0x00000000d6180000, 0x00000000eab00000)
  object space 361984K, 99% used [0x00000000c0000000,0x00000000d6173888,0x00000000d6180000)
 Metaspace       used 72630K, committed 74368K, reserved 1179648K
  class space    used 7507K, committed 8320K, reserved 1048576K
}

