# JRE version: Java(TM) SE Runtime Environment (17.0.11+7) (build 17.0.11+7-LTS-207)
# Java VM: Java HotSpot(TM) 64-Bit Server VM (17.0.11+7-LTS-207, mixed mode, sharing, tiered, compressed oops, compressed class ptrs, g1 gc, windows-amd64)
GC Precious Log:
 CPUs: 16 total, 16 available
 Memory: 15752M
 Large Page Support: Disabled
 NUMA Support: Disabled
 Compressed Oops: Enabled (Zero based)
 Heap Region Size: 2M
 Heap Min Capacity: 8M
 Heap Initial Capacity: 248M
 Heap Max Capacity: 3940M
 Pre-touch: Disabled
 Parallel Workers: 13
 Concurrent Workers: 3
 Concurrent Refinement Workers: 13
 Periodic GC: Disabled
Heap:
 garbage-first heap   total 90112K, used 67159K [0x0000000709c00000, 0x0000000800000000)
  region size 2048K, 16 young (32768K), 2 survivors (4096K)
 Metaspace       used 85409K, committed 86208K, reserved 1179648K
  class space    used 10882K, committed 11264K, reserved 1048576K
GC Heap History (20 events):
Event: 3.806 GC heap before
{Heap before GC invocations=10 (full 0):
 garbage-first heap   total 55296K, used 29692K [0x0000000709c00000, 0x0000000800000000)
  region size 2048K, 7 young (14336K), 2 survivors (4096K)
 Metaspace       used 35530K, committed 35968K, reserved 1114112K
  class space    used 4428K, committed 4672K, reserved 1048576K
}
Event: 3.809 GC heap after
{Heap after GC invocations=11 (full 0):
 garbage-first heap   total 155648K, used 22231K [0x0000000709c00000, 0x0000000800000000)
  region size 2048K, 2 young (4096K), 2 survivors (4096K)
 Metaspace       used 35530K, committed 35968K, reserved 1114112K
  class space    used 4428K, committed 4672K, reserved 1048576K
}
Event: 4.919 GC heap before
{Heap before GC invocations=12 (full 0):
 garbage-first heap   total 90112K, used 71383K [0x0000000709c00000, 0x0000000800000000)
  region size 2048K, 26 young (53248K), 2 survivors (4096K)
 Metaspace       used 41080K, committed 41664K, reserved 1114112K
  class space    used 5167K, committed 5440K, reserved 1048576K
}
Event: 4.922 GC heap after
{Heap after GC invocations=13 (full 0):
 garbage-first heap   total 90112K, used 24344K [0x0000000709c00000, 0x0000000800000000)
  region size 2048K, 3 young (6144K), 3 survivors (6144K)
 Metaspace       used 41080K, committed 41664K, reserved 1114112K
  class space    used 5167K, committed 5440K, reserved 1048576K
}
Event: 6.134 GC heap before
{Heap before GC invocations=13 (full 0):
 garbage-first heap   total 90112K, used 65304K [0x0000000709c00000, 0x0000000800000000)
  region size 2048K, 23 young (47104K), 3 survivors (6144K)
 Metaspace       used 53907K, committed 54464K, reserved 1114112K
  class space    used 6901K, committed 7168K, reserved 1048576K
}
Event: 6.137 GC heap after
{Heap after GC invocations=14 (full 0):
 garbage-first heap   total 90112K, used 27375K [0x0000000709c00000, 0x0000000800000000)
  region size 2048K, 3 young (6144K), 3 survivors (6144K)
 Metaspace       used 53907K, committed 54464K, reserved 1114112K
  class space    used 6901K, committed 7168K, reserved 1048576K
}
Event: 6.589 GC heap before
{Heap before GC invocations=14 (full 0):
 garbage-first heap   total 90112K, used 45807K [0x0000000709c00000, 0x0000000800000000)
  region size 2048K, 13 young (26624K), 3 survivors (6144K)
 Metaspace       used 59670K, committed 60160K, reserved 1114112K
  class space    used 7686K, committed 7936K, reserved 1048576K
}
Event: 6.593 GC heap after
{Heap after GC invocations=15 (full 0):
 garbage-first heap   total 90112K, used 28855K [0x0000000709c00000, 0x0000000800000000)
  region size 2048K, 1 young (2048K), 1 survivors (2048K)
 Metaspace       used 59670K, committed 60160K, reserved 1114112K
  class space    used 7686K, committed 7936K, reserved 1048576K
}
Event: 7.221 GC heap before
{Heap before GC invocations=16 (full 0):
 garbage-first heap   total 90112K, used 67767K [0x0000000709c00000, 0x0000000800000000)
  region size 2048K, 20 young (40960K), 1 survivors (2048K)
 Metaspace       used 65757K, committed 66304K, reserved 1114112K
  class space    used 8703K, committed 8960K, reserved 1048576K
}
Event: 7.223 GC heap after
{Heap after GC invocations=17 (full 0):
 garbage-first heap   total 90112K, used 30652K [0x0000000709c00000, 0x0000000800000000)
  region size 2048K, 2 young (4096K), 2 survivors (4096K)
 Metaspace       used 65757K, committed 66304K, reserved 1114112K
  class space    used 8703K, committed 8960K, reserved 1048576K
}
Event: 8.065 GC heap before
{Heap before GC invocations=17 (full 0):
 garbage-first heap   total 90112K, used 69564K [0x0000000709c00000, 0x0000000800000000)
  region size 2048K, 21 young (43008K), 2 survivors (4096K)
 Metaspace       used 69370K, committed 69952K, reserved 1114112K
  class space    used 9175K, committed 9472K, reserved 1048576K
}
Event: 8.068 GC heap after
{Heap after GC invocations=18 (full 0):
 garbage-first heap   total 90112K, used 33506K [0x0000000709c00000, 0x0000000800000000)
  region size 2048K, 3 young (6144K), 3 survivors (6144K)
 Metaspace       used 69370K, committed 69952K, reserved 1114112K
  class space    used 9175K, committed 9472K, reserved 1048576K
}
Event: 8.715 GC heap before
{Heap before GC invocations=18 (full 0):
 garbage-first heap   total 90112K, used 68322K [0x0000000709c00000, 0x0000000800000000)
  region size 2048K, 20 young (40960K), 3 survivors (6144K)
 Metaspace       used 70912K, committed 71552K, reserved 1114112K
  class space    used 9405K, committed 9728K, reserved 1048576K
}
Event: 8.719 GC heap after
{Heap after GC invocations=19 (full 0):
 garbage-first heap   total 90112K, used 35723K [0x0000000709c00000, 0x0000000800000000)
  region size 2048K, 3 young (6144K), 3 survivors (6144K)
 Metaspace       used 70912K, committed 71552K, reserved 1114112K
  class space    used 9405K, committed 9728K, reserved 1048576K
}
Event: 9.951 GC heap before
{Heap before GC invocations=19 (full 0):
 garbage-first heap   total 90112K, used 66443K [0x0000000709c00000, 0x0000000800000000)
  region size 2048K, 19 young (38912K), 3 survivors (6144K)
 Metaspace       used 73909K, committed 74624K, reserved 1114112K
  class space    used 9826K, committed 10176K, reserved 1048576K
}
Event: 9.956 GC heap after
{Heap after GC invocations=20 (full 0):
 garbage-first heap   total 90112K, used 37722K [0x0000000709c00000, 0x0000000800000000)
  region size 2048K, 3 young (6144K), 3 survivors (6144K)
 Metaspace       used 73909K, committed 74624K, reserved 1114112K
  class space    used 9826K, committed 10176K, reserved 1048576K
}
Event: 17.912 GC heap before
{Heap before GC invocations=20 (full 0):
 garbage-first heap   total 90112K, used 66394K [0x0000000709c00000, 0x0000000800000000)
  region size 2048K, 18 young (36864K), 3 survivors (6144K)
 Metaspace       used 79683K, committed 80384K, reserved 1179648K
  class space    used 10346K, committed 10688K, reserved 1048576K
}
Event: 17.915 GC heap after
{Heap after GC invocations=21 (full 0):
 garbage-first heap   total 90112K, used 39514K [0x0000000709c00000, 0x0000000800000000)
  region size 2048K, 3 young (6144K), 3 survivors (6144K)
 Metaspace       used 79683K, committed 80384K, reserved 1179648K
  class space    used 10346K, committed 10688K, reserved 1048576K
}
Event: 27.091 GC heap before
{Heap before GC invocations=21 (full 0):
 garbage-first heap   total 90112K, used 68186K [0x0000000709c00000, 0x0000000800000000)
  region size 2048K, 18 young (36864K), 3 survivors (6144K)
 Metaspace       used 84905K, committed 85696K, reserved 1179648K
  class space    used 10825K, committed 11200K, reserved 1048576K
}
Event: 27.094 GC heap after
{Heap after GC invocations=22 (full 0):
 garbage-first heap   total 90112K, used 40535K [0x0000000709c00000, 0x0000000800000000)
  region size 2048K, 2 young (4096K), 2 survivors (4096K)
 Metaspace       used 84905K, committed 85696K, reserved 1179648K
  class space    used 10825K, committed 11200K, reserved 1048576K
}

