# JRE version: OpenJDK Runtime Environment Temurin-21.0.6+7 (21.0.6+7) (build 21.0.6+7-LTS)
# Java VM: OpenJDK 64-Bit Server VM Temurin-21.0.6+7 (21.0.6+7-LTS, mixed mode, sharing, tiered, compressed oops, compressed class ptrs, parallel gc, windows-amd64)
GC Precious Log:
 CardTable entry size: 512
 CPUs: 16 total, 16 available
 Memory: 15752M
 Large Page Support: Disabled
 NUMA Support: Disabled
 Compressed Oops: Enabled (32-bit)
 Alignments: Space 512K, Generation 512K, Heap 2M
 Heap Min Capacity: 100M
 Heap Initial Capacity: 100M
 Heap Max Capacity: 1G
 Pre-touch: Disabled
 Parallel Workers: 13
Heap:
 PSYoungGen      total 3072K, used 3007K [0x00000000eab00000, 0x00000000eaf80000, 0x0000000100000000)
  eden space 2560K, 97% used [0x00000000eab00000,0x00000000ead6fd30,0x00000000ead80000)
  from space 512K, 100% used [0x00000000eae80000,0x00000000eaf00000,0x00000000eaf00000)
  to   space 1024K, 0% used [0x00000000ead80000,0x00000000ead80000,0x00000000eae80000)
 ParOldGen       total 484352K, used 483860K [0x00000000c0000000, 0x00000000dd900000, 0x00000000eab00000)
  object space 484352K, 99% used [0x00000000c0000000,0x00000000dd885168,0x00000000dd900000)
 Metaspace       used 71510K, committed 72960K, reserved 1114112K
  class space    used 7421K, committed 8064K, reserved 1048576K
GC Heap History (20 events):
Event: 24.655 GC heap before
{Heap before GC invocations=647 (full 3):
 PSYoungGen      total 3584K, used 3059K [0x00000000eab00000, 0x00000000eaf80000, 0x0000000100000000)
  eden space 2560K, 99% used [0x00000000eab00000,0x00000000ead7cff0,0x00000000ead80000)
  from space 1024K, 50% used [0x00000000ead80000,0x00000000eae00000,0x00000000eae80000)
  to   space 1024K, 0% used [0x00000000eae80000,0x00000000eae80000,0x00000000eaf80000)
 ParOldGen       total 479744K, used 479603K [0x00000000c0000000, 0x00000000dd480000, 0x00000000eab00000)
  object space 479744K, 99% used [0x00000000c0000000,0x00000000dd45cd88,0x00000000dd480000)
 Metaspace       used 71510K, committed 72960K, reserved 1114112K
  class space    used 7421K, committed 8064K, reserved 1048576K
}
Event: 24.656 GC heap after
{Heap after GC invocations=647 (full 3):
 PSYoungGen      total 3584K, used 512K [0x00000000eab00000, 0x00000000eaf80000, 0x0000000100000000)
  eden space 2560K, 0% used [0x00000000eab00000,0x00000000eab00000,0x00000000ead80000)
  from space 1024K, 50% used [0x00000000eae80000,0x00000000eaf00000,0x00000000eaf80000)
  to   space 1024K, 0% used [0x00000000ead80000,0x00000000ead80000,0x00000000eae80000)
 ParOldGen       total 480256K, used 479939K [0x00000000c0000000, 0x00000000dd500000, 0x00000000eab00000)
  object space 480256K, 99% used [0x00000000c0000000,0x00000000dd4b0d88,0x00000000dd500000)
 Metaspace       used 71510K, committed 72960K, reserved 1114112K
  class space    used 7421K, committed 8064K, reserved 1048576K
}
Event: 24.660 GC heap before
{Heap before GC invocations=648 (full 3):
 PSYoungGen      total 3584K, used 3064K [0x00000000eab00000, 0x00000000eaf80000, 0x0000000100000000)
  eden space 2560K, 99% used [0x00000000eab00000,0x00000000ead7e198,0x00000000ead80000)
  from space 1024K, 50% used [0x00000000eae80000,0x00000000eaf00000,0x00000000eaf80000)
  to   space 1024K, 0% used [0x00000000ead80000,0x00000000ead80000,0x00000000eae80000)
 ParOldGen       total 480256K, used 479939K [0x00000000c0000000, 0x00000000dd500000, 0x00000000eab00000)
  object space 480256K, 99% used [0x00000000c0000000,0x00000000dd4b0d88,0x00000000dd500000)
 Metaspace       used 71510K, committed 72960K, reserved 1114112K
  class space    used 7421K, committed 8064K, reserved 1048576K
}
Event: 24.661 GC heap after
{Heap after GC invocations=648 (full 3):
 PSYoungGen      total 3584K, used 416K [0x00000000eab00000, 0x00000000eaf00000, 0x0000000100000000)
  eden space 2560K, 0% used [0x00000000eab00000,0x00000000eab00000,0x00000000ead80000)
  from space 1024K, 40% used [0x00000000ead80000,0x00000000eade8000,0x00000000eae80000)
  to   space 512K, 0% used [0x00000000eae80000,0x00000000eae80000,0x00000000eaf00000)
 ParOldGen       total 480768K, used 480307K [0x00000000c0000000, 0x00000000dd580000, 0x00000000eab00000)
  object space 480768K, 99% used [0x00000000c0000000,0x00000000dd50cd88,0x00000000dd580000)
 Metaspace       used 71510K, committed 72960K, reserved 1114112K
  class space    used 7421K, committed 8064K, reserved 1048576K
}
Event: 24.665 GC heap before
{Heap before GC invocations=649 (full 3):
 PSYoungGen      total 3584K, used 2976K [0x00000000eab00000, 0x00000000eaf00000, 0x0000000100000000)
  eden space 2560K, 100% used [0x00000000eab00000,0x00000000ead80000,0x00000000ead80000)
  from space 1024K, 40% used [0x00000000ead80000,0x00000000eade8000,0x00000000eae80000)
  to   space 512K, 0% used [0x00000000eae80000,0x00000000eae80000,0x00000000eaf00000)
 ParOldGen       total 480768K, used 480307K [0x00000000c0000000, 0x00000000dd580000, 0x00000000eab00000)
  object space 480768K, 99% used [0x00000000c0000000,0x00000000dd50cd88,0x00000000dd580000)
 Metaspace       used 71510K, committed 72960K, reserved 1114112K
  class space    used 7421K, committed 8064K, reserved 1048576K
}
Event: 24.666 GC heap after
{Heap after GC invocations=649 (full 3):
 PSYoungGen      total 3072K, used 492K [0x00000000eab00000, 0x00000000eaf80000, 0x0000000100000000)
  eden space 2560K, 0% used [0x00000000eab00000,0x00000000eab00000,0x00000000ead80000)
  from space 512K, 96% used [0x00000000eae80000,0x00000000eaefb008,0x00000000eaf00000)
  to   space 1024K, 0% used [0x00000000ead80000,0x00000000ead80000,0x00000000eae80000)
 ParOldGen       total 480768K, used 480675K [0x00000000c0000000, 0x00000000dd580000, 0x00000000eab00000)
  object space 480768K, 99% used [0x00000000c0000000,0x00000000dd568d88,0x00000000dd580000)
 Metaspace       used 71510K, committed 72960K, reserved 1114112K
  class space    used 7421K, committed 8064K, reserved 1048576K
}
Event: 24.670 GC heap before
{Heap before GC invocations=650 (full 3):
 PSYoungGen      total 3072K, used 3052K [0x00000000eab00000, 0x00000000eaf80000, 0x0000000100000000)
  eden space 2560K, 100% used [0x00000000eab00000,0x00000000ead80000,0x00000000ead80000)
  from space 512K, 96% used [0x00000000eae80000,0x00000000eaefb008,0x00000000eaf00000)
  to   space 1024K, 0% used [0x00000000ead80000,0x00000000ead80000,0x00000000eae80000)
 ParOldGen       total 480768K, used 480675K [0x00000000c0000000, 0x00000000dd580000, 0x00000000eab00000)
  object space 480768K, 99% used [0x00000000c0000000,0x00000000dd568d88,0x00000000dd580000)
 Metaspace       used 71510K, committed 72960K, reserved 1114112K
  class space    used 7421K, committed 8064K, reserved 1048576K
}
Event: 24.671 GC heap after
{Heap after GC invocations=650 (full 3):
 PSYoungGen      total 3584K, used 504K [0x00000000eab00000, 0x00000000eaf80000, 0x0000000100000000)
  eden space 2560K, 0% used [0x00000000eab00000,0x00000000eab00000,0x00000000ead80000)
  from space 1024K, 49% used [0x00000000ead80000,0x00000000eadfe100,0x00000000eae80000)
  to   space 1024K, 0% used [0x00000000eae80000,0x00000000eae80000,0x00000000eaf80000)
 ParOldGen       total 481280K, used 481079K [0x00000000c0000000, 0x00000000dd600000, 0x00000000eab00000)
  object space 481280K, 99% used [0x00000000c0000000,0x00000000dd5cdd90,0x00000000dd600000)
 Metaspace       used 71510K, committed 72960K, reserved 1114112K
  class space    used 7421K, committed 8064K, reserved 1048576K
}
Event: 24.675 GC heap before
{Heap before GC invocations=651 (full 3):
 PSYoungGen      total 3584K, used 3064K [0x00000000eab00000, 0x00000000eaf80000, 0x0000000100000000)
  eden space 2560K, 100% used [0x00000000eab00000,0x00000000ead80000,0x00000000ead80000)
  from space 1024K, 49% used [0x00000000ead80000,0x00000000eadfe100,0x00000000eae80000)
  to   space 1024K, 0% used [0x00000000eae80000,0x00000000eae80000,0x00000000eaf80000)
 ParOldGen       total 481280K, used 481079K [0x00000000c0000000, 0x00000000dd600000, 0x00000000eab00000)
  object space 481280K, 99% used [0x00000000c0000000,0x00000000dd5cdd90,0x00000000dd600000)
 Metaspace       used 71510K, committed 72960K, reserved 1114112K
  class space    used 7421K, committed 8064K, reserved 1048576K
}
Event: 24.676 GC heap after
{Heap after GC invocations=651 (full 3):
 PSYoungGen      total 3584K, used 512K [0x00000000eab00000, 0x00000000eaf80000, 0x0000000100000000)
  eden space 2560K, 0% used [0x00000000eab00000,0x00000000eab00000,0x00000000ead80000)
  from space 1024K, 50% used [0x00000000eae80000,0x00000000eaf00000,0x00000000eaf80000)
  to   space 1024K, 0% used [0x00000000ead80000,0x00000000ead80000,0x00000000eae80000)
 ParOldGen       total 481792K, used 481423K [0x00000000c0000000, 0x00000000dd680000, 0x00000000eab00000)
  object space 481792K, 99% used [0x00000000c0000000,0x00000000dd623d90,0x00000000dd680000)
 Metaspace       used 71510K, committed 72960K, reserved 1114112K
  class space    used 7421K, committed 8064K, reserved 1048576K
}
Event: 24.679 GC heap before
{Heap before GC invocations=652 (full 3):
 PSYoungGen      total 3584K, used 3072K [0x00000000eab00000, 0x00000000eaf80000, 0x0000000100000000)
  eden space 2560K, 100% used [0x00000000eab00000,0x00000000ead80000,0x00000000ead80000)
  from space 1024K, 50% used [0x00000000eae80000,0x00000000eaf00000,0x00000000eaf80000)
  to   space 1024K, 0% used [0x00000000ead80000,0x00000000ead80000,0x00000000eae80000)
 ParOldGen       total 481792K, used 481423K [0x00000000c0000000, 0x00000000dd680000, 0x00000000eab00000)
  object space 481792K, 99% used [0x00000000c0000000,0x00000000dd623d90,0x00000000dd680000)
 Metaspace       used 71510K, committed 72960K, reserved 1114112K
  class space    used 7421K, committed 8064K, reserved 1048576K
}
Event: 24.680 GC heap after
{Heap after GC invocations=652 (full 3):
 PSYoungGen      total 3584K, used 512K [0x00000000eab00000, 0x00000000eaf80000, 0x0000000100000000)
  eden space 2560K, 0% used [0x00000000eab00000,0x00000000eab00000,0x00000000ead80000)
  from space 1024K, 50% used [0x00000000ead80000,0x00000000eae00000,0x00000000eae80000)
  to   space 1024K, 0% used [0x00000000eae80000,0x00000000eae80000,0x00000000eaf80000)
 ParOldGen       total 482304K, used 481799K [0x00000000c0000000, 0x00000000dd700000, 0x00000000eab00000)
  object space 482304K, 99% used [0x00000000c0000000,0x00000000dd681d90,0x00000000dd700000)
 Metaspace       used 71510K, committed 72960K, reserved 1114112K
  class space    used 7421K, committed 8064K, reserved 1048576K
}
Event: 24.684 GC heap before
{Heap before GC invocations=653 (full 3):
 PSYoungGen      total 3584K, used 3072K [0x00000000eab00000, 0x00000000eaf80000, 0x0000000100000000)
  eden space 2560K, 100% used [0x00000000eab00000,0x00000000ead80000,0x00000000ead80000)
  from space 1024K, 50% used [0x00000000ead80000,0x00000000eae00000,0x00000000eae80000)
  to   space 1024K, 0% used [0x00000000eae80000,0x00000000eae80000,0x00000000eaf80000)
 ParOldGen       total 482304K, used 481799K [0x00000000c0000000, 0x00000000dd700000, 0x00000000eab00000)
  object space 482304K, 99% used [0x00000000c0000000,0x00000000dd681d90,0x00000000dd700000)
 Metaspace       used 71510K, committed 72960K, reserved 1114112K
  class space    used 7421K, committed 8064K, reserved 1048576K
}
Event: 24.684 GC heap after
{Heap after GC invocations=653 (full 3):
 PSYoungGen      total 3584K, used 512K [0x00000000eab00000, 0x00000000eaf80000, 0x0000000100000000)
  eden space 2560K, 0% used [0x00000000eab00000,0x00000000eab00000,0x00000000ead80000)
  from space 1024K, 50% used [0x00000000eae80000,0x00000000eaf00000,0x00000000eaf80000)
  to   space 1024K, 0% used [0x00000000ead80000,0x00000000ead80000,0x00000000eae80000)
 ParOldGen       total 482304K, used 482158K [0x00000000c0000000, 0x00000000dd700000, 0x00000000eab00000)
  object space 482304K, 99% used [0x00000000c0000000,0x00000000dd6db898,0x00000000dd700000)
 Metaspace       used 71510K, committed 72960K, reserved 1114112K
  class space    used 7421K, committed 8064K, reserved 1048576K
}
Event: 24.688 GC heap before
{Heap before GC invocations=654 (full 3):
 PSYoungGen      total 3584K, used 3072K [0x00000000eab00000, 0x00000000eaf80000, 0x0000000100000000)
  eden space 2560K, 100% used [0x00000000eab00000,0x00000000ead80000,0x00000000ead80000)
  from space 1024K, 50% used [0x00000000eae80000,0x00000000eaf00000,0x00000000eaf80000)
  to   space 1024K, 0% used [0x00000000ead80000,0x00000000ead80000,0x00000000eae80000)
 ParOldGen       total 482304K, used 482158K [0x00000000c0000000, 0x00000000dd700000, 0x00000000eab00000)
  object space 482304K, 99% used [0x00000000c0000000,0x00000000dd6db898,0x00000000dd700000)
 Metaspace       used 71510K, committed 72960K, reserved 1114112K
  class space    used 7421K, committed 8064K, reserved 1048576K
}
Event: 24.688 GC heap after
{Heap after GC invocations=654 (full 3):
 PSYoungGen      total 3584K, used 512K [0x00000000eab00000, 0x00000000eaf80000, 0x0000000100000000)
  eden space 2560K, 0% used [0x00000000eab00000,0x00000000eab00000,0x00000000ead80000)
  from space 1024K, 50% used [0x00000000ead80000,0x00000000eae00000,0x00000000eae80000)
  to   space 1024K, 0% used [0x00000000eae80000,0x00000000eae80000,0x00000000eaf80000)
 ParOldGen       total 482816K, used 482502K [0x00000000c0000000, 0x00000000dd780000, 0x00000000eab00000)
  object space 482816K, 99% used [0x00000000c0000000,0x00000000dd731898,0x00000000dd780000)
 Metaspace       used 71510K, committed 72960K, reserved 1114112K
  class space    used 7421K, committed 8064K, reserved 1048576K
}
Event: 24.692 GC heap before
{Heap before GC invocations=655 (full 3):
 PSYoungGen      total 3584K, used 3072K [0x00000000eab00000, 0x00000000eaf80000, 0x0000000100000000)
  eden space 2560K, 100% used [0x00000000eab00000,0x00000000ead80000,0x00000000ead80000)
  from space 1024K, 50% used [0x00000000ead80000,0x00000000eae00000,0x00000000eae80000)
  to   space 1024K, 0% used [0x00000000eae80000,0x00000000eae80000,0x00000000eaf80000)
 ParOldGen       total 482816K, used 482502K [0x00000000c0000000, 0x00000000dd780000, 0x00000000eab00000)
  object space 482816K, 99% used [0x00000000c0000000,0x00000000dd731898,0x00000000dd780000)
 Metaspace       used 71510K, committed 72960K, reserved 1114112K
  class space    used 7421K, committed 8064K, reserved 1048576K
}
Event: 24.693 GC heap after
{Heap after GC invocations=655 (full 3):
 PSYoungGen      total 3584K, used 598K [0x00000000eab00000, 0x00000000eaf80000, 0x0000000100000000)
  eden space 2560K, 0% used [0x00000000eab00000,0x00000000eab00000,0x00000000ead80000)
  from space 1024K, 58% used [0x00000000eae80000,0x00000000eaf159f0,0x00000000eaf80000)
  to   space 1024K, 0% used [0x00000000ead80000,0x00000000ead80000,0x00000000eae80000)
 ParOldGen       total 482816K, used 482814K [0x00000000c0000000, 0x00000000dd780000, 0x00000000eab00000)
  object space 482816K, 99% used [0x00000000c0000000,0x00000000dd77f898,0x00000000dd780000)
 Metaspace       used 71510K, committed 72960K, reserved 1114112K
  class space    used 7421K, committed 8064K, reserved 1048576K
}
Event: 24.697 GC heap before
{Heap before GC invocations=656 (full 3):
 PSYoungGen      total 3584K, used 3158K [0x00000000eab00000, 0x00000000eaf80000, 0x0000000100000000)
  eden space 2560K, 100% used [0x00000000eab00000,0x00000000ead80000,0x00000000ead80000)
  from space 1024K, 58% used [0x00000000eae80000,0x00000000eaf159f0,0x00000000eaf80000)
  to   space 1024K, 0% used [0x00000000ead80000,0x00000000ead80000,0x00000000eae80000)
 ParOldGen       total 482816K, used 482814K [0x00000000c0000000, 0x00000000dd780000, 0x00000000eab00000)
  object space 482816K, 99% used [0x00000000c0000000,0x00000000dd77f898,0x00000000dd780000)
 Metaspace       used 71510K, committed 72960K, reserved 1114112K
  class space    used 7421K, committed 8064K, reserved 1048576K
}
Event: 24.698 GC heap after
{Heap after GC invocations=656 (full 3):
 PSYoungGen      total 3584K, used 640K [0x00000000eab00000, 0x00000000eaf80000, 0x0000000100000000)
  eden space 2560K, 0% used [0x00000000eab00000,0x00000000eab00000,0x00000000ead80000)
  from space 1024K, 62% used [0x00000000ead80000,0x00000000eae20000,0x00000000eae80000)
  to   space 1024K, 0% used [0x00000000eae80000,0x00000000eae80000,0x00000000eaf80000)
 ParOldGen       total 483328K, used 483158K [0x00000000c0000000, 0x00000000dd800000, 0x00000000eab00000)
  object space 483328K, 99% used [0x00000000c0000000,0x00000000dd7d5898,0x00000000dd800000)
 Metaspace       used 71510K, committed 72960K, reserved 1114112K
  class space    used 7421K, committed 8064K, reserved 1048576K
}

