# JRE version: OpenJDK Runtime Environment Temurin-21.0.6+7 (21.0.6+7) (build 21.0.6+7-LTS)
# Java VM: OpenJDK 64-Bit Server VM Temurin-21.0.6+7 (21.0.6+7-LTS, mixed mode, sharing, tiered, compressed oops, compressed class ptrs, parallel gc, windows-amd64)
GC Precious Log:
 CardTable entry size: 512
 CPUs: 16 total, 16 available
 Memory: 15752M
 Large Page Support: Disabled
 NUMA Support: Disabled
 Compressed Oops: Enabled (32-bit)
 Alignments: Space 512K, Generation 512K, Heap 2M
 Heap Min Capacity: 100M
 Heap Initial Capacity: 100M
 Heap Max Capacity: 1G
 Pre-touch: Disabled
 Parallel Workers: 13
Heap:
 PSYoungGen      total 7168K, used 3705K [0x00000000eab00000, 0x00000000eb300000, 0x0000000100000000)
  eden space 5632K, 51% used [0x00000000eab00000,0x00000000eadce780,0x00000000eb080000)
  from space 1536K, 54% used [0x00000000eb080000,0x00000000eb150000,0x00000000eb200000)
  to   space 1024K, 0% used [0x00000000eb200000,0x00000000eb200000,0x00000000eb300000)
 ParOldGen       total 540672K, used 540361K [0x00000000c0000000, 0x00000000e1000000, 0x00000000eab00000)
  object space 540672K, 99% used [0x00000000c0000000,0x00000000e0fb2498,0x00000000e1000000)
 Metaspace       used 64735K, committed 66240K, reserved 1114112K
  class space    used 6657K, committed 7296K, reserved 1048576K
GC Heap History (20 events):
Event: 17.981 GC heap before
{Heap before GC invocations=607 (full 3):
 PSYoungGen      total 7680K, used 7584K [0x00000000eab00000, 0x00000000eb400000, 0x0000000100000000)
  eden space 6656K, 100% used [0x00000000eab00000,0x00000000eb180000,0x00000000eb180000)
  from space 1024K, 90% used [0x00000000eb280000,0x00000000eb368000,0x00000000eb380000)
  to   space 512K, 0% used [0x00000000eb380000,0x00000000eb380000,0x00000000eb400000)
 ParOldGen       total 531456K, used 531343K [0x00000000c0000000, 0x00000000e0700000, 0x00000000eab00000)
  object space 531456K, 99% used [0x00000000c0000000,0x00000000e06e3e50,0x00000000e0700000)
 Metaspace       used 64735K, committed 66240K, reserved 1114112K
  class space    used 6657K, committed 7296K, reserved 1048576K
}
Event: 17.984 GC heap after
{Heap after GC invocations=607 (full 3):
 PSYoungGen      total 7168K, used 512K [0x00000000eab00000, 0x00000000eb580000, 0x0000000100000000)
  eden space 6656K, 0% used [0x00000000eab00000,0x00000000eab00000,0x00000000eb180000)
  from space 512K, 100% used [0x00000000eb380000,0x00000000eb400000,0x00000000eb400000)
  to   space 2048K, 0% used [0x00000000eb180000,0x00000000eb180000,0x00000000eb380000)
 ParOldGen       total 532480K, used 532375K [0x00000000c0000000, 0x00000000e0800000, 0x00000000eab00000)
  object space 532480K, 99% used [0x00000000c0000000,0x00000000e07e5e50,0x00000000e0800000)
 Metaspace       used 64735K, committed 66240K, reserved 1114112K
  class space    used 6657K, committed 7296K, reserved 1048576K
}
Event: 17.994 GC heap before
{Heap before GC invocations=608 (full 3):
 PSYoungGen      total 7168K, used 7168K [0x00000000eab00000, 0x00000000eb580000, 0x0000000100000000)
  eden space 6656K, 100% used [0x00000000eab00000,0x00000000eb180000,0x00000000eb180000)
  from space 512K, 100% used [0x00000000eb380000,0x00000000eb400000,0x00000000eb400000)
  to   space 2048K, 0% used [0x00000000eb180000,0x00000000eb180000,0x00000000eb380000)
 ParOldGen       total 532480K, used 532375K [0x00000000c0000000, 0x00000000e0800000, 0x00000000eab00000)
  object space 532480K, 99% used [0x00000000c0000000,0x00000000e07e5e50,0x00000000e0800000)
 Metaspace       used 64735K, committed 66240K, reserved 1114112K
  class space    used 6657K, committed 7296K, reserved 1048576K
}
Event: 17.995 GC heap after
{Heap after GC invocations=608 (full 3):
 PSYoungGen      total 7680K, used 768K [0x00000000eab00000, 0x00000000eb480000, 0x0000000100000000)
  eden space 6656K, 0% used [0x00000000eab00000,0x00000000eab00000,0x00000000eb180000)
  from space 1024K, 75% used [0x00000000eb180000,0x00000000eb240000,0x00000000eb280000)
  to   space 1536K, 0% used [0x00000000eb300000,0x00000000eb300000,0x00000000eb480000)
 ParOldGen       total 532992K, used 532927K [0x00000000c0000000, 0x00000000e0880000, 0x00000000eab00000)
  object space 532992K, 99% used [0x00000000c0000000,0x00000000e086fe50,0x00000000e0880000)
 Metaspace       used 64735K, committed 66240K, reserved 1114112K
  class space    used 6657K, committed 7296K, reserved 1048576K
}
Event: 18.002 GC heap before
{Heap before GC invocations=609 (full 3):
 PSYoungGen      total 7680K, used 7424K [0x00000000eab00000, 0x00000000eb480000, 0x0000000100000000)
  eden space 6656K, 100% used [0x00000000eab00000,0x00000000eb180000,0x00000000eb180000)
  from space 1024K, 75% used [0x00000000eb180000,0x00000000eb240000,0x00000000eb280000)
  to   space 1536K, 0% used [0x00000000eb300000,0x00000000eb300000,0x00000000eb480000)
 ParOldGen       total 532992K, used 532927K [0x00000000c0000000, 0x00000000e0880000, 0x00000000eab00000)
  object space 532992K, 99% used [0x00000000c0000000,0x00000000e086fe50,0x00000000e0880000)
 Metaspace       used 64735K, committed 66240K, reserved 1114112K
  class space    used 6657K, committed 7296K, reserved 1048576K
}
Event: 18.005 GC heap after
{Heap after GC invocations=609 (full 3):
 PSYoungGen      total 7680K, used 832K [0x00000000eab00000, 0x00000000eb400000, 0x0000000100000000)
  eden space 6656K, 0% used [0x00000000eab00000,0x00000000eab00000,0x00000000eb180000)
  from space 1024K, 81% used [0x00000000eb300000,0x00000000eb3d0000,0x00000000eb400000)
  to   space 1024K, 0% used [0x00000000eb180000,0x00000000eb180000,0x00000000eb280000)
 ParOldGen       total 534016K, used 533583K [0x00000000c0000000, 0x00000000e0980000, 0x00000000eab00000)
  object space 534016K, 99% used [0x00000000c0000000,0x00000000e0913e50,0x00000000e0980000)
 Metaspace       used 64735K, committed 66240K, reserved 1114112K
  class space    used 6657K, committed 7296K, reserved 1048576K
}
Event: 18.017 GC heap before
{Heap before GC invocations=610 (full 3):
 PSYoungGen      total 7680K, used 7488K [0x00000000eab00000, 0x00000000eb400000, 0x0000000100000000)
  eden space 6656K, 100% used [0x00000000eab00000,0x00000000eb180000,0x00000000eb180000)
  from space 1024K, 81% used [0x00000000eb300000,0x00000000eb3d0000,0x00000000eb400000)
  to   space 1024K, 0% used [0x00000000eb180000,0x00000000eb180000,0x00000000eb280000)
 ParOldGen       total 534016K, used 533583K [0x00000000c0000000, 0x00000000e0980000, 0x00000000eab00000)
  object space 534016K, 99% used [0x00000000c0000000,0x00000000e0913e50,0x00000000e0980000)
 Metaspace       used 64735K, committed 66240K, reserved 1114112K
  class space    used 6657K, committed 7296K, reserved 1048576K
}
Event: 18.018 GC heap after
{Heap after GC invocations=610 (full 3):
 PSYoungGen      total 7680K, used 928K [0x00000000eab00000, 0x00000000eb380000, 0x0000000100000000)
  eden space 6656K, 0% used [0x00000000eab00000,0x00000000eab00000,0x00000000eb180000)
  from space 1024K, 90% used [0x00000000eb180000,0x00000000eb268000,0x00000000eb280000)
  to   space 1024K, 0% used [0x00000000eb280000,0x00000000eb280000,0x00000000eb380000)
 ParOldGen       total 534528K, used 534215K [0x00000000c0000000, 0x00000000e0a00000, 0x00000000eab00000)
  object space 534528K, 99% used [0x00000000c0000000,0x00000000e09b1e50,0x00000000e0a00000)
 Metaspace       used 64735K, committed 66240K, reserved 1114112K
  class space    used 6657K, committed 7296K, reserved 1048576K
}
Event: 18.026 GC heap before
{Heap before GC invocations=611 (full 3):
 PSYoungGen      total 7680K, used 7584K [0x00000000eab00000, 0x00000000eb380000, 0x0000000100000000)
  eden space 6656K, 100% used [0x00000000eab00000,0x00000000eb180000,0x00000000eb180000)
  from space 1024K, 90% used [0x00000000eb180000,0x00000000eb268000,0x00000000eb280000)
  to   space 1024K, 0% used [0x00000000eb280000,0x00000000eb280000,0x00000000eb380000)
 ParOldGen       total 534528K, used 534215K [0x00000000c0000000, 0x00000000e0a00000, 0x00000000eab00000)
  object space 534528K, 99% used [0x00000000c0000000,0x00000000e09b1e50,0x00000000e0a00000)
 Metaspace       used 64735K, committed 66240K, reserved 1114112K
  class space    used 6657K, committed 7296K, reserved 1048576K
}
Event: 18.027 GC heap after
{Heap after GC invocations=611 (full 3):
 PSYoungGen      total 7680K, used 928K [0x00000000eab00000, 0x00000000eb380000, 0x0000000100000000)
  eden space 6656K, 0% used [0x00000000eab00000,0x00000000eab00000,0x00000000eb180000)
  from space 1024K, 90% used [0x00000000eb280000,0x00000000eb368000,0x00000000eb380000)
  to   space 1024K, 0% used [0x00000000eb180000,0x00000000eb180000,0x00000000eb280000)
 ParOldGen       total 535040K, used 534919K [0x00000000c0000000, 0x00000000e0a80000, 0x00000000eab00000)
  object space 535040K, 99% used [0x00000000c0000000,0x00000000e0a61e50,0x00000000e0a80000)
 Metaspace       used 64735K, committed 66240K, reserved 1114112K
  class space    used 6657K, committed 7296K, reserved 1048576K
}
Event: 18.035 GC heap before
{Heap before GC invocations=612 (full 3):
 PSYoungGen      total 7680K, used 7584K [0x00000000eab00000, 0x00000000eb380000, 0x0000000100000000)
  eden space 6656K, 100% used [0x00000000eab00000,0x00000000eb180000,0x00000000eb180000)
  from space 1024K, 90% used [0x00000000eb280000,0x00000000eb368000,0x00000000eb380000)
  to   space 1024K, 0% used [0x00000000eb180000,0x00000000eb180000,0x00000000eb280000)
 ParOldGen       total 535040K, used 534919K [0x00000000c0000000, 0x00000000e0a80000, 0x00000000eab00000)
  object space 535040K, 99% used [0x00000000c0000000,0x00000000e0a61e50,0x00000000e0a80000)
 Metaspace       used 64735K, committed 66240K, reserved 1114112K
  class space    used 6657K, committed 7296K, reserved 1048576K
}
Event: 18.036 GC heap after
{Heap after GC invocations=612 (full 3):
 PSYoungGen      total 7680K, used 992K [0x00000000eab00000, 0x00000000eb380000, 0x0000000100000000)
  eden space 6656K, 0% used [0x00000000eab00000,0x00000000eab00000,0x00000000eb180000)
  from space 1024K, 96% used [0x00000000eb180000,0x00000000eb278000,0x00000000eb280000)
  to   space 1024K, 0% used [0x00000000eb280000,0x00000000eb280000,0x00000000eb380000)
 ParOldGen       total 536064K, used 535639K [0x00000000c0000000, 0x00000000e0b80000, 0x00000000eab00000)
  object space 536064K, 99% used [0x00000000c0000000,0x00000000e0b15e50,0x00000000e0b80000)
 Metaspace       used 64735K, committed 66240K, reserved 1114112K
  class space    used 6657K, committed 7296K, reserved 1048576K
}
Event: 18.049 GC heap before
{Heap before GC invocations=613 (full 3):
 PSYoungGen      total 7680K, used 7648K [0x00000000eab00000, 0x00000000eb380000, 0x0000000100000000)
  eden space 6656K, 100% used [0x00000000eab00000,0x00000000eb180000,0x00000000eb180000)
  from space 1024K, 96% used [0x00000000eb180000,0x00000000eb278000,0x00000000eb280000)
  to   space 1024K, 0% used [0x00000000eb280000,0x00000000eb280000,0x00000000eb380000)
 ParOldGen       total 536064K, used 535639K [0x00000000c0000000, 0x00000000e0b80000, 0x00000000eab00000)
  object space 536064K, 99% used [0x00000000c0000000,0x00000000e0b15e50,0x00000000e0b80000)
 Metaspace       used 64735K, committed 66240K, reserved 1114112K
  class space    used 6657K, committed 7296K, reserved 1048576K
}
Event: 18.050 GC heap after
{Heap after GC invocations=613 (full 3):
 PSYoungGen      total 6656K, used 1004K [0x00000000eab00000, 0x00000000eb580000, 0x0000000100000000)
  eden space 5632K, 0% used [0x00000000eab00000,0x00000000eab00000,0x00000000eb080000)
  from space 1024K, 98% used [0x00000000eb280000,0x00000000eb37b2f8,0x00000000eb380000)
  to   space 2048K, 0% used [0x00000000eb080000,0x00000000eb080000,0x00000000eb280000)
 ParOldGen       total 536576K, used 536471K [0x00000000c0000000, 0x00000000e0c00000, 0x00000000eab00000)
  object space 536576K, 99% used [0x00000000c0000000,0x00000000e0be5e50,0x00000000e0c00000)
 Metaspace       used 64735K, committed 66240K, reserved 1114112K
  class space    used 6657K, committed 7296K, reserved 1048576K
}
Event: 18.061 GC heap before
{Heap before GC invocations=614 (full 3):
 PSYoungGen      total 6656K, used 6636K [0x00000000eab00000, 0x00000000eb580000, 0x0000000100000000)
  eden space 5632K, 100% used [0x00000000eab00000,0x00000000eb080000,0x00000000eb080000)
  from space 1024K, 98% used [0x00000000eb280000,0x00000000eb37b2f8,0x00000000eb380000)
  to   space 2048K, 0% used [0x00000000eb080000,0x00000000eb080000,0x00000000eb280000)
 ParOldGen       total 536576K, used 536471K [0x00000000c0000000, 0x00000000e0c00000, 0x00000000eab00000)
  object space 536576K, 99% used [0x00000000c0000000,0x00000000e0be5e50,0x00000000e0c00000)
 Metaspace       used 64735K, committed 66240K, reserved 1114112K
  class space    used 6657K, committed 7296K, reserved 1048576K
}
Event: 18.063 GC heap after
{Heap after GC invocations=614 (full 3):
 PSYoungGen      total 6656K, used 992K [0x00000000eab00000, 0x00000000eb380000, 0x0000000100000000)
  eden space 5632K, 0% used [0x00000000eab00000,0x00000000eab00000,0x00000000eb080000)
  from space 1024K, 96% used [0x00000000eb080000,0x00000000eb178000,0x00000000eb180000)
  to   space 1536K, 0% used [0x00000000eb200000,0x00000000eb200000,0x00000000eb380000)
 ParOldGen       total 537600K, used 537277K [0x00000000c0000000, 0x00000000e0d00000, 0x00000000eab00000)
  object space 537600K, 99% used [0x00000000c0000000,0x00000000e0caf468,0x00000000e0d00000)
 Metaspace       used 64735K, committed 66240K, reserved 1114112K
  class space    used 6657K, committed 7296K, reserved 1048576K
}
Event: 18.072 GC heap before
{Heap before GC invocations=615 (full 3):
 PSYoungGen      total 6656K, used 6624K [0x00000000eab00000, 0x00000000eb380000, 0x0000000100000000)
  eden space 5632K, 100% used [0x00000000eab00000,0x00000000eb080000,0x00000000eb080000)
  from space 1024K, 96% used [0x00000000eb080000,0x00000000eb178000,0x00000000eb180000)
  to   space 1536K, 0% used [0x00000000eb200000,0x00000000eb200000,0x00000000eb380000)
 ParOldGen       total 537600K, used 537277K [0x00000000c0000000, 0x00000000e0d00000, 0x00000000eab00000)
  object space 537600K, 99% used [0x00000000c0000000,0x00000000e0caf468,0x00000000e0d00000)
 Metaspace       used 64735K, committed 66240K, reserved 1114112K
  class space    used 6657K, committed 7296K, reserved 1048576K
}
Event: 18.073 GC heap after
{Heap after GC invocations=615 (full 3):
 PSYoungGen      total 6656K, used 801K [0x00000000eab00000, 0x00000000eb300000, 0x0000000100000000)
  eden space 5632K, 0% used [0x00000000eab00000,0x00000000eab00000,0x00000000eb080000)
  from space 1024K, 78% used [0x00000000eb200000,0x00000000eb2c8448,0x00000000eb300000)
  to   space 1024K, 0% used [0x00000000eb080000,0x00000000eb080000,0x00000000eb180000)
 ParOldGen       total 538112K, used 538098K [0x00000000c0000000, 0x00000000e0d80000, 0x00000000eab00000)
  object space 538112K, 99% used [0x00000000c0000000,0x00000000e0d7ca80,0x00000000e0d80000)
 Metaspace       used 64735K, committed 66240K, reserved 1114112K
  class space    used 6657K, committed 7296K, reserved 1048576K
}
Event: 18.080 GC heap before
{Heap before GC invocations=616 (full 3):
 PSYoungGen      total 6656K, used 6433K [0x00000000eab00000, 0x00000000eb300000, 0x0000000100000000)
  eden space 5632K, 100% used [0x00000000eab00000,0x00000000eb080000,0x00000000eb080000)
  from space 1024K, 78% used [0x00000000eb200000,0x00000000eb2c8448,0x00000000eb300000)
  to   space 1024K, 0% used [0x00000000eb080000,0x00000000eb080000,0x00000000eb180000)
 ParOldGen       total 538112K, used 538098K [0x00000000c0000000, 0x00000000e0d80000, 0x00000000eab00000)
  object space 538112K, 99% used [0x00000000c0000000,0x00000000e0d7ca80,0x00000000e0d80000)
 Metaspace       used 64735K, committed 66240K, reserved 1114112K
  class space    used 6657K, committed 7296K, reserved 1048576K
}
Event: 18.081 GC heap after
{Heap after GC invocations=616 (full 3):
 PSYoungGen      total 6656K, used 1024K [0x00000000eab00000, 0x00000000eb480000, 0x0000000100000000)
  eden space 5632K, 0% used [0x00000000eab00000,0x00000000eab00000,0x00000000eb080000)
  from space 1024K, 100% used [0x00000000eb080000,0x00000000eb180000,0x00000000eb180000)
  to   space 2048K, 0% used [0x00000000eb280000,0x00000000eb280000,0x00000000eb480000)
 ParOldGen       total 539136K, used 538739K [0x00000000c0000000, 0x00000000e0e80000, 0x00000000eab00000)
  object space 539136K, 99% used [0x00000000c0000000,0x00000000e0e1ce88,0x00000000e0e80000)
 Metaspace       used 64735K, committed 66240K, reserved 1114112K
  class space    used 6657K, committed 7296K, reserved 1048576K
}

