# JRE version: OpenJDK Runtime Environment Temurin-21.0.6+7 (21.0.6+7) (build 21.0.6+7-LTS)
# Java VM: OpenJDK 64-Bit Server VM Temurin-21.0.6+7 (21.0.6+7-LTS, mixed mode, sharing, tiered, compressed oops, compressed class ptrs, parallel gc, windows-amd64)
GC Precious Log:
 CardTable entry size: 512
 CPUs: 16 total, 16 available
 Memory: 15752M
 Large Page Support: Disabled
 NUMA Support: Disabled
 Compressed Oops: Enabled (32-bit)
 Alignments: Space 512K, Generation 512K, Heap 2M
 Heap Min Capacity: 100M
 Heap Initial Capacity: 100M
 Heap Max Capacity: 1G
 Pre-touch: Disabled
 Parallel Workers: 13
Heap:
 PSYoungGen      total 8192K, used 1254K [0x00000000eab00000, 0x00000000eb580000, 0x0000000100000000)
  eden space 7168K, 3% used [0x00000000eab00000,0x00000000eab42358,0x00000000eb200000)
  from space 1024K, 96% used [0x00000000eb380000,0x00000000eb477880,0x00000000eb480000)
  to   space 1536K, 0% used [0x00000000eb200000,0x00000000eb200000,0x00000000eb380000)
 ParOldGen       total 338432K, used 212783K [0x00000000c0000000, 0x00000000d4a80000, 0x00000000eab00000)
  object space 338432K, 62% used [0x00000000c0000000,0x00000000ccfcbdf8,0x00000000d4a80000)
 Metaspace       used 63937K, committed 65472K, reserved 1114112K
  class space    used 6575K, committed 7232K, reserved 1048576K
GC Heap History (20 events):
Event: 7.577 GC heap before
{Heap before GC invocations=258 (full 3):
 PSYoungGen      total 9216K, used 8672K [0x00000000eab00000, 0x00000000eb580000, 0x0000000100000000)
  eden space 7680K, 100% used [0x00000000eab00000,0x00000000eb280000,0x00000000eb280000)
  from space 1536K, 64% used [0x00000000eb400000,0x00000000eb4f8000,0x00000000eb580000)
  to   space 1536K, 0% used [0x00000000eb280000,0x00000000eb280000,0x00000000eb400000)
 ParOldGen       total 338432K, used 202254K [0x00000000c0000000, 0x00000000d4a80000, 0x00000000eab00000)
  object space 338432K, 59% used [0x00000000c0000000,0x00000000cc583bd0,0x00000000d4a80000)
 Metaspace       used 62166K, committed 63680K, reserved 1114112K
  class space    used 6405K, committed 7040K, reserved 1048576K
}
Event: 7.578 GC heap after
{Heap after GC invocations=258 (full 3):
 PSYoungGen      total 9216K, used 1518K [0x00000000eab00000, 0x00000000eb980000, 0x0000000100000000)
  eden space 7680K, 0% used [0x00000000eab00000,0x00000000eab00000,0x00000000eb280000)
  from space 1536K, 98% used [0x00000000eb280000,0x00000000eb3fba00,0x00000000eb400000)
  to   space 3584K, 0% used [0x00000000eb600000,0x00000000eb600000,0x00000000eb980000)
 ParOldGen       total 338432K, used 203647K [0x00000000c0000000, 0x00000000d4a80000, 0x00000000eab00000)
  object space 338432K, 60% used [0x00000000c0000000,0x00000000cc6dffc8,0x00000000d4a80000)
 Metaspace       used 62166K, committed 63680K, reserved 1114112K
  class space    used 6405K, committed 7040K, reserved 1048576K
}
Event: 7.631 GC heap before
{Heap before GC invocations=259 (full 3):
 PSYoungGen      total 9216K, used 9198K [0x00000000eab00000, 0x00000000eb980000, 0x0000000100000000)
  eden space 7680K, 100% used [0x00000000eab00000,0x00000000eb280000,0x00000000eb280000)
  from space 1536K, 98% used [0x00000000eb280000,0x00000000eb3fba00,0x00000000eb400000)
  to   space 3584K, 0% used [0x00000000eb600000,0x00000000eb600000,0x00000000eb980000)
 ParOldGen       total 338432K, used 203647K [0x00000000c0000000, 0x00000000d4a80000, 0x00000000eab00000)
  object space 338432K, 60% used [0x00000000c0000000,0x00000000cc6dffc8,0x00000000d4a80000)
 Metaspace       used 62321K, committed 63808K, reserved 1114112K
  class space    used 6409K, committed 7040K, reserved 1048576K
}
Event: 7.632 GC heap after
{Heap after GC invocations=259 (full 3):
 PSYoungGen      total 8704K, used 976K [0x00000000eab00000, 0x00000000eb700000, 0x0000000100000000)
  eden space 7680K, 0% used [0x00000000eab00000,0x00000000eab00000,0x00000000eb280000)
  from space 1024K, 95% used [0x00000000eb600000,0x00000000eb6f4198,0x00000000eb700000)
  to   space 2048K, 0% used [0x00000000eb300000,0x00000000eb300000,0x00000000eb500000)
 ParOldGen       total 338432K, used 204151K [0x00000000c0000000, 0x00000000d4a80000, 0x00000000eab00000)
  object space 338432K, 60% used [0x00000000c0000000,0x00000000cc75dfc8,0x00000000d4a80000)
 Metaspace       used 62321K, committed 63808K, reserved 1114112K
  class space    used 6409K, committed 7040K, reserved 1048576K
}
Event: 7.646 GC heap before
{Heap before GC invocations=260 (full 3):
 PSYoungGen      total 8704K, used 8656K [0x00000000eab00000, 0x00000000eb700000, 0x0000000100000000)
  eden space 7680K, 100% used [0x00000000eab00000,0x00000000eb280000,0x00000000eb280000)
  from space 1024K, 95% used [0x00000000eb600000,0x00000000eb6f4198,0x00000000eb700000)
  to   space 2048K, 0% used [0x00000000eb300000,0x00000000eb300000,0x00000000eb500000)
 ParOldGen       total 338432K, used 204151K [0x00000000c0000000, 0x00000000d4a80000, 0x00000000eab00000)
  object space 338432K, 60% used [0x00000000c0000000,0x00000000cc75dfc8,0x00000000d4a80000)
 Metaspace       used 62494K, committed 64000K, reserved 1114112K
  class space    used 6427K, committed 7040K, reserved 1048576K
}
Event: 7.647 GC heap after
{Heap after GC invocations=260 (full 3):
 PSYoungGen      total 9728K, used 1078K [0x00000000eab00000, 0x00000000eb680000, 0x0000000100000000)
  eden space 7680K, 0% used [0x00000000eab00000,0x00000000eab00000,0x00000000eb280000)
  from space 2048K, 52% used [0x00000000eb300000,0x00000000eb40d808,0x00000000eb500000)
  to   space 1536K, 0% used [0x00000000eb500000,0x00000000eb500000,0x00000000eb680000)
 ParOldGen       total 338432K, used 204936K [0x00000000c0000000, 0x00000000d4a80000, 0x00000000eab00000)
  object space 338432K, 60% used [0x00000000c0000000,0x00000000cc8220e8,0x00000000d4a80000)
 Metaspace       used 62494K, committed 64000K, reserved 1114112K
  class space    used 6427K, committed 7040K, reserved 1048576K
}
Event: 7.660 GC heap before
{Heap before GC invocations=261 (full 3):
 PSYoungGen      total 9728K, used 8758K [0x00000000eab00000, 0x00000000eb680000, 0x0000000100000000)
  eden space 7680K, 100% used [0x00000000eab00000,0x00000000eb280000,0x00000000eb280000)
  from space 2048K, 52% used [0x00000000eb300000,0x00000000eb40d808,0x00000000eb500000)
  to   space 1536K, 0% used [0x00000000eb500000,0x00000000eb500000,0x00000000eb680000)
 ParOldGen       total 338432K, used 204936K [0x00000000c0000000, 0x00000000d4a80000, 0x00000000eab00000)
  object space 338432K, 60% used [0x00000000c0000000,0x00000000cc8220e8,0x00000000d4a80000)
 Metaspace       used 62547K, committed 64000K, reserved 1114112K
  class space    used 6435K, committed 7040K, reserved 1048576K
}
Event: 7.660 GC heap after
{Heap after GC invocations=261 (full 3):
 PSYoungGen      total 9216K, used 1158K [0x00000000eab00000, 0x00000000eb680000, 0x0000000100000000)
  eden space 7680K, 0% used [0x00000000eab00000,0x00000000eab00000,0x00000000eb280000)
  from space 1536K, 75% used [0x00000000eb500000,0x00000000eb6218b0,0x00000000eb680000)
  to   space 1536K, 0% used [0x00000000eb380000,0x00000000eb380000,0x00000000eb500000)
 ParOldGen       total 338432K, used 205883K [0x00000000c0000000, 0x00000000d4a80000, 0x00000000eab00000)
  object space 338432K, 60% used [0x00000000c0000000,0x00000000cc90ed20,0x00000000d4a80000)
 Metaspace       used 62547K, committed 64000K, reserved 1114112K
  class space    used 6435K, committed 7040K, reserved 1048576K
}
Event: 7.677 GC heap before
{Heap before GC invocations=262 (full 3):
 PSYoungGen      total 9216K, used 8838K [0x00000000eab00000, 0x00000000eb680000, 0x0000000100000000)
  eden space 7680K, 100% used [0x00000000eab00000,0x00000000eb280000,0x00000000eb280000)
  from space 1536K, 75% used [0x00000000eb500000,0x00000000eb6218b0,0x00000000eb680000)
  to   space 1536K, 0% used [0x00000000eb380000,0x00000000eb380000,0x00000000eb500000)
 ParOldGen       total 338432K, used 205883K [0x00000000c0000000, 0x00000000d4a80000, 0x00000000eab00000)
  object space 338432K, 60% used [0x00000000c0000000,0x00000000cc90ed20,0x00000000d4a80000)
 Metaspace       used 62669K, committed 64192K, reserved 1114112K
  class space    used 6453K, committed 7104K, reserved 1048576K
}
Event: 7.679 GC heap after
{Heap after GC invocations=262 (full 3):
 PSYoungGen      total 9216K, used 1068K [0x00000000eab00000, 0x00000000eb580000, 0x0000000100000000)
  eden space 7680K, 0% used [0x00000000eab00000,0x00000000eab00000,0x00000000eb280000)
  from space 1536K, 69% used [0x00000000eb380000,0x00000000eb48b008,0x00000000eb500000)
  to   space 512K, 0% used [0x00000000eb500000,0x00000000eb500000,0x00000000eb580000)
 ParOldGen       total 338432K, used 206731K [0x00000000c0000000, 0x00000000d4a80000, 0x00000000eab00000)
  object space 338432K, 61% used [0x00000000c0000000,0x00000000cc9e2d20,0x00000000d4a80000)
 Metaspace       used 62669K, committed 64192K, reserved 1114112K
  class space    used 6453K, committed 7104K, reserved 1048576K
}
Event: 7.725 GC heap before
{Heap before GC invocations=263 (full 3):
 PSYoungGen      total 9216K, used 8748K [0x00000000eab00000, 0x00000000eb580000, 0x0000000100000000)
  eden space 7680K, 100% used [0x00000000eab00000,0x00000000eb280000,0x00000000eb280000)
  from space 1536K, 69% used [0x00000000eb380000,0x00000000eb48b008,0x00000000eb500000)
  to   space 512K, 0% used [0x00000000eb500000,0x00000000eb500000,0x00000000eb580000)
 ParOldGen       total 338432K, used 206779K [0x00000000c0000000, 0x00000000d4a80000, 0x00000000eab00000)
  object space 338432K, 61% used [0x00000000c0000000,0x00000000cc9eee58,0x00000000d4a80000)
 Metaspace       used 62945K, committed 64448K, reserved 1114112K
  class space    used 6481K, committed 7104K, reserved 1048576K
}
Event: 7.727 GC heap after
{Heap after GC invocations=263 (full 3):
 PSYoungGen      total 8192K, used 482K [0x00000000eab00000, 0x00000000eb680000, 0x0000000100000000)
  eden space 7680K, 0% used [0x00000000eab00000,0x00000000eab00000,0x00000000eb280000)
  from space 512K, 94% used [0x00000000eb500000,0x00000000eb5788d0,0x00000000eb580000)
  to   space 2048K, 0% used [0x00000000eb280000,0x00000000eb280000,0x00000000eb480000)
 ParOldGen       total 338432K, used 207885K [0x00000000c0000000, 0x00000000d4a80000, 0x00000000eab00000)
  object space 338432K, 61% used [0x00000000c0000000,0x00000000ccb03468,0x00000000d4a80000)
 Metaspace       used 62945K, committed 64448K, reserved 1114112K
  class space    used 6481K, committed 7104K, reserved 1048576K
}
Event: 7.743 GC heap before
{Heap before GC invocations=264 (full 3):
 PSYoungGen      total 8192K, used 8162K [0x00000000eab00000, 0x00000000eb680000, 0x0000000100000000)
  eden space 7680K, 100% used [0x00000000eab00000,0x00000000eb280000,0x00000000eb280000)
  from space 512K, 94% used [0x00000000eb500000,0x00000000eb5788d0,0x00000000eb580000)
  to   space 2048K, 0% used [0x00000000eb280000,0x00000000eb280000,0x00000000eb480000)
 ParOldGen       total 338432K, used 207941K [0x00000000c0000000, 0x00000000d4a80000, 0x00000000eab00000)
  object space 338432K, 61% used [0x00000000c0000000,0x00000000ccb117c8,0x00000000d4a80000)
 Metaspace       used 63185K, committed 64768K, reserved 1114112K
  class space    used 6496K, committed 7168K, reserved 1048576K
}
Event: 7.744 GC heap after
{Heap after GC invocations=264 (full 3):
 PSYoungGen      total 9216K, used 1342K [0x00000000eab00000, 0x00000000eb580000, 0x0000000100000000)
  eden space 7680K, 0% used [0x00000000eab00000,0x00000000eab00000,0x00000000eb280000)
  from space 1536K, 87% used [0x00000000eb280000,0x00000000eb3cfbc0,0x00000000eb400000)
  to   space 1536K, 0% used [0x00000000eb400000,0x00000000eb400000,0x00000000eb580000)
 ParOldGen       total 338432K, used 208366K [0x00000000c0000000, 0x00000000d4a80000, 0x00000000eab00000)
  object space 338432K, 61% used [0x00000000c0000000,0x00000000ccb7bb28,0x00000000d4a80000)
 Metaspace       used 63185K, committed 64768K, reserved 1114112K
  class space    used 6496K, committed 7168K, reserved 1048576K
}
Event: 7.759 GC heap before
{Heap before GC invocations=265 (full 3):
 PSYoungGen      total 9216K, used 8978K [0x00000000eab00000, 0x00000000eb580000, 0x0000000100000000)
  eden space 7680K, 99% used [0x00000000eab00000,0x00000000eb274e30,0x00000000eb280000)
  from space 1536K, 87% used [0x00000000eb280000,0x00000000eb3cfbc0,0x00000000eb400000)
  to   space 1536K, 0% used [0x00000000eb400000,0x00000000eb400000,0x00000000eb580000)
 ParOldGen       total 338432K, used 208366K [0x00000000c0000000, 0x00000000d4a80000, 0x00000000eab00000)
  object space 338432K, 61% used [0x00000000c0000000,0x00000000ccb7bb28,0x00000000d4a80000)
 Metaspace       used 63434K, committed 64960K, reserved 1114112K
  class space    used 6525K, committed 7168K, reserved 1048576K
}
Event: 7.760 GC heap after
{Heap after GC invocations=265 (full 3):
 PSYoungGen      total 9216K, used 1100K [0x00000000eab00000, 0x00000000eb580000, 0x0000000100000000)
  eden space 7680K, 0% used [0x00000000eab00000,0x00000000eab00000,0x00000000eb280000)
  from space 1536K, 71% used [0x00000000eb400000,0x00000000eb513348,0x00000000eb580000)
  to   space 1536K, 0% used [0x00000000eb280000,0x00000000eb280000,0x00000000eb400000)
 ParOldGen       total 338432K, used 209286K [0x00000000c0000000, 0x00000000d4a80000, 0x00000000eab00000)
  object space 338432K, 61% used [0x00000000c0000000,0x00000000ccc61b38,0x00000000d4a80000)
 Metaspace       used 63434K, committed 64960K, reserved 1114112K
  class space    used 6525K, committed 7168K, reserved 1048576K
}
Event: 7.777 GC heap before
{Heap before GC invocations=266 (full 3):
 PSYoungGen      total 9216K, used 8780K [0x00000000eab00000, 0x00000000eb580000, 0x0000000100000000)
  eden space 7680K, 100% used [0x00000000eab00000,0x00000000eb280000,0x00000000eb280000)
  from space 1536K, 71% used [0x00000000eb400000,0x00000000eb513348,0x00000000eb580000)
  to   space 1536K, 0% used [0x00000000eb280000,0x00000000eb280000,0x00000000eb400000)
 ParOldGen       total 338432K, used 209286K [0x00000000c0000000, 0x00000000d4a80000, 0x00000000eab00000)
  object space 338432K, 61% used [0x00000000c0000000,0x00000000ccc61b38,0x00000000d4a80000)
 Metaspace       used 63605K, committed 65088K, reserved 1114112K
  class space    used 6536K, committed 7168K, reserved 1048576K
}
Event: 7.778 GC heap after
{Heap after GC invocations=266 (full 3):
 PSYoungGen      total 9216K, used 1196K [0x00000000eab00000, 0x00000000eb580000, 0x0000000100000000)
  eden space 7680K, 0% used [0x00000000eab00000,0x00000000eab00000,0x00000000eb280000)
  from space 1536K, 77% used [0x00000000eb280000,0x00000000eb3ab008,0x00000000eb400000)
  to   space 1536K, 0% used [0x00000000eb400000,0x00000000eb400000,0x00000000eb580000)
 ParOldGen       total 338432K, used 210102K [0x00000000c0000000, 0x00000000d4a80000, 0x00000000eab00000)
  object space 338432K, 62% used [0x00000000c0000000,0x00000000ccd2db38,0x00000000d4a80000)
 Metaspace       used 63605K, committed 65088K, reserved 1114112K
  class space    used 6536K, committed 7168K, reserved 1048576K
}
Event: 7.798 GC heap before
{Heap before GC invocations=267 (full 3):
 PSYoungGen      total 9216K, used 8876K [0x00000000eab00000, 0x00000000eb580000, 0x0000000100000000)
  eden space 7680K, 100% used [0x00000000eab00000,0x00000000eb280000,0x00000000eb280000)
  from space 1536K, 77% used [0x00000000eb280000,0x00000000eb3ab008,0x00000000eb400000)
  to   space 1536K, 0% used [0x00000000eb400000,0x00000000eb400000,0x00000000eb580000)
 ParOldGen       total 338432K, used 210104K [0x00000000c0000000, 0x00000000d4a80000, 0x00000000eab00000)
  object space 338432K, 62% used [0x00000000c0000000,0x00000000ccd2e298,0x00000000d4a80000)
 Metaspace       used 63723K, committed 65280K, reserved 1114112K
  class space    used 6555K, committed 7232K, reserved 1048576K
}
Event: 7.800 GC heap after
{Heap after GC invocations=267 (full 3):
 PSYoungGen      total 9216K, used 1136K [0x00000000eab00000, 0x00000000eb580000, 0x0000000100000000)
  eden space 7680K, 0% used [0x00000000eab00000,0x00000000eab00000,0x00000000eb280000)
  from space 1536K, 73% used [0x00000000eb400000,0x00000000eb51c010,0x00000000eb580000)
  to   space 1536K, 0% used [0x00000000eb280000,0x00000000eb280000,0x00000000eb400000)
 ParOldGen       total 338432K, used 211116K [0x00000000c0000000, 0x00000000d4a80000, 0x00000000eab00000)
  object space 338432K, 62% used [0x00000000c0000000,0x00000000cce2b2c0,0x00000000d4a80000)
 Metaspace       used 63723K, committed 65280K, reserved 1114112K
  class space    used 6555K, committed 7232K, reserved 1048576K
}

