# JRE version: Java(TM) SE Runtime Environment (17.0.11+7) (build 17.0.11+7-LTS-207)
# Java VM: Java HotSpot(TM) 64-Bit Server VM (17.0.11+7-LTS-207, mixed mode, sharing, tiered, compressed oops, compressed class ptrs, g1 gc, windows-amd64)
GC Precious Log:
 CPUs: 16 total, 16 available
 Memory: 15752M
 Large Page Support: Disabled
 NUMA Support: Disabled
 Compressed Oops: Enabled (Zero based)
 Heap Region Size: 2M
 Heap Min Capacity: 8M
 Heap Initial Capacity: 248M
 Heap Max Capacity: 3940M
 Pre-touch: Disabled
 Parallel Workers: 13
 Concurrent Workers: 3
 Concurrent Refinement Workers: 13
 Periodic GC: Disabled
Heap:
 garbage-first heap   total 90112K, used 52074K [0x0000000709c00000, 0x0000000800000000)
  region size 2048K, 8 young (16384K), 1 survivors (2048K)
 Metaspace       used 93967K, committed 94848K, reserved 1179648K
  class space    used 11744K, committed 12160K, reserved 1048576K
GC Heap History (20 events):
Event: 13.790 GC heap before
{Heap before GC invocations=20 (full 0):
 garbage-first heap   total 90112K, used 67183K [0x0000000709c00000, 0x0000000800000000)
  region size 2048K, 19 young (38912K), 3 survivors (6144K)
 Metaspace       used 81189K, committed 81856K, reserved 1179648K
  class space    used 10626K, committed 10944K, reserved 1048576K
}
Event: 13.794 GC heap after
{Heap after GC invocations=21 (full 0):
 garbage-first heap   total 90112K, used 39096K [0x0000000709c00000, 0x0000000800000000)
  region size 2048K, 3 young (6144K), 3 survivors (6144K)
 Metaspace       used 81189K, committed 81856K, reserved 1179648K
  class space    used 10626K, committed 10944K, reserved 1048576K
}
Event: 14.205 GC heap before
{Heap before GC invocations=21 (full 0):
 garbage-first heap   total 90112K, used 67768K [0x0000000709c00000, 0x0000000800000000)
  region size 2048K, 18 young (36864K), 3 survivors (6144K)
 Metaspace       used 86707K, committed 87424K, reserved 1179648K
  class space    used 11044K, committed 11392K, reserved 1048576K
}
Event: 14.209 GC heap after
{Heap after GC invocations=22 (full 0):
 garbage-first heap   total 90112K, used 39558K [0x0000000709c00000, 0x0000000800000000)
  region size 2048K, 2 young (4096K), 2 survivors (4096K)
 Metaspace       used 86707K, committed 87424K, reserved 1179648K
  class space    used 11044K, committed 11392K, reserved 1048576K
}
Event: 18.514 GC heap before
{Heap before GC invocations=22 (full 0):
 garbage-first heap   total 90112K, used 70278K [0x0000000709c00000, 0x0000000800000000)
  region size 2048K, 18 young (36864K), 2 survivors (4096K)
 Metaspace       used 90417K, committed 91136K, reserved 1179648K
  class space    used 11544K, committed 11904K, reserved 1048576K
}
Event: 18.516 GC heap after
{Heap after GC invocations=23 (full 0):
 garbage-first heap   total 90112K, used 40562K [0x0000000709c00000, 0x0000000800000000)
  region size 2048K, 3 young (6144K), 3 survivors (6144K)
 Metaspace       used 90417K, committed 91136K, reserved 1179648K
  class space    used 11544K, committed 11904K, reserved 1048576K
}
Event: 223.096 GC heap before
{Heap before GC invocations=23 (full 0):
 garbage-first heap   total 90112K, used 69234K [0x0000000709c00000, 0x0000000800000000)
  region size 2048K, 18 young (36864K), 3 survivors (6144K)
 Metaspace       used 91211K, committed 91968K, reserved 1179648K
  class space    used 11575K, committed 11968K, reserved 1048576K
}
Event: 223.097 GC heap after
{Heap after GC invocations=24 (full 0):
 garbage-first heap   total 90112K, used 41333K [0x0000000709c00000, 0x0000000800000000)
  region size 2048K, 2 young (4096K), 2 survivors (4096K)
 Metaspace       used 91211K, committed 91968K, reserved 1179648K
  class space    used 11575K, committed 11968K, reserved 1048576K
}
Event: 590.367 GC heap before
{Heap before GC invocations=24 (full 0):
 garbage-first heap   total 90112K, used 70005K [0x0000000709c00000, 0x0000000800000000)
  region size 2048K, 17 young (34816K), 2 survivors (4096K)
 Metaspace       used 91510K, committed 92288K, reserved 1179648K
  class space    used 11577K, committed 11968K, reserved 1048576K
}
Event: 590.369 GC heap after
{Heap after GC invocations=25 (full 0):
 garbage-first heap   total 90112K, used 41830K [0x0000000709c00000, 0x0000000800000000)
  region size 2048K, 2 young (4096K), 2 survivors (4096K)
 Metaspace       used 91510K, committed 92288K, reserved 1179648K
  class space    used 11577K, committed 11968K, reserved 1048576K
}
Event: 803.054 GC heap before
{Heap before GC invocations=25 (full 0):
 garbage-first heap   total 90112K, used 72550K [0x0000000709c00000, 0x0000000800000000)
  region size 2048K, 17 young (34816K), 2 survivors (4096K)
 Metaspace       used 91752K, committed 92544K, reserved 1179648K
  class space    used 11580K, committed 11968K, reserved 1048576K
}
Event: 803.056 GC heap after
{Heap after GC invocations=26 (full 0):
 garbage-first heap   total 90112K, used 41645K [0x0000000709c00000, 0x0000000800000000)
  region size 2048K, 2 young (4096K), 2 survivors (4096K)
 Metaspace       used 91752K, committed 92544K, reserved 1179648K
  class space    used 11580K, committed 11968K, reserved 1048576K
}
Event: 852.121 GC heap before
{Heap before GC invocations=26 (full 0):
 garbage-first heap   total 90112K, used 72365K [0x0000000709c00000, 0x0000000800000000)
  region size 2048K, 17 young (34816K), 2 survivors (4096K)
 Metaspace       used 92862K, committed 93696K, reserved 1179648K
  class space    used 11710K, committed 12096K, reserved 1048576K
}
Event: 852.122 GC heap after
{Heap after GC invocations=27 (full 0):
 garbage-first heap   total 90112K, used 41973K [0x0000000709c00000, 0x0000000800000000)
  region size 2048K, 2 young (4096K), 2 survivors (4096K)
 Metaspace       used 92862K, committed 93696K, reserved 1179648K
  class space    used 11710K, committed 12096K, reserved 1048576K
}
Event: 1143.313 GC heap before
{Heap before GC invocations=27 (full 0):
 garbage-first heap   total 90112K, used 72693K [0x0000000709c00000, 0x0000000800000000)
  region size 2048K, 17 young (34816K), 2 survivors (4096K)
 Metaspace       used 93118K, committed 93952K, reserved 1179648K
  class space    used 11714K, committed 12096K, reserved 1048576K
}
Event: 1143.315 GC heap after
{Heap after GC invocations=28 (full 0):
 garbage-first heap   total 90112K, used 42406K [0x0000000709c00000, 0x0000000800000000)
  region size 2048K, 2 young (4096K), 2 survivors (4096K)
 Metaspace       used 93118K, committed 93952K, reserved 1179648K
  class space    used 11714K, committed 12096K, reserved 1048576K
}
Event: 1270.729 GC heap before
{Heap before GC invocations=28 (full 0):
 garbage-first heap   total 90112K, used 71078K [0x0000000709c00000, 0x0000000800000000)
  region size 2048K, 17 young (34816K), 2 survivors (4096K)
 Metaspace       used 93436K, committed 94272K, reserved 1179648K
  class space    used 11721K, committed 12096K, reserved 1048576K
}
Event: 1270.731 GC heap after
{Heap after GC invocations=29 (full 0):
 garbage-first heap   total 90112K, used 42311K [0x0000000709c00000, 0x0000000800000000)
  region size 2048K, 2 young (4096K), 2 survivors (4096K)
 Metaspace       used 93436K, committed 94272K, reserved 1179648K
  class space    used 11721K, committed 12096K, reserved 1048576K
}
Event: 1569.653 GC heap before
{Heap before GC invocations=29 (full 0):
 garbage-first heap   total 90112K, used 70983K [0x0000000709c00000, 0x0000000800000000)
  region size 2048K, 17 young (34816K), 2 survivors (4096K)
 Metaspace       used 93802K, committed 94720K, reserved 1179648K
  class space    used 11728K, committed 12160K, reserved 1048576K
}
Event: 1569.655 GC heap after
{Heap after GC invocations=30 (full 0):
 garbage-first heap   total 90112K, used 41834K [0x0000000709c00000, 0x0000000800000000)
  region size 2048K, 1 young (2048K), 1 survivors (2048K)
 Metaspace       used 93802K, committed 94720K, reserved 1179648K
  class space    used 11728K, committed 12160K, reserved 1048576K
}

