# JRE version: OpenJDK Runtime Environment Temurin-21.0.6+7 (21.0.6+7) (build 21.0.6+7-LTS)
# Java VM: OpenJDK 64-Bit Server VM Temurin-21.0.6+7 (21.0.6+7-LTS, mixed mode, sharing, tiered, compressed oops, compressed class ptrs, parallel gc, windows-amd64)
GC Precious Log:
 CardTable entry size: 512
 CPUs: 16 total, 16 available
 Memory: 15752M
 Large Page Support: Disabled
 NUMA Support: Disabled
 Compressed Oops: Enabled (32-bit)
 Alignments: Space 512K, Generation 512K, Heap 2M
 Heap Min Capacity: 100M
 Heap Initial Capacity: 100M
 Heap Max Capacity: 1G
 Pre-touch: Disabled
 Parallel Workers: 13
Heap:
 PSYoungGen      total 4608K, used 1845K [0x00000000eab00000, 0x00000000eb080000, 0x0000000100000000)
  eden space 3584K, 30% used [0x00000000eab00000,0x00000000eac111a0,0x00000000eae80000)
  from space 1024K, 73% used [0x00000000eae80000,0x00000000eaf3c278,0x00000000eaf80000)
  to   space 1024K, 0% used [0x00000000eaf80000,0x00000000eaf80000,0x00000000eb080000)
 ParOldGen       total 320512K, used 320281K [0x00000000c0000000, 0x00000000d3900000, 0x00000000eab00000)
  object space 320512K, 99% used [0x00000000c0000000,0x00000000d38c6690,0x00000000d3900000)
 Metaspace       used 63955K, committed 65472K, reserved 1114112K
  class space    used 6562K, committed 7232K, reserved 1048576K
GC Heap History (20 events):
Event: 7.858 GC heap before
{Heap before GC invocations=390 (full 3):
 PSYoungGen      total 5120K, used 5120K [0x00000000eab00000, 0x00000000eb280000, 0x0000000100000000)
  eden space 4608K, 100% used [0x00000000eab00000,0x00000000eaf80000,0x00000000eaf80000)
  from space 512K, 100% used [0x00000000eb100000,0x00000000eb180000,0x00000000eb180000)
  to   space 1536K, 0% used [0x00000000eaf80000,0x00000000eaf80000,0x00000000eb100000)
 ParOldGen       total 314880K, used 314495K [0x00000000c0000000, 0x00000000d3380000, 0x00000000eab00000)
  object space 314880K, 99% used [0x00000000c0000000,0x00000000d331ff70,0x00000000d3380000)
 Metaspace       used 61926K, committed 63424K, reserved 1114112K
  class space    used 6344K, committed 6976K, reserved 1048576K
}
Event: 7.859 GC heap after
{Heap after GC invocations=390 (full 3):
 PSYoungGen      total 5632K, used 768K [0x00000000eab00000, 0x00000000eb180000, 0x0000000100000000)
  eden space 4608K, 0% used [0x00000000eab00000,0x00000000eab00000,0x00000000eaf80000)
  from space 1024K, 75% used [0x00000000eaf80000,0x00000000eb040000,0x00000000eb080000)
  to   space 1024K, 0% used [0x00000000eb080000,0x00000000eb080000,0x00000000eb180000)
 ParOldGen       total 315392K, used 314927K [0x00000000c0000000, 0x00000000d3400000, 0x00000000eab00000)
  object space 315392K, 99% used [0x00000000c0000000,0x00000000d338bf70,0x00000000d3400000)
 Metaspace       used 61926K, committed 63424K, reserved 1114112K
  class space    used 6344K, committed 6976K, reserved 1048576K
}
Event: 7.879 GC heap before
{Heap before GC invocations=391 (full 3):
 PSYoungGen      total 5632K, used 5376K [0x00000000eab00000, 0x00000000eb180000, 0x0000000100000000)
  eden space 4608K, 100% used [0x00000000eab00000,0x00000000eaf80000,0x00000000eaf80000)
  from space 1024K, 75% used [0x00000000eaf80000,0x00000000eb040000,0x00000000eb080000)
  to   space 1024K, 0% used [0x00000000eb080000,0x00000000eb080000,0x00000000eb180000)
 ParOldGen       total 315392K, used 314927K [0x00000000c0000000, 0x00000000d3400000, 0x00000000eab00000)
  object space 315392K, 99% used [0x00000000c0000000,0x00000000d338bf70,0x00000000d3400000)
 Metaspace       used 62007K, committed 63552K, reserved 1114112K
  class space    used 6355K, committed 7040K, reserved 1048576K
}
Event: 7.881 GC heap after
{Heap after GC invocations=391 (full 3):
 PSYoungGen      total 4608K, used 1022K [0x00000000eab00000, 0x00000000eb380000, 0x0000000100000000)
  eden space 3584K, 0% used [0x00000000eab00000,0x00000000eab00000,0x00000000eae80000)
  from space 1024K, 99% used [0x00000000eb080000,0x00000000eb17fa20,0x00000000eb180000)
  to   space 2048K, 0% used [0x00000000eae80000,0x00000000eae80000,0x00000000eb080000)
 ParOldGen       total 315904K, used 315667K [0x00000000c0000000, 0x00000000d3480000, 0x00000000eab00000)
  object space 315904K, 99% used [0x00000000c0000000,0x00000000d3444f70,0x00000000d3480000)
 Metaspace       used 62007K, committed 63552K, reserved 1114112K
  class space    used 6355K, committed 7040K, reserved 1048576K
}
Event: 7.920 GC heap before
{Heap before GC invocations=392 (full 3):
 PSYoungGen      total 4608K, used 4569K [0x00000000eab00000, 0x00000000eb380000, 0x0000000100000000)
  eden space 3584K, 98% used [0x00000000eab00000,0x00000000eae76b18,0x00000000eae80000)
  from space 1024K, 99% used [0x00000000eb080000,0x00000000eb17fa20,0x00000000eb180000)
  to   space 2048K, 0% used [0x00000000eae80000,0x00000000eae80000,0x00000000eb080000)
 ParOldGen       total 315904K, used 315667K [0x00000000c0000000, 0x00000000d3480000, 0x00000000eab00000)
  object space 315904K, 99% used [0x00000000c0000000,0x00000000d3444f70,0x00000000d3480000)
 Metaspace       used 62120K, committed 63680K, reserved 1114112K
  class space    used 6387K, committed 7040K, reserved 1048576K
}
Event: 7.921 GC heap after
{Heap after GC invocations=392 (full 3):
 PSYoungGen      total 4608K, used 608K [0x00000000eab00000, 0x00000000eb180000, 0x0000000100000000)
  eden space 3584K, 0% used [0x00000000eab00000,0x00000000eab00000,0x00000000eae80000)
  from space 1024K, 59% used [0x00000000eae80000,0x00000000eaf18000,0x00000000eaf80000)
  to   space 1536K, 0% used [0x00000000eb000000,0x00000000eb000000,0x00000000eb180000)
 ParOldGen       total 316416K, used 316067K [0x00000000c0000000, 0x00000000d3500000, 0x00000000eab00000)
  object space 316416K, 99% used [0x00000000c0000000,0x00000000d34a8f90,0x00000000d3500000)
 Metaspace       used 62120K, committed 63680K, reserved 1114112K
  class space    used 6387K, committed 7040K, reserved 1048576K
}
Event: 7.929 GC heap before
{Heap before GC invocations=393 (full 3):
 PSYoungGen      total 4608K, used 4192K [0x00000000eab00000, 0x00000000eb180000, 0x0000000100000000)
  eden space 3584K, 100% used [0x00000000eab00000,0x00000000eae80000,0x00000000eae80000)
  from space 1024K, 59% used [0x00000000eae80000,0x00000000eaf18000,0x00000000eaf80000)
  to   space 1536K, 0% used [0x00000000eb000000,0x00000000eb000000,0x00000000eb180000)
 ParOldGen       total 316416K, used 316067K [0x00000000c0000000, 0x00000000d3500000, 0x00000000eab00000)
  object space 316416K, 99% used [0x00000000c0000000,0x00000000d34a8f90,0x00000000d3500000)
 Metaspace       used 62135K, committed 63680K, reserved 1114112K
  class space    used 6389K, committed 7040K, reserved 1048576K
}
Event: 7.930 GC heap after
{Heap after GC invocations=393 (full 3):
 PSYoungGen      total 4608K, used 667K [0x00000000eab00000, 0x00000000eb100000, 0x0000000100000000)
  eden space 3584K, 0% used [0x00000000eab00000,0x00000000eab00000,0x00000000eae80000)
  from space 1024K, 65% used [0x00000000eb000000,0x00000000eb0a6c08,0x00000000eb100000)
  to   space 1024K, 0% used [0x00000000eae80000,0x00000000eae80000,0x00000000eaf80000)
 ParOldGen       total 316928K, used 316461K [0x00000000c0000000, 0x00000000d3580000, 0x00000000eab00000)
  object space 316928K, 99% used [0x00000000c0000000,0x00000000d350b7b0,0x00000000d3580000)
 Metaspace       used 62135K, committed 63680K, reserved 1114112K
  class space    used 6389K, committed 7040K, reserved 1048576K
}
Event: 7.984 GC heap before
{Heap before GC invocations=394 (full 3):
 PSYoungGen      total 4608K, used 4251K [0x00000000eab00000, 0x00000000eb100000, 0x0000000100000000)
  eden space 3584K, 100% used [0x00000000eab00000,0x00000000eae80000,0x00000000eae80000)
  from space 1024K, 65% used [0x00000000eb000000,0x00000000eb0a6c08,0x00000000eb100000)
  to   space 1024K, 0% used [0x00000000eae80000,0x00000000eae80000,0x00000000eaf80000)
 ParOldGen       total 316928K, used 316461K [0x00000000c0000000, 0x00000000d3580000, 0x00000000eab00000)
  object space 316928K, 99% used [0x00000000c0000000,0x00000000d350b7b0,0x00000000d3580000)
 Metaspace       used 62382K, committed 63936K, reserved 1114112K
  class space    used 6402K, committed 7040K, reserved 1048576K
}
Event: 7.985 GC heap after
{Heap after GC invocations=394 (full 3):
 PSYoungGen      total 4608K, used 416K [0x00000000eab00000, 0x00000000eb080000, 0x0000000100000000)
  eden space 3584K, 0% used [0x00000000eab00000,0x00000000eab00000,0x00000000eae80000)
  from space 1024K, 40% used [0x00000000eae80000,0x00000000eaee8000,0x00000000eaf80000)
  to   space 1024K, 0% used [0x00000000eaf80000,0x00000000eaf80000,0x00000000eb080000)
 ParOldGen       total 316928K, used 316872K [0x00000000c0000000, 0x00000000d3580000, 0x00000000eab00000)
  object space 316928K, 99% used [0x00000000c0000000,0x00000000d35723b8,0x00000000d3580000)
 Metaspace       used 62382K, committed 63936K, reserved 1114112K
  class space    used 6402K, committed 7040K, reserved 1048576K
}
Event: 8.033 GC heap before
{Heap before GC invocations=395 (full 3):
 PSYoungGen      total 4608K, used 4000K [0x00000000eab00000, 0x00000000eb080000, 0x0000000100000000)
  eden space 3584K, 100% used [0x00000000eab00000,0x00000000eae80000,0x00000000eae80000)
  from space 1024K, 40% used [0x00000000eae80000,0x00000000eaee8000,0x00000000eaf80000)
  to   space 1024K, 0% used [0x00000000eaf80000,0x00000000eaf80000,0x00000000eb080000)
 ParOldGen       total 316928K, used 316872K [0x00000000c0000000, 0x00000000d3580000, 0x00000000eab00000)
  object space 316928K, 99% used [0x00000000c0000000,0x00000000d35723b8,0x00000000d3580000)
 Metaspace       used 62696K, committed 64256K, reserved 1114112K
  class space    used 6442K, committed 7104K, reserved 1048576K
}
Event: 8.035 GC heap after
{Heap after GC invocations=395 (full 3):
 PSYoungGen      total 4096K, used 480K [0x00000000eab00000, 0x00000000eb000000, 0x0000000100000000)
  eden space 3584K, 0% used [0x00000000eab00000,0x00000000eab00000,0x00000000eae80000)
  from space 512K, 93% used [0x00000000eaf80000,0x00000000eaff8000,0x00000000eb000000)
  to   space 512K, 0% used [0x00000000eaf00000,0x00000000eaf00000,0x00000000eaf80000)
 ParOldGen       total 317440K, used 316985K [0x00000000c0000000, 0x00000000d3600000, 0x00000000eab00000)
  object space 317440K, 99% used [0x00000000c0000000,0x00000000d358e568,0x00000000d3600000)
 Metaspace       used 62696K, committed 64256K, reserved 1114112K
  class space    used 6442K, committed 7104K, reserved 1048576K
}
Event: 8.072 GC heap before
{Heap before GC invocations=396 (full 3):
 PSYoungGen      total 4096K, used 4064K [0x00000000eab00000, 0x00000000eb000000, 0x0000000100000000)
  eden space 3584K, 100% used [0x00000000eab00000,0x00000000eae80000,0x00000000eae80000)
  from space 512K, 93% used [0x00000000eaf80000,0x00000000eaff8000,0x00000000eb000000)
  to   space 512K, 0% used [0x00000000eaf00000,0x00000000eaf00000,0x00000000eaf80000)
 ParOldGen       total 317440K, used 316985K [0x00000000c0000000, 0x00000000d3600000, 0x00000000eab00000)
  object space 317440K, 99% used [0x00000000c0000000,0x00000000d358e568,0x00000000d3600000)
 Metaspace       used 62984K, committed 64512K, reserved 1114112K
  class space    used 6469K, committed 7104K, reserved 1048576K
}
Event: 8.073 GC heap after
{Heap after GC invocations=396 (full 3):
 PSYoungGen      total 4096K, used 448K [0x00000000eab00000, 0x00000000eb000000, 0x0000000100000000)
  eden space 3584K, 0% used [0x00000000eab00000,0x00000000eab00000,0x00000000eae80000)
  from space 512K, 87% used [0x00000000eaf00000,0x00000000eaf70000,0x00000000eaf80000)
  to   space 512K, 0% used [0x00000000eaf80000,0x00000000eaf80000,0x00000000eb000000)
 ParOldGen       total 317440K, used 317153K [0x00000000c0000000, 0x00000000d3600000, 0x00000000eab00000)
  object space 317440K, 99% used [0x00000000c0000000,0x00000000d35b8568,0x00000000d3600000)
 Metaspace       used 62984K, committed 64512K, reserved 1114112K
  class space    used 6469K, committed 7104K, reserved 1048576K
}
Event: 8.084 GC heap before
{Heap before GC invocations=397 (full 3):
 PSYoungGen      total 4096K, used 4032K [0x00000000eab00000, 0x00000000eb000000, 0x0000000100000000)
  eden space 3584K, 100% used [0x00000000eab00000,0x00000000eae80000,0x00000000eae80000)
  from space 512K, 87% used [0x00000000eaf00000,0x00000000eaf70000,0x00000000eaf80000)
  to   space 512K, 0% used [0x00000000eaf80000,0x00000000eaf80000,0x00000000eb000000)
 ParOldGen       total 317440K, used 317153K [0x00000000c0000000, 0x00000000d3600000, 0x00000000eab00000)
  object space 317440K, 99% used [0x00000000c0000000,0x00000000d35b8568,0x00000000d3600000)
 Metaspace       used 63176K, committed 64704K, reserved 1114112K
  class space    used 6479K, committed 7104K, reserved 1048576K
}
Event: 8.086 GC heap after
{Heap after GC invocations=397 (full 3):
 PSYoungGen      total 4096K, used 481K [0x00000000eab00000, 0x00000000eb080000, 0x0000000100000000)
  eden space 3584K, 0% used [0x00000000eab00000,0x00000000eab00000,0x00000000eae80000)
  from space 512K, 94% used [0x00000000eaf80000,0x00000000eaff8630,0x00000000eb000000)
  to   space 1024K, 0% used [0x00000000eae80000,0x00000000eae80000,0x00000000eaf80000)
 ParOldGen       total 317440K, used 317404K [0x00000000c0000000, 0x00000000d3600000, 0x00000000eab00000)
  object space 317440K, 99% used [0x00000000c0000000,0x00000000d35f70a8,0x00000000d3600000)
 Metaspace       used 63176K, committed 64704K, reserved 1114112K
  class space    used 6479K, committed 7104K, reserved 1048576K
}
Event: 8.093 GC heap before
{Heap before GC invocations=398 (full 3):
 PSYoungGen      total 4096K, used 4065K [0x00000000eab00000, 0x00000000eb080000, 0x0000000100000000)
  eden space 3584K, 100% used [0x00000000eab00000,0x00000000eae80000,0x00000000eae80000)
  from space 512K, 94% used [0x00000000eaf80000,0x00000000eaff8630,0x00000000eb000000)
  to   space 1024K, 0% used [0x00000000eae80000,0x00000000eae80000,0x00000000eaf80000)
 ParOldGen       total 317440K, used 317404K [0x00000000c0000000, 0x00000000d3600000, 0x00000000eab00000)
  object space 317440K, 99% used [0x00000000c0000000,0x00000000d35f70a8,0x00000000d3600000)
 Metaspace       used 63321K, committed 64832K, reserved 1114112K
  class space    used 6494K, committed 7168K, reserved 1048576K
}
Event: 8.095 GC heap after
{Heap after GC invocations=398 (full 3):
 PSYoungGen      total 4608K, used 571K [0x00000000eab00000, 0x00000000eb080000, 0x0000000100000000)
  eden space 3584K, 0% used [0x00000000eab00000,0x00000000eab00000,0x00000000eae80000)
  from space 1024K, 55% used [0x00000000eae80000,0x00000000eaf0ec08,0x00000000eaf80000)
  to   space 1024K, 0% used [0x00000000eaf80000,0x00000000eaf80000,0x00000000eb080000)
 ParOldGen       total 317952K, used 317732K [0x00000000c0000000, 0x00000000d3680000, 0x00000000eab00000)
  object space 317952K, 99% used [0x00000000c0000000,0x00000000d36490a8,0x00000000d3680000)
 Metaspace       used 63321K, committed 64832K, reserved 1114112K
  class space    used 6494K, committed 7168K, reserved 1048576K
}
Event: 8.109 GC heap before
{Heap before GC invocations=399 (full 3):
 PSYoungGen      total 4608K, used 4155K [0x00000000eab00000, 0x00000000eb080000, 0x0000000100000000)
  eden space 3584K, 100% used [0x00000000eab00000,0x00000000eae80000,0x00000000eae80000)
  from space 1024K, 55% used [0x00000000eae80000,0x00000000eaf0ec08,0x00000000eaf80000)
  to   space 1024K, 0% used [0x00000000eaf80000,0x00000000eaf80000,0x00000000eb080000)
 ParOldGen       total 317952K, used 317732K [0x00000000c0000000, 0x00000000d3680000, 0x00000000eab00000)
  object space 317952K, 99% used [0x00000000c0000000,0x00000000d36490a8,0x00000000d3680000)
 Metaspace       used 63471K, committed 65024K, reserved 1114112K
  class space    used 6514K, committed 7168K, reserved 1048576K
}
Event: 8.110 GC heap after
{Heap after GC invocations=399 (full 3):
 PSYoungGen      total 4608K, used 761K [0x00000000eab00000, 0x00000000eb080000, 0x0000000100000000)
  eden space 3584K, 0% used [0x00000000eab00000,0x00000000eab00000,0x00000000eae80000)
  from space 1024K, 74% used [0x00000000eaf80000,0x00000000eb03e690,0x00000000eb080000)
  to   space 1024K, 0% used [0x00000000eae80000,0x00000000eae80000,0x00000000eaf80000)
 ParOldGen       total 318464K, used 318103K [0x00000000c0000000, 0x00000000d3700000, 0x00000000eab00000)
  object space 318464K, 99% used [0x00000000c0000000,0x00000000d36a5cb0,0x00000000d3700000)
 Metaspace       used 63471K, committed 65024K, reserved 1114112K
  class space    used 6514K, committed 7168K, reserved 1048576K
}

