# JRE version: Java(TM) SE Runtime Environment (17.0.11+7) (build 17.0.11+7-LTS-207)
# Java VM: Java HotSpot(TM) 64-Bit Server VM (17.0.11+7-LTS-207, mixed mode, sharing, tiered, compressed oops, compressed class ptrs, g1 gc, windows-amd64)
GC Precious Log:
 CPUs: 16 total, 16 available
 Memory: 15752M
 Large Page Support: Disabled
 NUMA Support: Disabled
 Compressed Oops: Enabled (Zero based)
 Heap Region Size: 2M
 Heap Min Capacity: 8M
 Heap Initial Capacity: 248M
 Heap Max Capacity: 3940M
 Pre-touch: Disabled
 Parallel Workers: 13
 Concurrent Workers: 3
 Concurrent Refinement Workers: 13
 Periodic GC: Disabled
Heap:
 garbage-first heap   total 90112K, used 43668K [0x0000000709c00000, 0x0000000800000000)
  region size 2048K, 9 young (18432K), 3 survivors (6144K)
 Metaspace       used 71752K, committed 72320K, reserved 1114112K
  class space    used 9512K, committed 9792K, reserved 1048576K
GC Heap History (20 events):
Event: 1.935 GC heap before
{Heap before GC invocations=6 (full 0):
 garbage-first heap   total 55296K, used 34558K [0x0000000709c00000, 0x0000000800000000)
  region size 2048K, 10 young (20480K), 1 survivors (2048K)
 Metaspace       used 25127K, committed 25408K, reserved 1114112K
  class space    used 3120K, committed 3264K, reserved 1048576K
}
Event: 1.936 GC heap after
{Heap after GC invocations=7 (full 0):
 garbage-first heap   total 55296K, used 17167K [0x0000000709c00000, 0x0000000800000000)
  region size 2048K, 1 young (2048K), 1 survivors (2048K)
 Metaspace       used 25127K, committed 25408K, reserved 1114112K
  class space    used 3120K, committed 3264K, reserved 1048576K
}
Event: 2.262 GC heap before
{Heap before GC invocations=7 (full 0):
 garbage-first heap   total 55296K, used 35599K [0x0000000709c00000, 0x0000000800000000)
  region size 2048K, 10 young (20480K), 1 survivors (2048K)
 Metaspace       used 27789K, committed 28224K, reserved 1114112K
  class space    used 3518K, committed 3712K, reserved 1048576K
}
Event: 2.264 GC heap after
{Heap after GC invocations=8 (full 0):
 garbage-first heap   total 55296K, used 18656K [0x0000000709c00000, 0x0000000800000000)
  region size 2048K, 2 young (4096K), 2 survivors (4096K)
 Metaspace       used 27789K, committed 28224K, reserved 1114112K
  class space    used 3518K, committed 3712K, reserved 1048576K
}
Event: 2.625 GC heap before
{Heap before GC invocations=8 (full 0):
 garbage-first heap   total 55296K, used 37088K [0x0000000709c00000, 0x0000000800000000)
  region size 2048K, 11 young (22528K), 2 survivors (4096K)
 Metaspace       used 31593K, committed 32000K, reserved 1114112K
  class space    used 3984K, committed 4160K, reserved 1048576K
}
Event: 2.628 GC heap after
{Heap after GC invocations=9 (full 0):
 garbage-first heap   total 55296K, used 20058K [0x0000000709c00000, 0x0000000800000000)
  region size 2048K, 2 young (4096K), 2 survivors (4096K)
 Metaspace       used 31593K, committed 32000K, reserved 1114112K
  class space    used 3984K, committed 4160K, reserved 1048576K
}
Event: 2.905 GC heap before
{Heap before GC invocations=9 (full 0):
 garbage-first heap   total 55296K, used 36442K [0x0000000709c00000, 0x0000000800000000)
  region size 2048K, 11 young (22528K), 2 survivors (4096K)
 Metaspace       used 33545K, committed 33920K, reserved 1114112K
  class space    used 4232K, committed 4416K, reserved 1048576K
}
Event: 2.908 GC heap after
{Heap after GC invocations=10 (full 0):
 garbage-first heap   total 55296K, used 21743K [0x0000000709c00000, 0x0000000800000000)
  region size 2048K, 2 young (4096K), 2 survivors (4096K)
 Metaspace       used 33545K, committed 33920K, reserved 1114112K
  class space    used 4232K, committed 4416K, reserved 1048576K
}
Event: 3.137 GC heap before
{Heap before GC invocations=10 (full 0):
 garbage-first heap   total 55296K, used 29935K [0x0000000709c00000, 0x0000000800000000)
  region size 2048K, 7 young (14336K), 2 survivors (4096K)
 Metaspace       used 35588K, committed 35968K, reserved 1114112K
  class space    used 4438K, committed 4608K, reserved 1048576K
}
Event: 3.140 GC heap after
{Heap after GC invocations=11 (full 0):
 garbage-first heap   total 155648K, used 22511K [0x0000000709c00000, 0x0000000800000000)
  region size 2048K, 2 young (4096K), 2 survivors (4096K)
 Metaspace       used 35588K, committed 35968K, reserved 1114112K
  class space    used 4438K, committed 4608K, reserved 1048576K
}
Event: 4.209 GC heap before
{Heap before GC invocations=12 (full 0):
 garbage-first heap   total 90112K, used 71663K [0x0000000709c00000, 0x0000000800000000)
  region size 2048K, 26 young (53248K), 2 survivors (4096K)
 Metaspace       used 41427K, committed 41920K, reserved 1114112K
  class space    used 5211K, committed 5440K, reserved 1048576K
}
Event: 4.212 GC heap after
{Heap after GC invocations=13 (full 0):
 garbage-first heap   total 90112K, used 24765K [0x0000000709c00000, 0x0000000800000000)
  region size 2048K, 3 young (6144K), 3 survivors (6144K)
 Metaspace       used 41427K, committed 41920K, reserved 1114112K
  class space    used 5211K, committed 5440K, reserved 1048576K
}
Event: 5.453 GC heap before
{Heap before GC invocations=13 (full 0):
 garbage-first heap   total 90112K, used 63677K [0x0000000709c00000, 0x0000000800000000)
  region size 2048K, 23 young (47104K), 3 survivors (6144K)
 Metaspace       used 54500K, committed 55040K, reserved 1114112K
  class space    used 6967K, committed 7232K, reserved 1048576K
}
Event: 5.456 GC heap after
{Heap after GC invocations=14 (full 0):
 garbage-first heap   total 90112K, used 28089K [0x0000000709c00000, 0x0000000800000000)
  region size 2048K, 3 young (6144K), 3 survivors (6144K)
 Metaspace       used 54500K, committed 55040K, reserved 1114112K
  class space    used 6967K, committed 7232K, reserved 1048576K
}
Event: 5.731 GC heap before
{Heap before GC invocations=14 (full 0):
 garbage-first heap   total 90112K, used 46521K [0x0000000709c00000, 0x0000000800000000)
  region size 2048K, 13 young (26624K), 3 survivors (6144K)
 Metaspace       used 59569K, committed 60096K, reserved 1114112K
  class space    used 7678K, committed 7936K, reserved 1048576K
}
Event: 5.734 GC heap after
{Heap after GC invocations=15 (full 0):
 garbage-first heap   total 90112K, used 29716K [0x0000000709c00000, 0x0000000800000000)
  region size 2048K, 1 young (2048K), 1 survivors (2048K)
 Metaspace       used 59569K, committed 60096K, reserved 1114112K
  class space    used 7678K, committed 7936K, reserved 1048576K
}
Event: 6.334 GC heap before
{Heap before GC invocations=16 (full 0):
 garbage-first heap   total 90112K, used 68628K [0x0000000709c00000, 0x0000000800000000)
  region size 2048K, 20 young (40960K), 1 survivors (2048K)
 Metaspace       used 66998K, committed 67648K, reserved 1114112K
  class space    used 8858K, committed 9152K, reserved 1048576K
}
Event: 6.337 GC heap after
{Heap after GC invocations=17 (full 0):
 garbage-first heap   total 90112K, used 31150K [0x0000000709c00000, 0x0000000800000000)
  region size 2048K, 2 young (4096K), 2 survivors (4096K)
 Metaspace       used 66998K, committed 67648K, reserved 1114112K
  class space    used 8858K, committed 9152K, reserved 1048576K
}
Event: 7.052 GC heap before
{Heap before GC invocations=18 (full 0):
 garbage-first heap   total 90112K, used 65966K [0x0000000709c00000, 0x0000000800000000)
  region size 2048K, 20 young (40960K), 2 survivors (4096K)
 Metaspace       used 70875K, committed 71424K, reserved 1114112K
  class space    used 9403K, committed 9664K, reserved 1048576K
}
Event: 7.056 GC heap after
{Heap after GC invocations=19 (full 0):
 garbage-first heap   total 90112K, used 33428K [0x0000000709c00000, 0x0000000800000000)
  region size 2048K, 3 young (6144K), 3 survivors (6144K)
 Metaspace       used 70875K, committed 71424K, reserved 1114112K
  class space    used 9403K, committed 9664K, reserved 1048576K
}

