# JRE version: OpenJDK Runtime Environment Temurin-21.0.6+7 (21.0.6+7) (build 21.0.6+7-LTS)
# Java VM: OpenJDK 64-Bit Server VM Temurin-21.0.6+7 (21.0.6+7-LTS, mixed mode, sharing, tiered, compressed oops, compressed class ptrs, parallel gc, windows-amd64)
GC Precious Log:
 CardTable entry size: 512
 CPUs: 16 total, 16 available
 Memory: 15752M
 Large Page Support: Disabled
 NUMA Support: Disabled
 Compressed Oops: Enabled (32-bit)
 Alignments: Space 512K, Generation 512K, Heap 2M
 Heap Min Capacity: 100M
 Heap Initial Capacity: 100M
 Heap Max Capacity: 1G
 Pre-touch: Disabled
 Parallel Workers: 13
Heap:
 PSYoungGen      total 6144K, used 1006K [0x00000000eab00000, 0x00000000eb200000, 0x0000000100000000)
  eden space 5120K, 0% used [0x00000000eab00000,0x00000000eab00000,0x00000000eb000000)
  from space 1024K, 98% used [0x00000000eb000000,0x00000000eb0fb908,0x00000000eb100000)
  to   space 1024K, 0% used [0x00000000eb100000,0x00000000eb100000,0x00000000eb200000)
 ParOldGen       total 562688K, used 562558K [0x00000000c0000000, 0x00000000e2580000, 0x00000000eab00000)
  object space 562688K, 99% used [0x00000000c0000000,0x00000000e255f9f0,0x00000000e2580000)
 Metaspace       used 61781K, committed 63232K, reserved 1114112K
  class space    used 6312K, committed 6976K, reserved 1048576K
GC Heap History (20 events):
Event: 21.449 GC heap before
{Heap before GC invocations=1031 (full 3):
 PSYoungGen      total 6656K, used 5920K [0x00000000eab00000, 0x00000000eb280000, 0x0000000100000000)
  eden space 5120K, 100% used [0x00000000eab00000,0x00000000eb000000,0x00000000eb000000)
  from space 1536K, 52% used [0x00000000eb000000,0x00000000eb0c8000,0x00000000eb180000)
  to   space 1024K, 0% used [0x00000000eb180000,0x00000000eb180000,0x00000000eb280000)
 ParOldGen       total 553984K, used 553875K [0x00000000c0000000, 0x00000000e1d00000, 0x00000000eab00000)
  object space 553984K, 99% used [0x00000000c0000000,0x00000000e1ce4dc8,0x00000000e1d00000)
 Metaspace       used 61781K, committed 63232K, reserved 1114112K
  class space    used 6312K, committed 6976K, reserved 1048576K
}
Event: 21.450 GC heap after
{Heap after GC invocations=1031 (full 3):
 PSYoungGen      total 6144K, used 1024K [0x00000000eab00000, 0x00000000eb300000, 0x0000000100000000)
  eden space 5120K, 0% used [0x00000000eab00000,0x00000000eab00000,0x00000000eb000000)
  from space 1024K, 100% used [0x00000000eb180000,0x00000000eb280000,0x00000000eb280000)
  to   space 1536K, 0% used [0x00000000eb000000,0x00000000eb000000,0x00000000eb180000)
 ParOldGen       total 554496K, used 554491K [0x00000000c0000000, 0x00000000e1d80000, 0x00000000eab00000)
  object space 554496K, 99% used [0x00000000c0000000,0x00000000e1d7edc8,0x00000000e1d80000)
 Metaspace       used 61781K, committed 63232K, reserved 1114112K
  class space    used 6312K, committed 6976K, reserved 1048576K
}
Event: 21.460 GC heap before
{Heap before GC invocations=1032 (full 3):
 PSYoungGen      total 6144K, used 6136K [0x00000000eab00000, 0x00000000eb300000, 0x0000000100000000)
  eden space 5120K, 99% used [0x00000000eab00000,0x00000000eaffe3e0,0x00000000eb000000)
  from space 1024K, 100% used [0x00000000eb180000,0x00000000eb280000,0x00000000eb280000)
  to   space 1536K, 0% used [0x00000000eb000000,0x00000000eb000000,0x00000000eb180000)
 ParOldGen       total 554496K, used 554491K [0x00000000c0000000, 0x00000000e1d80000, 0x00000000eab00000)
  object space 554496K, 99% used [0x00000000c0000000,0x00000000e1d7edc8,0x00000000e1d80000)
 Metaspace       used 61781K, committed 63232K, reserved 1114112K
  class space    used 6312K, committed 6976K, reserved 1048576K
}
Event: 21.461 GC heap after
{Heap after GC invocations=1032 (full 3):
 PSYoungGen      total 6144K, used 872K [0x00000000eab00000, 0x00000000eb200000, 0x0000000100000000)
  eden space 5120K, 0% used [0x00000000eab00000,0x00000000eab00000,0x00000000eb000000)
  from space 1024K, 85% used [0x00000000eb000000,0x00000000eb0da030,0x00000000eb100000)
  to   space 1024K, 0% used [0x00000000eb100000,0x00000000eb100000,0x00000000eb200000)
 ParOldGen       total 555520K, used 555334K [0x00000000c0000000, 0x00000000e1e80000, 0x00000000eab00000)
  object space 555520K, 99% used [0x00000000c0000000,0x00000000e1e519e8,0x00000000e1e80000)
 Metaspace       used 61781K, committed 63232K, reserved 1114112K
  class space    used 6312K, committed 6976K, reserved 1048576K
}
Event: 21.472 GC heap before
{Heap before GC invocations=1033 (full 3):
 PSYoungGen      total 6144K, used 5992K [0x00000000eab00000, 0x00000000eb200000, 0x0000000100000000)
  eden space 5120K, 100% used [0x00000000eab00000,0x00000000eb000000,0x00000000eb000000)
  from space 1024K, 85% used [0x00000000eb000000,0x00000000eb0da030,0x00000000eb100000)
  to   space 1024K, 0% used [0x00000000eb100000,0x00000000eb100000,0x00000000eb200000)
 ParOldGen       total 555520K, used 555334K [0x00000000c0000000, 0x00000000e1e80000, 0x00000000eab00000)
  object space 555520K, 99% used [0x00000000c0000000,0x00000000e1e519e8,0x00000000e1e80000)
 Metaspace       used 61781K, committed 63232K, reserved 1114112K
  class space    used 6312K, committed 6976K, reserved 1048576K
}
Event: 21.474 GC heap after
{Heap after GC invocations=1033 (full 3):
 PSYoungGen      total 6144K, used 736K [0x00000000eab00000, 0x00000000eb200000, 0x0000000100000000)
  eden space 5120K, 0% used [0x00000000eab00000,0x00000000eab00000,0x00000000eb000000)
  from space 1024K, 71% used [0x00000000eb100000,0x00000000eb1b8000,0x00000000eb200000)
  to   space 1024K, 0% used [0x00000000eb000000,0x00000000eb000000,0x00000000eb100000)
 ParOldGen       total 556032K, used 555942K [0x00000000c0000000, 0x00000000e1f00000, 0x00000000eab00000)
  object space 556032K, 99% used [0x00000000c0000000,0x00000000e1ee99e8,0x00000000e1f00000)
 Metaspace       used 61781K, committed 63232K, reserved 1114112K
  class space    used 6312K, committed 6976K, reserved 1048576K
}
Event: 21.496 GC heap before
{Heap before GC invocations=1034 (full 3):
 PSYoungGen      total 6144K, used 5856K [0x00000000eab00000, 0x00000000eb200000, 0x0000000100000000)
  eden space 5120K, 100% used [0x00000000eab00000,0x00000000eb000000,0x00000000eb000000)
  from space 1024K, 71% used [0x00000000eb100000,0x00000000eb1b8000,0x00000000eb200000)
  to   space 1024K, 0% used [0x00000000eb000000,0x00000000eb000000,0x00000000eb100000)
 ParOldGen       total 556032K, used 555942K [0x00000000c0000000, 0x00000000e1f00000, 0x00000000eab00000)
  object space 556032K, 99% used [0x00000000c0000000,0x00000000e1ee99e8,0x00000000e1f00000)
 Metaspace       used 61781K, committed 63232K, reserved 1114112K
  class space    used 6312K, committed 6976K, reserved 1048576K
}
Event: 21.497 GC heap after
{Heap after GC invocations=1034 (full 3):
 PSYoungGen      total 6144K, used 672K [0x00000000eab00000, 0x00000000eb200000, 0x0000000100000000)
  eden space 5120K, 0% used [0x00000000eab00000,0x00000000eab00000,0x00000000eb000000)
  from space 1024K, 65% used [0x00000000eb000000,0x00000000eb0a8000,0x00000000eb100000)
  to   space 1024K, 0% used [0x00000000eb100000,0x00000000eb100000,0x00000000eb200000)
 ParOldGen       total 557568K, used 557398K [0x00000000c0000000, 0x00000000e2080000, 0x00000000eab00000)
  object space 557568K, 99% used [0x00000000c0000000,0x00000000e20559f0,0x00000000e2080000)
 Metaspace       used 61781K, committed 63232K, reserved 1114112K
  class space    used 6312K, committed 6976K, reserved 1048576K
}
Event: 21.506 GC heap before
{Heap before GC invocations=1035 (full 3):
 PSYoungGen      total 6144K, used 5792K [0x00000000eab00000, 0x00000000eb200000, 0x0000000100000000)
  eden space 5120K, 100% used [0x00000000eab00000,0x00000000eb000000,0x00000000eb000000)
  from space 1024K, 65% used [0x00000000eb000000,0x00000000eb0a8000,0x00000000eb100000)
  to   space 1024K, 0% used [0x00000000eb100000,0x00000000eb100000,0x00000000eb200000)
 ParOldGen       total 557568K, used 557398K [0x00000000c0000000, 0x00000000e2080000, 0x00000000eab00000)
  object space 557568K, 99% used [0x00000000c0000000,0x00000000e20559f0,0x00000000e2080000)
 Metaspace       used 61781K, committed 63232K, reserved 1114112K
  class space    used 6312K, committed 6976K, reserved 1048576K
}
Event: 21.507 GC heap after
{Heap after GC invocations=1035 (full 3):
 PSYoungGen      total 6144K, used 800K [0x00000000eab00000, 0x00000000eb200000, 0x0000000100000000)
  eden space 5120K, 0% used [0x00000000eab00000,0x00000000eab00000,0x00000000eb000000)
  from space 1024K, 78% used [0x00000000eb100000,0x00000000eb1c8000,0x00000000eb200000)
  to   space 1024K, 0% used [0x00000000eb000000,0x00000000eb000000,0x00000000eb100000)
 ParOldGen       total 558080K, used 557910K [0x00000000c0000000, 0x00000000e2100000, 0x00000000eab00000)
  object space 558080K, 99% used [0x00000000c0000000,0x00000000e20d59f0,0x00000000e2100000)
 Metaspace       used 61781K, committed 63232K, reserved 1114112K
  class space    used 6312K, committed 6976K, reserved 1048576K
}
Event: 21.516 GC heap before
{Heap before GC invocations=1036 (full 3):
 PSYoungGen      total 6144K, used 5920K [0x00000000eab00000, 0x00000000eb200000, 0x0000000100000000)
  eden space 5120K, 100% used [0x00000000eab00000,0x00000000eb000000,0x00000000eb000000)
  from space 1024K, 78% used [0x00000000eb100000,0x00000000eb1c8000,0x00000000eb200000)
  to   space 1024K, 0% used [0x00000000eb000000,0x00000000eb000000,0x00000000eb100000)
 ParOldGen       total 558080K, used 557910K [0x00000000c0000000, 0x00000000e2100000, 0x00000000eab00000)
  object space 558080K, 99% used [0x00000000c0000000,0x00000000e20d59f0,0x00000000e2100000)
 Metaspace       used 61781K, committed 63232K, reserved 1114112K
  class space    used 6312K, committed 6976K, reserved 1048576K
}
Event: 21.517 GC heap after
{Heap after GC invocations=1036 (full 3):
 PSYoungGen      total 6144K, used 864K [0x00000000eab00000, 0x00000000eb200000, 0x0000000100000000)
  eden space 5120K, 0% used [0x00000000eab00000,0x00000000eab00000,0x00000000eb000000)
  from space 1024K, 84% used [0x00000000eb000000,0x00000000eb0d8000,0x00000000eb100000)
  to   space 1024K, 0% used [0x00000000eb100000,0x00000000eb100000,0x00000000eb200000)
 ParOldGen       total 558592K, used 558486K [0x00000000c0000000, 0x00000000e2180000, 0x00000000eab00000)
  object space 558592K, 99% used [0x00000000c0000000,0x00000000e21659f0,0x00000000e2180000)
 Metaspace       used 61781K, committed 63232K, reserved 1114112K
  class space    used 6312K, committed 6976K, reserved 1048576K
}
Event: 21.525 GC heap before
{Heap before GC invocations=1037 (full 3):
 PSYoungGen      total 6144K, used 5984K [0x00000000eab00000, 0x00000000eb200000, 0x0000000100000000)
  eden space 5120K, 100% used [0x00000000eab00000,0x00000000eb000000,0x00000000eb000000)
  from space 1024K, 84% used [0x00000000eb000000,0x00000000eb0d8000,0x00000000eb100000)
  to   space 1024K, 0% used [0x00000000eb100000,0x00000000eb100000,0x00000000eb200000)
 ParOldGen       total 558592K, used 558486K [0x00000000c0000000, 0x00000000e2180000, 0x00000000eab00000)
  object space 558592K, 99% used [0x00000000c0000000,0x00000000e21659f0,0x00000000e2180000)
 Metaspace       used 61781K, committed 63232K, reserved 1114112K
  class space    used 6312K, committed 6976K, reserved 1048576K
}
Event: 21.526 GC heap after
{Heap after GC invocations=1037 (full 3):
 PSYoungGen      total 6144K, used 800K [0x00000000eab00000, 0x00000000eb200000, 0x0000000100000000)
  eden space 5120K, 0% used [0x00000000eab00000,0x00000000eab00000,0x00000000eb000000)
  from space 1024K, 78% used [0x00000000eb100000,0x00000000eb1c8000,0x00000000eb200000)
  to   space 1024K, 0% used [0x00000000eb000000,0x00000000eb000000,0x00000000eb100000)
 ParOldGen       total 559616K, used 559126K [0x00000000c0000000, 0x00000000e2280000, 0x00000000eab00000)
  object space 559616K, 99% used [0x00000000c0000000,0x00000000e22059f0,0x00000000e2280000)
 Metaspace       used 61781K, committed 63232K, reserved 1114112K
  class space    used 6312K, committed 6976K, reserved 1048576K
}
Event: 21.533 GC heap before
{Heap before GC invocations=1038 (full 3):
 PSYoungGen      total 6144K, used 5920K [0x00000000eab00000, 0x00000000eb200000, 0x0000000100000000)
  eden space 5120K, 100% used [0x00000000eab00000,0x00000000eb000000,0x00000000eb000000)
  from space 1024K, 78% used [0x00000000eb100000,0x00000000eb1c8000,0x00000000eb200000)
  to   space 1024K, 0% used [0x00000000eb000000,0x00000000eb000000,0x00000000eb100000)
 ParOldGen       total 559616K, used 559126K [0x00000000c0000000, 0x00000000e2280000, 0x00000000eab00000)
  object space 559616K, 99% used [0x00000000c0000000,0x00000000e22059f0,0x00000000e2280000)
 Metaspace       used 61781K, committed 63232K, reserved 1114112K
  class space    used 6312K, committed 6976K, reserved 1048576K
}
Event: 21.534 GC heap after
{Heap after GC invocations=1038 (full 3):
 PSYoungGen      total 6144K, used 960K [0x00000000eab00000, 0x00000000eb200000, 0x0000000100000000)
  eden space 5120K, 0% used [0x00000000eab00000,0x00000000eab00000,0x00000000eb000000)
  from space 1024K, 93% used [0x00000000eb000000,0x00000000eb0f0000,0x00000000eb100000)
  to   space 1024K, 0% used [0x00000000eb100000,0x00000000eb100000,0x00000000eb200000)
 ParOldGen       total 560128K, used 559774K [0x00000000c0000000, 0x00000000e2300000, 0x00000000eab00000)
  object space 560128K, 99% used [0x00000000c0000000,0x00000000e22a79f0,0x00000000e2300000)
 Metaspace       used 61781K, committed 63232K, reserved 1114112K
  class space    used 6312K, committed 6976K, reserved 1048576K
}
Event: 21.542 GC heap before
{Heap before GC invocations=1039 (full 3):
 PSYoungGen      total 6144K, used 6080K [0x00000000eab00000, 0x00000000eb200000, 0x0000000100000000)
  eden space 5120K, 100% used [0x00000000eab00000,0x00000000eb000000,0x00000000eb000000)
  from space 1024K, 93% used [0x00000000eb000000,0x00000000eb0f0000,0x00000000eb100000)
  to   space 1024K, 0% used [0x00000000eb100000,0x00000000eb100000,0x00000000eb200000)
 ParOldGen       total 560128K, used 559774K [0x00000000c0000000, 0x00000000e2300000, 0x00000000eab00000)
  object space 560128K, 99% used [0x00000000c0000000,0x00000000e22a79f0,0x00000000e2300000)
 Metaspace       used 61781K, committed 63232K, reserved 1114112K
  class space    used 6312K, committed 6976K, reserved 1048576K
}
Event: 21.543 GC heap after
{Heap after GC invocations=1039 (full 3):
 PSYoungGen      total 6144K, used 832K [0x00000000eab00000, 0x00000000eb200000, 0x0000000100000000)
  eden space 5120K, 0% used [0x00000000eab00000,0x00000000eab00000,0x00000000eb000000)
  from space 1024K, 81% used [0x00000000eb100000,0x00000000eb1d0150,0x00000000eb200000)
  to   space 1024K, 0% used [0x00000000eb000000,0x00000000eb000000,0x00000000eb100000)
 ParOldGen       total 560640K, used 560470K [0x00000000c0000000, 0x00000000e2380000, 0x00000000eab00000)
  object space 560640K, 99% used [0x00000000c0000000,0x00000000e23559f0,0x00000000e2380000)
 Metaspace       used 61781K, committed 63232K, reserved 1114112K
  class space    used 6312K, committed 6976K, reserved 1048576K
}
Event: 21.551 GC heap before
{Heap before GC invocations=1040 (full 3):
 PSYoungGen      total 6144K, used 5952K [0x00000000eab00000, 0x00000000eb200000, 0x0000000100000000)
  eden space 5120K, 100% used [0x00000000eab00000,0x00000000eb000000,0x00000000eb000000)
  from space 1024K, 81% used [0x00000000eb100000,0x00000000eb1d0150,0x00000000eb200000)
  to   space 1024K, 0% used [0x00000000eb000000,0x00000000eb000000,0x00000000eb100000)
 ParOldGen       total 560640K, used 560470K [0x00000000c0000000, 0x00000000e2380000, 0x00000000eab00000)
  object space 560640K, 99% used [0x00000000c0000000,0x00000000e23559f0,0x00000000e2380000)
 Metaspace       used 61781K, committed 63232K, reserved 1114112K
  class space    used 6312K, committed 6976K, reserved 1048576K
}
Event: 21.552 GC heap after
{Heap after GC invocations=1040 (full 3):
 PSYoungGen      total 6144K, used 960K [0x00000000eab00000, 0x00000000eb200000, 0x0000000100000000)
  eden space 5120K, 0% used [0x00000000eab00000,0x00000000eab00000,0x00000000eb000000)
  from space 1024K, 93% used [0x00000000eb000000,0x00000000eb0f0000,0x00000000eb100000)
  to   space 1024K, 0% used [0x00000000eb100000,0x00000000eb100000,0x00000000eb200000)
 ParOldGen       total 561152K, used 561134K [0x00000000c0000000, 0x00000000e2400000, 0x00000000eab00000)
  object space 561152K, 99% used [0x00000000c0000000,0x00000000e23fb9f0,0x00000000e2400000)
 Metaspace       used 61781K, committed 63232K, reserved 1114112K
  class space    used 6312K, committed 6976K, reserved 1048576K
}

