# JRE version: Java(TM) SE Runtime Environment (17.0.11+7) (build 17.0.11+7-LTS-207)
# Java VM: Java HotSpot(TM) 64-Bit Server VM (17.0.11+7-LTS-207, mixed mode, sharing, tiered, compressed oops, compressed class ptrs, g1 gc, windows-amd64)
GC Precious Log:
 CPUs: 16 total, 16 available
 Memory: 15752M
 Large Page Support: Disabled
 NUMA Support: Disabled
 Compressed Oops: Enabled (Zero based)
 Heap Region Size: 2M
 Heap Min Capacity: 8M
 Heap Initial Capacity: 248M
 Heap Max Capacity: 3940M
 Pre-touch: Disabled
 Parallel Workers: 13
 Concurrent Workers: 3
 Concurrent Refinement Workers: 13
 Periodic GC: Disabled
Heap:
 garbage-first heap   total 55296K, used 40463K [0x0000000709c00000, 0x0000000800000000)
  region size 2048K, 9 young (18432K), 2 survivors (4096K)
 Metaspace       used 55277K, committed 55808K, reserved 1114112K
  class space    used 7034K, committed 7296K, reserved 1048576K
GC Heap History (20 events):
Event: 11.282 GC heap before
{Heap before GC invocations=5 (full 0):
 garbage-first heap   total 55296K, used 34112K [0x0000000709c00000, 0x0000000800000000)
  region size 2048K, 11 young (22528K), 2 survivors (4096K)
 Metaspace       used 24752K, committed 25024K, reserved 1114112K
  class space    used 3062K, committed 3200K, reserved 1048576K
}
Event: 11.284 GC heap after
{Heap after GC invocations=6 (full 0):
 garbage-first heap   total 55296K, used 16848K [0x0000000709c00000, 0x0000000800000000)
  region size 2048K, 2 young (4096K), 2 survivors (4096K)
 Metaspace       used 24752K, committed 25024K, reserved 1114112K
  class space    used 3062K, committed 3200K, reserved 1048576K
}
Event: 11.722 GC heap before
{Heap before GC invocations=6 (full 0):
 garbage-first heap   total 55296K, used 37328K [0x0000000709c00000, 0x0000000800000000)
  region size 2048K, 12 young (24576K), 2 survivors (4096K)
 Metaspace       used 27417K, committed 27840K, reserved 1114112K
  class space    used 3452K, committed 3648K, reserved 1048576K
}
Event: 11.725 GC heap after
{Heap after GC invocations=7 (full 0):
 garbage-first heap   total 55296K, used 18422K [0x0000000709c00000, 0x0000000800000000)
  region size 2048K, 2 young (4096K), 2 survivors (4096K)
 Metaspace       used 27417K, committed 27840K, reserved 1114112K
  class space    used 3452K, committed 3648K, reserved 1048576K
}
Event: 12.189 GC heap before
{Heap before GC invocations=7 (full 0):
 garbage-first heap   total 55296K, used 36854K [0x0000000709c00000, 0x0000000800000000)
  region size 2048K, 11 young (22528K), 2 survivors (4096K)
 Metaspace       used 31356K, committed 31808K, reserved 1114112K
  class space    used 3948K, committed 4160K, reserved 1048576K
}
Event: 12.192 GC heap after
{Heap after GC invocations=8 (full 0):
 garbage-first heap   total 55296K, used 19947K [0x0000000709c00000, 0x0000000800000000)
  region size 2048K, 2 young (4096K), 2 survivors (4096K)
 Metaspace       used 31356K, committed 31808K, reserved 1114112K
  class space    used 3948K, committed 4160K, reserved 1048576K
}
Event: 12.551 GC heap before
{Heap before GC invocations=8 (full 0):
 garbage-first heap   total 55296K, used 38379K [0x0000000709c00000, 0x0000000800000000)
  region size 2048K, 11 young (22528K), 2 survivors (4096K)
 Metaspace       used 33517K, committed 33984K, reserved 1114112K
  class space    used 4228K, committed 4480K, reserved 1048576K
}
Event: 12.554 GC heap after
{Heap after GC invocations=9 (full 0):
 garbage-first heap   total 55296K, used 21433K [0x0000000709c00000, 0x0000000800000000)
  region size 2048K, 2 young (4096K), 2 survivors (4096K)
 Metaspace       used 33517K, committed 33984K, reserved 1114112K
  class space    used 4228K, committed 4480K, reserved 1048576K
}
Event: 12.811 GC heap before
{Heap before GC invocations=9 (full 0):
 garbage-first heap   total 55296K, used 31673K [0x0000000709c00000, 0x0000000800000000)
  region size 2048K, 9 young (18432K), 2 survivors (4096K)
 Metaspace       used 35530K, committed 35968K, reserved 1114112K
  class space    used 4423K, committed 4672K, reserved 1048576K
}
Event: 12.814 GC heap after
{Heap after GC invocations=10 (full 0):
 garbage-first heap   total 55296K, used 22547K [0x0000000709c00000, 0x0000000800000000)
  region size 2048K, 2 young (4096K), 2 survivors (4096K)
 Metaspace       used 35530K, committed 35968K, reserved 1114112K
  class space    used 4423K, committed 4672K, reserved 1048576K
}
Event: 13.192 GC heap before
{Heap before GC invocations=11 (full 0):
 garbage-first heap   total 55296K, used 40979K [0x0000000709c00000, 0x0000000800000000)
  region size 2048K, 11 young (22528K), 2 survivors (4096K)
 Metaspace       used 37442K, committed 37952K, reserved 1114112K
  class space    used 4637K, committed 4864K, reserved 1048576K
}
Event: 13.194 GC heap after
{Heap after GC invocations=12 (full 0):
 garbage-first heap   total 55296K, used 23422K [0x0000000709c00000, 0x0000000800000000)
  region size 2048K, 1 young (2048K), 1 survivors (2048K)
 Metaspace       used 37442K, committed 37952K, reserved 1114112K
  class space    used 4637K, committed 4864K, reserved 1048576K
}
Event: 13.580 GC heap before
{Heap before GC invocations=12 (full 0):
 garbage-first heap   total 55296K, used 41854K [0x0000000709c00000, 0x0000000800000000)
  region size 2048K, 10 young (20480K), 1 survivors (2048K)
 Metaspace       used 38540K, committed 39104K, reserved 1114112K
  class space    used 4831K, committed 5120K, reserved 1048576K
}
Event: 13.582 GC heap after
{Heap after GC invocations=13 (full 0):
 garbage-first heap   total 55296K, used 24298K [0x0000000709c00000, 0x0000000800000000)
  region size 2048K, 2 young (4096K), 2 survivors (4096K)
 Metaspace       used 38540K, committed 39104K, reserved 1114112K
  class space    used 4831K, committed 5120K, reserved 1048576K
}
Event: 14.195 GC heap before
{Heap before GC invocations=13 (full 0):
 garbage-first heap   total 55296K, used 38634K [0x0000000709c00000, 0x0000000800000000)
  region size 2048K, 10 young (20480K), 2 survivors (4096K)
 Metaspace       used 42310K, committed 42816K, reserved 1114112K
  class space    used 5365K, committed 5632K, reserved 1048576K
}
Event: 14.197 GC heap after
{Heap after GC invocations=14 (full 0):
 garbage-first heap   total 55296K, used 25189K [0x0000000709c00000, 0x0000000800000000)
  region size 2048K, 2 young (4096K), 2 survivors (4096K)
 Metaspace       used 42310K, committed 42816K, reserved 1114112K
  class space    used 5365K, committed 5632K, reserved 1048576K
}
Event: 14.676 GC heap before
{Heap before GC invocations=14 (full 0):
 garbage-first heap   total 55296K, used 39525K [0x0000000709c00000, 0x0000000800000000)
  region size 2048K, 10 young (20480K), 2 survivors (4096K)
 Metaspace       used 46112K, committed 46656K, reserved 1114112K
  class space    used 5882K, committed 6144K, reserved 1048576K
}
Event: 14.679 GC heap after
{Heap after GC invocations=15 (full 0):
 garbage-first heap   total 55296K, used 26323K [0x0000000709c00000, 0x0000000800000000)
  region size 2048K, 2 young (4096K), 2 survivors (4096K)
 Metaspace       used 46112K, committed 46656K, reserved 1114112K
  class space    used 5882K, committed 6144K, reserved 1048576K
}
Event: 16.198 GC heap before
{Heap before GC invocations=15 (full 0):
 garbage-first heap   total 55296K, used 42707K [0x0000000709c00000, 0x0000000800000000)
  region size 2048K, 10 young (20480K), 2 survivors (4096K)
 Metaspace       used 53037K, committed 53568K, reserved 1114112K
  class space    used 6782K, committed 7040K, reserved 1048576K
}
Event: 16.201 GC heap after
{Heap after GC invocations=16 (full 0):
 garbage-first heap   total 55296K, used 28175K [0x0000000709c00000, 0x0000000800000000)
  region size 2048K, 2 young (4096K), 2 survivors (4096K)
 Metaspace       used 53037K, committed 53568K, reserved 1114112K
  class space    used 6782K, committed 7040K, reserved 1048576K
}

