# JRE version: Java(TM) SE Runtime Environment (17.0.11+7) (build 17.0.11+7-LTS-207)
# Java VM: Java HotSpot(TM) 64-Bit Server VM (17.0.11+7-LTS-207, mixed mode, sharing, tiered, compressed oops, compressed class ptrs, g1 gc, windows-amd64)
GC Precious Log:
 CPUs: 16 total, 16 available
 Memory: 15752M
 Large Page Support: Disabled
 NUMA Support: Disabled
 Compressed Oops: Enabled (Zero based)
 Heap Region Size: 2M
 Heap Min Capacity: 8M
 Heap Initial Capacity: 248M
 Heap Max Capacity: 3940M
 Pre-touch: Disabled
 Parallel Workers: 13
 Concurrent Workers: 3
 Concurrent Refinement Workers: 13
 Periodic GC: Disabled
Heap:
 garbage-first heap   total 155648K, used 33045K [0x0000000709c00000, 0x0000000800000000)
  region size 2048K, 7 young (14336K), 1 survivors (2048K)
 Metaspace       used 37404K, committed 37888K, reserved 1114112K
  class space    used 4638K, committed 4864K, reserved 1048576K
GC Heap History (20 events):
Event: 0.773 GC heap before
{Heap before GC invocations=1 (full 0):
 garbage-first heap   total 253952K, used 29954K [0x0000000709c00000, 0x0000000800000000)
  region size 2048K, 13 young (26624K), 2 survivors (4096K)
 Metaspace       used 11430K, committed 11712K, reserved 1114112K
  class space    used 1376K, committed 1536K, reserved 1048576K
}
Event: 0.776 GC heap after
{Heap after GC invocations=2 (full 0):
 garbage-first heap   total 253952K, used 9220K [0x0000000709c00000, 0x0000000800000000)
  region size 2048K, 1 young (2048K), 1 survivors (2048K)
 Metaspace       used 11430K, committed 11712K, reserved 1114112K
  class space    used 1376K, committed 1536K, reserved 1048576K
}
Event: 1.371 GC heap before
{Heap before GC invocations=2 (full 0):
 garbage-first heap   total 253952K, used 52228K [0x0000000709c00000, 0x0000000800000000)
  region size 2048K, 24 young (49152K), 1 survivors (2048K)
 Metaspace       used 21193K, committed 21504K, reserved 1114112K
  class space    used 2584K, committed 2752K, reserved 1048576K
}
Event: 1.374 GC heap after
{Heap after GC invocations=3 (full 0):
 garbage-first heap   total 253952K, used 13448K [0x0000000709c00000, 0x0000000800000000)
  region size 2048K, 3 young (6144K), 3 survivors (6144K)
 Metaspace       used 21193K, committed 21504K, reserved 1114112K
  class space    used 2584K, committed 2752K, reserved 1048576K
}
Event: 1.796 GC heap before
{Heap before GC invocations=4 (full 0):
 garbage-first heap   total 55296K, used 38024K [0x0000000709c00000, 0x0000000800000000)
  region size 2048K, 16 young (32768K), 3 survivors (6144K)
 Metaspace       used 22588K, committed 22976K, reserved 1114112K
  class space    used 2750K, committed 2944K, reserved 1048576K
}
Event: 1.799 GC heap after
{Heap after GC invocations=5 (full 0):
 garbage-first heap   total 55296K, used 15294K [0x0000000709c00000, 0x0000000800000000)
  region size 2048K, 1 young (2048K), 1 survivors (2048K)
 Metaspace       used 22588K, committed 22976K, reserved 1114112K
  class space    used 2750K, committed 2944K, reserved 1048576K
}
Event: 1.816 GC heap before
{Heap before GC invocations=5 (full 0):
 garbage-first heap   total 55296K, used 17342K [0x0000000709c00000, 0x0000000800000000)
  region size 2048K, 2 young (4096K), 1 survivors (2048K)
 Metaspace       used 22645K, committed 23040K, reserved 1114112K
  class space    used 2758K, committed 2944K, reserved 1048576K
}
Event: 1.817 GC heap after
{Heap after GC invocations=6 (full 0):
 garbage-first heap   total 55296K, used 15629K [0x0000000709c00000, 0x0000000800000000)
  region size 2048K, 1 young (2048K), 1 survivors (2048K)
 Metaspace       used 22645K, committed 23040K, reserved 1114112K
  class space    used 2758K, committed 2944K, reserved 1048576K
}
Event: 2.170 GC heap before
{Heap before GC invocations=6 (full 0):
 garbage-first heap   total 55296K, used 34061K [0x0000000709c00000, 0x0000000800000000)
  region size 2048K, 10 young (20480K), 1 survivors (2048K)
 Metaspace       used 24769K, committed 25152K, reserved 1114112K
  class space    used 3063K, committed 3264K, reserved 1048576K
}
Event: 2.172 GC heap after
{Heap after GC invocations=7 (full 0):
 garbage-first heap   total 55296K, used 16657K [0x0000000709c00000, 0x0000000800000000)
  region size 2048K, 1 young (2048K), 1 survivors (2048K)
 Metaspace       used 24769K, committed 25152K, reserved 1114112K
  class space    used 3063K, committed 3264K, reserved 1048576K
}
Event: 2.543 GC heap before
{Heap before GC invocations=7 (full 0):
 garbage-first heap   total 55296K, used 37137K [0x0000000709c00000, 0x0000000800000000)
  region size 2048K, 11 young (22528K), 1 survivors (2048K)
 Metaspace       used 27605K, committed 28096K, reserved 1114112K
  class space    used 3476K, committed 3712K, reserved 1048576K
}
Event: 2.546 GC heap after
{Heap after GC invocations=8 (full 0):
 garbage-first heap   total 55296K, used 18267K [0x0000000709c00000, 0x0000000800000000)
  region size 2048K, 2 young (4096K), 2 survivors (4096K)
 Metaspace       used 27605K, committed 28096K, reserved 1114112K
  class space    used 3476K, committed 3712K, reserved 1048576K
}
Event: 2.870 GC heap before
{Heap before GC invocations=8 (full 0):
 garbage-first heap   total 55296K, used 36699K [0x0000000709c00000, 0x0000000800000000)
  region size 2048K, 11 young (22528K), 2 survivors (4096K)
 Metaspace       used 31193K, committed 31616K, reserved 1114112K
  class space    used 3913K, committed 4096K, reserved 1048576K
}
Event: 2.872 GC heap after
{Heap after GC invocations=9 (full 0):
 garbage-first heap   total 55296K, used 19681K [0x0000000709c00000, 0x0000000800000000)
  region size 2048K, 2 young (4096K), 2 survivors (4096K)
 Metaspace       used 31193K, committed 31616K, reserved 1114112K
  class space    used 3913K, committed 4096K, reserved 1048576K
}
Event: 3.168 GC heap before
{Heap before GC invocations=9 (full 0):
 garbage-first heap   total 55296K, used 38113K [0x0000000709c00000, 0x0000000800000000)
  region size 2048K, 11 young (22528K), 2 survivors (4096K)
 Metaspace       used 33098K, committed 33600K, reserved 1114112K
  class space    used 4158K, committed 4416K, reserved 1048576K
}
Event: 3.172 GC heap after
{Heap after GC invocations=10 (full 0):
 garbage-first heap   total 55296K, used 21508K [0x0000000709c00000, 0x0000000800000000)
  region size 2048K, 2 young (4096K), 2 survivors (4096K)
 Metaspace       used 33098K, committed 33600K, reserved 1114112K
  class space    used 4158K, committed 4416K, reserved 1048576K
}
Event: 3.440 GC heap before
{Heap before GC invocations=10 (full 0):
 garbage-first heap   total 55296K, used 29700K [0x0000000709c00000, 0x0000000800000000)
  region size 2048K, 8 young (16384K), 2 survivors (4096K)
 Metaspace       used 35528K, committed 35968K, reserved 1114112K
  class space    used 4409K, committed 4608K, reserved 1048576K
}
Event: 3.443 GC heap after
{Heap after GC invocations=11 (full 0):
 garbage-first heap   total 55296K, used 21992K [0x0000000709c00000, 0x0000000800000000)
  region size 2048K, 2 young (4096K), 2 survivors (4096K)
 Metaspace       used 35528K, committed 35968K, reserved 1114112K
  class space    used 4409K, committed 4608K, reserved 1048576K
}
Event: 3.684 GC heap before
{Heap before GC invocations=12 (full 0):
 garbage-first heap   total 55296K, used 38376K [0x0000000709c00000, 0x0000000800000000)
  region size 2048K, 10 young (20480K), 2 survivors (4096K)
 Metaspace       used 36909K, committed 37312K, reserved 1114112K
  class space    used 4540K, committed 4736K, reserved 1048576K
}
Event: 3.687 GC heap after
{Heap after GC invocations=13 (full 0):
 garbage-first heap   total 155648K, used 22805K [0x0000000709c00000, 0x0000000800000000)
  region size 2048K, 1 young (2048K), 1 survivors (2048K)
 Metaspace       used 36909K, committed 37312K, reserved 1114112K
  class space    used 4540K, committed 4736K, reserved 1048576K
}

