# JRE version: Java(TM) SE Runtime Environment (17.0.11+7) (build 17.0.11+7-LTS-207)
# Java VM: Java HotSpot(TM) 64-Bit Server VM (17.0.11+7-LTS-207, mixed mode, sharing, tiered, compressed oops, compressed class ptrs, g1 gc, windows-amd64)
GC Precious Log:
 CPUs: 16 total, 16 available
 Memory: 15752M
 Large Page Support: Disabled
 NUMA Support: Disabled
 Compressed Oops: Enabled (Zero based)
 Heap Region Size: 2M
 Heap Min Capacity: 8M
 Heap Initial Capacity: 248M
 Heap Max Capacity: 3940M
 Pre-touch: Disabled
 Parallel Workers: 13
 Concurrent Workers: 3
 Concurrent Refinement Workers: 13
 Periodic GC: Disabled
Heap:
 garbage-first heap   total 110592K, used 44748K [0x0000000709c00000, 0x0000000800000000)
  region size 2048K, 5 young (10240K), 2 survivors (4096K)
 Metaspace       used 90844K, committed 91648K, reserved 1179648K
  class space    used 11572K, committed 11968K, reserved 1048576K
GC Heap History (20 events):
Event: 3.440 GC heap before
{Heap before GC invocations=13 (full 0):
 garbage-first heap   total 55296K, used 24154K [0x0000000709c00000, 0x0000000800000000)
  region size 2048K, 3 young (6144K), 2 survivors (4096K)
 Metaspace       used 37506K, committed 38016K, reserved 1114112K
  class space    used 4649K, committed 4864K, reserved 1048576K
}
Event: 3.444 GC heap after
{Heap after GC invocations=14 (full 0):
 garbage-first heap   total 55296K, used 21927K [0x0000000709c00000, 0x0000000800000000)
  region size 2048K, 1 young (2048K), 1 survivors (2048K)
 Metaspace       used 37506K, committed 38016K, reserved 1114112K
  class space    used 4649K, committed 4864K, reserved 1048576K
}
Event: 3.840 GC heap before
{Heap before GC invocations=14 (full 0):
 garbage-first heap   total 55296K, used 40359K [0x0000000709c00000, 0x0000000800000000)
  region size 2048K, 10 young (20480K), 1 survivors (2048K)
 Metaspace       used 38757K, committed 39232K, reserved 1114112K
  class space    used 4860K, committed 5120K, reserved 1048576K
}
Event: 3.842 GC heap after
{Heap after GC invocations=15 (full 0):
 garbage-first heap   total 155648K, used 22746K [0x0000000709c00000, 0x0000000800000000)
  region size 2048K, 2 young (4096K), 2 survivors (4096K)
 Metaspace       used 38757K, committed 39232K, reserved 1114112K
  class space    used 4860K, committed 5120K, reserved 1048576K
}
Event: 5.502 GC heap before
{Heap before GC invocations=15 (full 0):
 garbage-first heap   total 155648K, used 90330K [0x0000000709c00000, 0x0000000800000000)
  region size 2048K, 36 young (73728K), 2 survivors (4096K)
 Metaspace       used 59628K, committed 60160K, reserved 1114112K
  class space    used 7675K, committed 7936K, reserved 1048576K
}
Event: 5.506 GC heap after
{Heap after GC invocations=16 (full 0):
 garbage-first heap   total 155648K, used 27575K [0x0000000709c00000, 0x0000000800000000)
  region size 2048K, 4 young (8192K), 4 survivors (8192K)
 Metaspace       used 59628K, committed 60160K, reserved 1114112K
  class space    used 7675K, committed 7936K, reserved 1048576K
}
Event: 6.339 GC heap before
{Heap before GC invocations=17 (full 0):
 garbage-first heap   total 110592K, used 84919K [0x0000000709c00000, 0x0000000800000000)
  region size 2048K, 32 young (65536K), 4 survivors (8192K)
 Metaspace       used 69057K, committed 69696K, reserved 1114112K
  class space    used 9124K, committed 9408K, reserved 1048576K
}
Event: 6.344 GC heap after
{Heap after GC invocations=18 (full 0):
 garbage-first heap   total 110592K, used 30596K [0x0000000709c00000, 0x0000000800000000)
  region size 2048K, 2 young (4096K), 2 survivors (4096K)
 Metaspace       used 69057K, committed 69696K, reserved 1114112K
  class space    used 9124K, committed 9408K, reserved 1048576K
}
Event: 6.405 GC heap before
{Heap before GC invocations=18 (full 0):
 garbage-first heap   total 110592K, used 32644K [0x0000000709c00000, 0x0000000800000000)
  region size 2048K, 3 young (6144K), 2 survivors (4096K)
 Metaspace       used 69420K, committed 70016K, reserved 1114112K
  class space    used 9186K, committed 9472K, reserved 1048576K
}
Event: 6.406 GC heap after
{Heap after GC invocations=19 (full 0):
 garbage-first heap   total 110592K, used 31075K [0x0000000709c00000, 0x0000000800000000)
  region size 2048K, 1 young (2048K), 1 survivors (2048K)
 Metaspace       used 69420K, committed 70016K, reserved 1114112K
  class space    used 9186K, committed 9472K, reserved 1048576K
}
Event: 7.252 GC heap before
{Heap before GC invocations=19 (full 0):
 garbage-first heap   total 110592K, used 84323K [0x0000000709c00000, 0x0000000800000000)
  region size 2048K, 27 young (55296K), 1 survivors (2048K)
 Metaspace       used 73030K, committed 73664K, reserved 1114112K
  class space    used 9680K, committed 9984K, reserved 1048576K
}
Event: 7.255 GC heap after
{Heap after GC invocations=20 (full 0):
 garbage-first heap   total 110592K, used 34337K [0x0000000709c00000, 0x0000000800000000)
  region size 2048K, 2 young (4096K), 2 survivors (4096K)
 Metaspace       used 73030K, committed 73664K, reserved 1114112K
  class space    used 9680K, committed 9984K, reserved 1048576K
}
Event: 13.340 GC heap before
{Heap before GC invocations=21 (full 0):
 garbage-first heap   total 110592K, used 83489K [0x0000000709c00000, 0x0000000800000000)
  region size 2048K, 27 young (55296K), 2 survivors (4096K)
 Metaspace       used 77721K, committed 78400K, reserved 1179648K
  class space    used 10351K, committed 10688K, reserved 1048576K
}
Event: 13.343 GC heap after
{Heap after GC invocations=22 (full 0):
 garbage-first heap   total 110592K, used 37432K [0x0000000709c00000, 0x0000000800000000)
  region size 2048K, 4 young (8192K), 4 survivors (8192K)
 Metaspace       used 77721K, committed 78400K, reserved 1179648K
  class space    used 10351K, committed 10688K, reserved 1048576K
}
Event: 13.364 GC heap before
{Heap before GC invocations=22 (full 0):
 garbage-first heap   total 110592K, used 37432K [0x0000000709c00000, 0x0000000800000000)
  region size 2048K, 5 young (10240K), 4 survivors (8192K)
 Metaspace       used 78127K, committed 78720K, reserved 1179648K
  class space    used 10398K, committed 10688K, reserved 1048576K
}
Event: 13.368 GC heap after
{Heap after GC invocations=23 (full 0):
 garbage-first heap   total 110592K, used 37932K [0x0000000709c00000, 0x0000000800000000)
  region size 2048K, 1 young (2048K), 1 survivors (2048K)
 Metaspace       used 78127K, committed 78720K, reserved 1179648K
  class space    used 10398K, committed 10688K, reserved 1048576K
}
Event: 14.079 GC heap before
{Heap before GC invocations=23 (full 0):
 garbage-first heap   total 110592K, used 85036K [0x0000000709c00000, 0x0000000800000000)
  region size 2048K, 25 young (51200K), 1 survivors (2048K)
 Metaspace       used 87181K, committed 87872K, reserved 1179648K
  class space    used 11121K, committed 11456K, reserved 1048576K
}
Event: 14.081 GC heap after
{Heap after GC invocations=24 (full 0):
 garbage-first heap   total 110592K, used 39289K [0x0000000709c00000, 0x0000000800000000)
  region size 2048K, 2 young (4096K), 2 survivors (4096K)
 Metaspace       used 87181K, committed 87872K, reserved 1179648K
  class space    used 11121K, committed 11456K, reserved 1048576K
}
Event: 23.102 GC heap before
{Heap before GC invocations=24 (full 0):
 garbage-first heap   total 110592K, used 84345K [0x0000000709c00000, 0x0000000800000000)
  region size 2048K, 25 young (51200K), 2 survivors (4096K)
 Metaspace       used 90419K, committed 91200K, reserved 1179648K
  class space    used 11524K, committed 11904K, reserved 1048576K
}
Event: 23.105 GC heap after
{Heap after GC invocations=25 (full 0):
 garbage-first heap   total 110592K, used 40652K [0x0000000709c00000, 0x0000000800000000)
  region size 2048K, 2 young (4096K), 2 survivors (4096K)
 Metaspace       used 90419K, committed 91200K, reserved 1179648K
  class space    used 11524K, committed 11904K, reserved 1048576K
}

