# JRE version: OpenJDK Runtime Environment Temurin-21.0.6+7 (21.0.6+7) (build 21.0.6+7-LTS)
# Java VM: OpenJDK 64-Bit Server VM Temurin-21.0.6+7 (21.0.6+7-LTS, mixed mode, sharing, tiered, compressed oops, compressed class ptrs, parallel gc, windows-amd64)
GC Precious Log:
 CardTable entry size: 512
 CPUs: 16 total, 16 available
 Memory: 15752M
 Large Page Support: Disabled
 NUMA Support: Disabled
 Compressed Oops: Enabled (32-bit)
 Alignments: Space 512K, Generation 512K, Heap 2M
 Heap Min Capacity: 100M
 Heap Initial Capacity: 100M
 Heap Max Capacity: 1G
 Pre-touch: Disabled
 Parallel Workers: 13
Heap:
 PSYoungGen      total 10240K, used 9091K [0x00000000eab00000, 0x00000000eb580000, 0x0000000100000000)
  eden space 9216K, 95% used [0x00000000eab00000,0x00000000eb39f4e8,0x00000000eb400000)
  from space 1024K, 37% used [0x00000000eb400000,0x00000000eb460000,0x00000000eb500000)
  to   space 512K, 0% used [0x00000000eb500000,0x00000000eb500000,0x00000000eb580000)
 ParOldGen       total 569344K, used 569271K [0x00000000c0000000, 0x00000000e2c00000, 0x00000000eab00000)
  object space 569344K, 99% used [0x00000000c0000000,0x00000000e2bedde0,0x00000000e2c00000)
 Metaspace       used 64964K, committed 66368K, reserved 1114112K
  class space    used 6650K, committed 7296K, reserved 1048576K
GC Heap History (20 events):
Event: 14.585 GC heap before
{Heap before GC invocations=1267 (full 3):
 PSYoungGen      total 10240K, used 9600K [0x00000000eab00000, 0x00000000eb700000, 0x0000000100000000)
  eden space 9216K, 100% used [0x00000000eab00000,0x00000000eb400000,0x00000000eb400000)
  from space 1024K, 37% used [0x00000000eb400000,0x00000000eb460000,0x00000000eb500000)
  to   space 512K, 0% used [0x00000000eb680000,0x00000000eb680000,0x00000000eb700000)
 ParOldGen       total 564736K, used 564459K [0x00000000c0000000, 0x00000000e2780000, 0x00000000eab00000)
  object space 564736K, 99% used [0x00000000c0000000,0x00000000e273afd0,0x00000000e2780000)
 Metaspace       used 64924K, committed 66368K, reserved 1114112K
  class space    used 6650K, committed 7296K, reserved 1048576K
}
Event: 14.587 GC heap after
{Heap after GC invocations=1267 (full 3):
 PSYoungGen      total 9728K, used 448K [0x00000000eab00000, 0x00000000eb700000, 0x0000000100000000)
  eden space 9216K, 0% used [0x00000000eab00000,0x00000000eab00000,0x00000000eb400000)
  from space 512K, 87% used [0x00000000eb680000,0x00000000eb6f0000,0x00000000eb700000)
  to   space 512K, 0% used [0x00000000eb600000,0x00000000eb600000,0x00000000eb680000)
 ParOldGen       total 564736K, used 564643K [0x00000000c0000000, 0x00000000e2780000, 0x00000000eab00000)
  object space 564736K, 99% used [0x00000000c0000000,0x00000000e2768fd0,0x00000000e2780000)
 Metaspace       used 64924K, committed 66368K, reserved 1114112K
  class space    used 6650K, committed 7296K, reserved 1048576K
}
Event: 14.594 GC heap before
{Heap before GC invocations=1268 (full 3):
 PSYoungGen      total 9728K, used 9664K [0x00000000eab00000, 0x00000000eb700000, 0x0000000100000000)
  eden space 9216K, 100% used [0x00000000eab00000,0x00000000eb400000,0x00000000eb400000)
  from space 512K, 87% used [0x00000000eb680000,0x00000000eb6f0000,0x00000000eb700000)
  to   space 512K, 0% used [0x00000000eb600000,0x00000000eb600000,0x00000000eb680000)
 ParOldGen       total 564736K, used 564643K [0x00000000c0000000, 0x00000000e2780000, 0x00000000eab00000)
  object space 564736K, 99% used [0x00000000c0000000,0x00000000e2768fd0,0x00000000e2780000)
 Metaspace       used 64929K, committed 66368K, reserved 1114112K
  class space    used 6650K, committed 7296K, reserved 1048576K
}
Event: 14.595 GC heap after
{Heap after GC invocations=1268 (full 3):
 PSYoungGen      total 9728K, used 495K [0x00000000eab00000, 0x00000000eb700000, 0x0000000100000000)
  eden space 9216K, 0% used [0x00000000eab00000,0x00000000eab00000,0x00000000eb400000)
  from space 512K, 96% used [0x00000000eb600000,0x00000000eb67bf30,0x00000000eb680000)
  to   space 512K, 0% used [0x00000000eb680000,0x00000000eb680000,0x00000000eb700000)
 ParOldGen       total 565248K, used 564923K [0x00000000c0000000, 0x00000000e2800000, 0x00000000eab00000)
  object space 565248K, 99% used [0x00000000c0000000,0x00000000e27aefd0,0x00000000e2800000)
 Metaspace       used 64929K, committed 66368K, reserved 1114112K
  class space    used 6650K, committed 7296K, reserved 1048576K
}
Event: 14.604 GC heap before
{Heap before GC invocations=1269 (full 3):
 PSYoungGen      total 9728K, used 9711K [0x00000000eab00000, 0x00000000eb700000, 0x0000000100000000)
  eden space 9216K, 100% used [0x00000000eab00000,0x00000000eb400000,0x00000000eb400000)
  from space 512K, 96% used [0x00000000eb600000,0x00000000eb67bf30,0x00000000eb680000)
  to   space 512K, 0% used [0x00000000eb680000,0x00000000eb680000,0x00000000eb700000)
 ParOldGen       total 565248K, used 564923K [0x00000000c0000000, 0x00000000e2800000, 0x00000000eab00000)
  object space 565248K, 99% used [0x00000000c0000000,0x00000000e27aefd0,0x00000000e2800000)
 Metaspace       used 64937K, committed 66368K, reserved 1114112K
  class space    used 6650K, committed 7296K, reserved 1048576K
}
Event: 14.605 GC heap after
{Heap after GC invocations=1269 (full 3):
 PSYoungGen      total 9728K, used 416K [0x00000000eab00000, 0x00000000eb700000, 0x0000000100000000)
  eden space 9216K, 0% used [0x00000000eab00000,0x00000000eab00000,0x00000000eb400000)
  from space 512K, 81% used [0x00000000eb680000,0x00000000eb6e8000,0x00000000eb700000)
  to   space 1024K, 0% used [0x00000000eb500000,0x00000000eb500000,0x00000000eb600000)
 ParOldGen       total 565248K, used 565083K [0x00000000c0000000, 0x00000000e2800000, 0x00000000eab00000)
  object space 565248K, 99% used [0x00000000c0000000,0x00000000e27d6fd0,0x00000000e2800000)
 Metaspace       used 64937K, committed 66368K, reserved 1114112K
  class space    used 6650K, committed 7296K, reserved 1048576K
}
Event: 14.612 GC heap before
{Heap before GC invocations=1270 (full 3):
 PSYoungGen      total 9728K, used 9632K [0x00000000eab00000, 0x00000000eb700000, 0x0000000100000000)
  eden space 9216K, 100% used [0x00000000eab00000,0x00000000eb400000,0x00000000eb400000)
  from space 512K, 81% used [0x00000000eb680000,0x00000000eb6e8000,0x00000000eb700000)
  to   space 1024K, 0% used [0x00000000eb500000,0x00000000eb500000,0x00000000eb600000)
 ParOldGen       total 565248K, used 565083K [0x00000000c0000000, 0x00000000e2800000, 0x00000000eab00000)
  object space 565248K, 99% used [0x00000000c0000000,0x00000000e27d6fe8,0x00000000e2800000)
 Metaspace       used 64937K, committed 66368K, reserved 1114112K
  class space    used 6650K, committed 7296K, reserved 1048576K
}
Event: 14.613 GC heap after
{Heap after GC invocations=1270 (full 3):
 PSYoungGen      total 10240K, used 559K [0x00000000eab00000, 0x00000000eb700000, 0x0000000100000000)
  eden space 9216K, 0% used [0x00000000eab00000,0x00000000eab00000,0x00000000eb400000)
  from space 1024K, 54% used [0x00000000eb500000,0x00000000eb58bf30,0x00000000eb600000)
  to   space 1024K, 0% used [0x00000000eb600000,0x00000000eb600000,0x00000000eb700000)
 ParOldGen       total 565248K, used 565211K [0x00000000c0000000, 0x00000000e2800000, 0x00000000eab00000)
  object space 565248K, 99% used [0x00000000c0000000,0x00000000e27f6fe8,0x00000000e2800000)
 Metaspace       used 64937K, committed 66368K, reserved 1114112K
  class space    used 6650K, committed 7296K, reserved 1048576K
}
Event: 14.621 GC heap before
{Heap before GC invocations=1271 (full 3):
 PSYoungGen      total 10240K, used 9775K [0x00000000eab00000, 0x00000000eb700000, 0x0000000100000000)
  eden space 9216K, 100% used [0x00000000eab00000,0x00000000eb400000,0x00000000eb400000)
  from space 1024K, 54% used [0x00000000eb500000,0x00000000eb58bf30,0x00000000eb600000)
  to   space 1024K, 0% used [0x00000000eb600000,0x00000000eb600000,0x00000000eb700000)
 ParOldGen       total 565248K, used 565215K [0x00000000c0000000, 0x00000000e2800000, 0x00000000eab00000)
  object space 565248K, 99% used [0x00000000c0000000,0x00000000e27f7ff8,0x00000000e2800000)
 Metaspace       used 64942K, committed 66368K, reserved 1114112K
  class space    used 6650K, committed 7296K, reserved 1048576K
}
Event: 14.622 GC heap after
{Heap after GC invocations=1271 (full 3):
 PSYoungGen      total 10240K, used 611K [0x00000000eab00000, 0x00000000eb700000, 0x0000000100000000)
  eden space 9216K, 0% used [0x00000000eab00000,0x00000000eab00000,0x00000000eb400000)
  from space 1024K, 59% used [0x00000000eb600000,0x00000000eb698ce0,0x00000000eb700000)
  to   space 1024K, 0% used [0x00000000eb500000,0x00000000eb500000,0x00000000eb600000)
 ParOldGen       total 565760K, used 565475K [0x00000000c0000000, 0x00000000e2880000, 0x00000000eab00000)
  object space 565760K, 99% used [0x00000000c0000000,0x00000000e2838dd8,0x00000000e2880000)
 Metaspace       used 64942K, committed 66368K, reserved 1114112K
  class space    used 6650K, committed 7296K, reserved 1048576K
}
Event: 14.628 GC heap before
{Heap before GC invocations=1272 (full 3):
 PSYoungGen      total 10240K, used 9827K [0x00000000eab00000, 0x00000000eb700000, 0x0000000100000000)
  eden space 9216K, 100% used [0x00000000eab00000,0x00000000eb400000,0x00000000eb400000)
  from space 1024K, 59% used [0x00000000eb600000,0x00000000eb698ce0,0x00000000eb700000)
  to   space 1024K, 0% used [0x00000000eb500000,0x00000000eb500000,0x00000000eb600000)
 ParOldGen       total 565760K, used 565475K [0x00000000c0000000, 0x00000000e2880000, 0x00000000eab00000)
  object space 565760K, 99% used [0x00000000c0000000,0x00000000e2838dd8,0x00000000e2880000)
 Metaspace       used 64947K, committed 66368K, reserved 1114112K
  class space    used 6650K, committed 7296K, reserved 1048576K
}
Event: 14.629 GC heap after
{Heap after GC invocations=1272 (full 3):
 PSYoungGen      total 10240K, used 416K [0x00000000eab00000, 0x00000000eb680000, 0x0000000100000000)
  eden space 9216K, 0% used [0x00000000eab00000,0x00000000eab00000,0x00000000eb400000)
  from space 1024K, 40% used [0x00000000eb500000,0x00000000eb568000,0x00000000eb600000)
  to   space 512K, 0% used [0x00000000eb600000,0x00000000eb600000,0x00000000eb680000)
 ParOldGen       total 566272K, used 565828K [0x00000000c0000000, 0x00000000e2900000, 0x00000000eab00000)
  object space 566272K, 99% used [0x00000000c0000000,0x00000000e28913f8,0x00000000e2900000)
 Metaspace       used 64947K, committed 66368K, reserved 1114112K
  class space    used 6650K, committed 7296K, reserved 1048576K
}
Event: 14.637 GC heap before
{Heap before GC invocations=1273 (full 3):
 PSYoungGen      total 10240K, used 9632K [0x00000000eab00000, 0x00000000eb680000, 0x0000000100000000)
  eden space 9216K, 100% used [0x00000000eab00000,0x00000000eb400000,0x00000000eb400000)
  from space 1024K, 40% used [0x00000000eb500000,0x00000000eb568000,0x00000000eb600000)
  to   space 512K, 0% used [0x00000000eb600000,0x00000000eb600000,0x00000000eb680000)
 ParOldGen       total 566272K, used 565828K [0x00000000c0000000, 0x00000000e2900000, 0x00000000eab00000)
  object space 566272K, 99% used [0x00000000c0000000,0x00000000e28913f8,0x00000000e2900000)
 Metaspace       used 64954K, committed 66368K, reserved 1114112K
  class space    used 6650K, committed 7296K, reserved 1048576K
}
Event: 14.638 GC heap after
{Heap after GC invocations=1273 (full 3):
 PSYoungGen      total 9728K, used 442K [0x00000000eab00000, 0x00000000eb680000, 0x0000000100000000)
  eden space 9216K, 0% used [0x00000000eab00000,0x00000000eab00000,0x00000000eb400000)
  from space 512K, 86% used [0x00000000eb600000,0x00000000eb66e938,0x00000000eb680000)
  to   space 512K, 0% used [0x00000000eb580000,0x00000000eb580000,0x00000000eb600000)
 ParOldGen       total 566272K, used 565972K [0x00000000c0000000, 0x00000000e2900000, 0x00000000eab00000)
  object space 566272K, 99% used [0x00000000c0000000,0x00000000e28b53f8,0x00000000e2900000)
 Metaspace       used 64954K, committed 66368K, reserved 1114112K
  class space    used 6650K, committed 7296K, reserved 1048576K
}
Event: 14.648 GC heap before
{Heap before GC invocations=1274 (full 3):
 PSYoungGen      total 9728K, used 9658K [0x00000000eab00000, 0x00000000eb680000, 0x0000000100000000)
  eden space 9216K, 100% used [0x00000000eab00000,0x00000000eb400000,0x00000000eb400000)
  from space 512K, 86% used [0x00000000eb600000,0x00000000eb66e938,0x00000000eb680000)
  to   space 512K, 0% used [0x00000000eb580000,0x00000000eb580000,0x00000000eb600000)
 ParOldGen       total 566272K, used 565972K [0x00000000c0000000, 0x00000000e2900000, 0x00000000eab00000)
  object space 566272K, 99% used [0x00000000c0000000,0x00000000e28b53f8,0x00000000e2900000)
 Metaspace       used 64961K, committed 66368K, reserved 1114112K
  class space    used 6650K, committed 7296K, reserved 1048576K
}
Event: 14.649 GC heap after
{Heap after GC invocations=1274 (full 3):
 PSYoungGen      total 9728K, used 481K [0x00000000eab00000, 0x00000000eb680000, 0x0000000100000000)
  eden space 9216K, 0% used [0x00000000eab00000,0x00000000eab00000,0x00000000eb400000)
  from space 512K, 94% used [0x00000000eb580000,0x00000000eb5f8648,0x00000000eb600000)
  to   space 512K, 0% used [0x00000000eb600000,0x00000000eb600000,0x00000000eb680000)
 ParOldGen       total 566272K, used 566159K [0x00000000c0000000, 0x00000000e2900000, 0x00000000eab00000)
  object space 566272K, 99% used [0x00000000c0000000,0x00000000e28e3d30,0x00000000e2900000)
 Metaspace       used 64961K, committed 66368K, reserved 1114112K
  class space    used 6650K, committed 7296K, reserved 1048576K
}
Event: 14.660 GC heap before
{Heap before GC invocations=1275 (full 3):
 PSYoungGen      total 9728K, used 9697K [0x00000000eab00000, 0x00000000eb680000, 0x0000000100000000)
  eden space 9216K, 100% used [0x00000000eab00000,0x00000000eb400000,0x00000000eb400000)
  from space 512K, 94% used [0x00000000eb580000,0x00000000eb5f8648,0x00000000eb600000)
  to   space 512K, 0% used [0x00000000eb600000,0x00000000eb600000,0x00000000eb680000)
 ParOldGen       total 566272K, used 566159K [0x00000000c0000000, 0x00000000e2900000, 0x00000000eab00000)
  object space 566272K, 99% used [0x00000000c0000000,0x00000000e28e3d30,0x00000000e2900000)
 Metaspace       used 64962K, committed 66368K, reserved 1114112K
  class space    used 6650K, committed 7296K, reserved 1048576K
}
Event: 14.662 GC heap after
{Heap after GC invocations=1275 (full 3):
 PSYoungGen      total 9728K, used 488K [0x00000000eab00000, 0x00000000eb680000, 0x0000000100000000)
  eden space 9216K, 0% used [0x00000000eab00000,0x00000000eab00000,0x00000000eb400000)
  from space 512K, 95% used [0x00000000eb600000,0x00000000eb67a0d8,0x00000000eb680000)
  to   space 1024K, 0% used [0x00000000eb480000,0x00000000eb480000,0x00000000eb580000)
 ParOldGen       total 566784K, used 566316K [0x00000000c0000000, 0x00000000e2980000, 0x00000000eab00000)
  object space 566784K, 99% used [0x00000000c0000000,0x00000000e290b248,0x00000000e2980000)
 Metaspace       used 64962K, committed 66368K, reserved 1114112K
  class space    used 6650K, committed 7296K, reserved 1048576K
}
Event: 14.670 GC heap before
{Heap before GC invocations=1276 (full 3):
 PSYoungGen      total 9728K, used 9704K [0x00000000eab00000, 0x00000000eb680000, 0x0000000100000000)
  eden space 9216K, 100% used [0x00000000eab00000,0x00000000eb400000,0x00000000eb400000)
  from space 512K, 95% used [0x00000000eb600000,0x00000000eb67a0d8,0x00000000eb680000)
  to   space 1024K, 0% used [0x00000000eb480000,0x00000000eb480000,0x00000000eb580000)
 ParOldGen       total 566784K, used 566316K [0x00000000c0000000, 0x00000000e2980000, 0x00000000eab00000)
  object space 566784K, 99% used [0x00000000c0000000,0x00000000e290b248,0x00000000e2980000)
 Metaspace       used 64964K, committed 66368K, reserved 1114112K
  class space    used 6650K, committed 7296K, reserved 1048576K
}
Event: 14.671 GC heap after
{Heap after GC invocations=1276 (full 3):
 PSYoungGen      total 10240K, used 495K [0x00000000eab00000, 0x00000000eb680000, 0x0000000100000000)
  eden space 9216K, 0% used [0x00000000eab00000,0x00000000eab00000,0x00000000eb400000)
  from space 1024K, 48% used [0x00000000eb480000,0x00000000eb4fbcc8,0x00000000eb580000)
  to   space 1024K, 0% used [0x00000000eb580000,0x00000000eb580000,0x00000000eb680000)
 ParOldGen       total 566784K, used 566586K [0x00000000c0000000, 0x00000000e2980000, 0x00000000eab00000)
  object space 566784K, 99% used [0x00000000c0000000,0x00000000e294e920,0x00000000e2980000)
 Metaspace       used 64964K, committed 66368K, reserved 1114112K
  class space    used 6650K, committed 7296K, reserved 1048576K
}

